[2020-03-19 08:25:19] production.ERROR: InvalidArgumentException: File not found at path: /var/www/flarum/js/dist/forum.js in /var/www/flarum/vendor/flarum/core/src/Frontend/Compiler/Source/FileSource.php:27
Stack trace:
#0 /var/www/flarum/vendor/flarum/core/src/Frontend/Compiler/Source/SourceCollector.php(25): Flarum\Frontend\Compiler\Source\FileSource->__construct('/var/www/flarum...')
#1 /var/www/flarum/vendor/flarum/core/src/Extend/Frontend.php(93): Flarum\Frontend\Compiler\Source\SourceCollector->addFile('/var/www/flarum...')
#2 /var/www/flarum/vendor/flarum/core/src/Frontend/Assets.php(98): Flarum\Extend\Frontend->Flarum\Extend\{closure}(Object(Flarum\Frontend\Compiler\Source\SourceCollector), NULL)
#3 /var/www/flarum/vendor/flarum/core/src/Frontend/Compiler/RevisionCompiler.php(111): Flarum\Frontend\Assets->Flarum\Frontend\{closure}(Object(Flarum\Frontend\Compiler\Source\SourceCollector))
#4 /var/www/flarum/vendor/flarum/core/src/Frontend/Compiler/RevisionCompiler.php(69): Flarum\Frontend\Compiler\RevisionCompiler->getSources()
#5 /var/www/flarum/vendor/flarum/core/src/Frontend/Content/Assets.php(58): Flarum\Frontend\Compiler\RevisionCompiler->commit()
#6 /var/www/flarum/vendor/flarum/core/src/Frontend/Content/Assets.php(48): Flarum\Frontend\Content\Assets->commit(Array)
#7 /var/www/flarum/vendor/flarum/core/src/Frontend/Frontend.php(63): Flarum\Frontend\Content\Assets->__invoke(Object(Flarum\Frontend\Document), Object(Laminas\Diactoros\ServerRequest))
#8 /var/www/flarum/vendor/flarum/core/src/Frontend/Frontend.php(55): Flarum\Frontend\Frontend->populate(Object(Flarum\Frontend\Document), Object(Laminas\Diactoros\ServerRequest))
#9 /var/www/flarum/vendor/flarum/core/src/Frontend/Controller.php(32): Flarum\Frontend\Frontend->document(Object(Laminas\Diactoros\ServerRequest))
#10 /var/www/flarum/vendor/flarum/core/src/Http/RouteHandlerFactory.php(38): Flarum\Frontend\Controller->handle(Object(Laminas\Diactoros\ServerRequest))
#11 /var/www/flarum/vendor/flarum/core/src/Http/Middleware/DispatchRoute.php(65): Flarum\Http\RouteHandlerFactory->Flarum\Http\{closure}(Object(Laminas\Diactoros\ServerRequest), Array)
#12 /var/www/flarum/vendor/laminas/laminas-stratigility/src/Next.php(61): Flarum\Http\Middleware\DispatchRoute->process(Object(Laminas\Diactoros\ServerRequest), Object(Closure))
#13 /var/www/flarum/vendor/flarum/core/src/Http/Middleware/ShareErrorsFromSession.php(56): Laminas\Stratigility\Next->handle(Object(Laminas\Diactoros\ServerRequest))
#14 /var/www/flarum/vendor/laminas/laminas-stratigility/src/Next.php(61): Flarum\Http\Middleware\ShareErrorsFromSession->process(Object(Laminas\Diactoros\ServerRequest), Object(Laminas\Stratigility\Next))
#15 /var/www/flarum/vendor/flarum/core/src/Http/Middleware/SetLocale.php(50): Laminas\Stratigility\Next->handle(Object(Laminas\Diactoros\ServerRequest))
#16 /var/www/flarum/vendor/laminas/laminas-stratigility/src/Next.php(61): Flarum\Http\Middleware\SetLocale->process(Object(Laminas\Diactoros\ServerRequest), Object(Laminas\Stratigility\Next))
#17 /var/www/flarum/vendor/flarum/core/src/Http/Middleware/CheckCsrfToken.php(23): Laminas\Stratigility\Next->handle(Object(Laminas\Diactoros\ServerRequest))
#18 /var/www/flarum/vendor/laminas/laminas-stratigility/src/Next.php(61): Flarum\Http\Middleware\CheckCsrfToken->process(Object(Laminas\Diactoros\ServerRequest), Object(Laminas\Stratigility\Next))
#19 /var/www/flarum/vendor/flarum/core/src/Http/Middleware/AuthenticateWithSession.php(32): Laminas\Stratigility\Next->handle(Object(Laminas\Diactoros\ServerRequest))
#20 /var/www/flarum/vendor/laminas/laminas-stratigility/src/Next.php(61): Flarum\Http\Middleware\AuthenticateWithSession->process(Object(Laminas\Diactoros\ServerRequest), Object(Laminas\Stratigility\Next))
#21 /var/www/flarum/vendor/flarum/core/src/Http/Middleware/RememberFromCookie.php(51): Laminas\Stratigility\Next->handle(Object(Laminas\Diactoros\ServerRequest))
#22 /var/www/flarum/vendor/laminas/laminas-stratigility/src/Next.php(61): Flarum\Http\Middleware\RememberFromCookie->process(Object(Laminas\Diactoros\ServerRequest), Object(Laminas\Stratigility\Next))
#23 /var/www/flarum/vendor/flarum/core/src/Http/Middleware/StartSession.php(61): Laminas\Stratigility\Next->handle(Object(Laminas\Diactoros\ServerRequest))
#24 /var/www/flarum/vendor/laminas/laminas-stratigility/src/Next.php(61): Flarum\Http\Middleware\StartSession->process(Object(Laminas\Diactoros\ServerRequest), Object(Laminas\Stratigility\Next))
#25 /var/www/flarum/vendor/flarum/core/src/Http/Middleware/CollectGarbage.php(46): Laminas\Stratigility\Next->handle(Object(Laminas\Diactoros\ServerRequest))
#26 /var/www/flarum/vendor/laminas/laminas-stratigility/src/Next.php(61): Flarum\Http\Middleware\CollectGarbage->process(Object(Laminas\Diactoros\ServerRequest), Object(Laminas\Stratigility\Next))
#27 /var/www/flarum/vendor/flarum/core/src/Http/Middleware/ParseJsonBody.php(28): Laminas\Stratigility\Next->handle(Object(Laminas\Diactoros\ServerRequest))
#28 /var/www/flarum/vendor/laminas/laminas-stratigility/src/Next.php(61): Flarum\Http\Middleware\ParseJsonBody->process(Object(Laminas\Diactoros\ServerRequest), Object(Laminas\Stratigility\Next))
#29 /var/www/flarum/vendor/flarum/core/src/Http/Middleware/HandleErrors.php(57): Laminas\Stratigility\Next->handle(Object(Laminas\Diactoros\ServerRequest))
#30 /var/www/flarum/vendor/laminas/laminas-stratigility/src/Next.php(61): Flarum\Http\Middleware\HandleErrors->process(Object(Laminas\Diactoros\ServerRequest), Object(Laminas\Stratigility\Next))
#31 /var/www/flarum/vendor/laminas/laminas-stratigility/src/MiddlewarePipe.php(84): Laminas\Stratigility\Next->handle(Object(Laminas\Diactoros\ServerRequest))
#32 /var/www/flarum/vendor/middlewares/request-handler/src/RequestHandler.php(84): Laminas\Stratigility\MiddlewarePipe->process(Object(Laminas\Diactoros\ServerRequest), Object(Laminas\Stratigility\Next))
#33 /var/www/flarum/vendor/laminas/laminas-stratigility/src/Next.php(61): Middlewares\RequestHandler->process(Object(Laminas\Diactoros\ServerRequest), Object(Laminas\Stratigility\Next))
#34 /var/www/flarum/vendor/middlewares/base-path-router/src/BasePathRouter.php(97): Laminas\Stratigility\Next->handle(Object(Laminas\Diactoros\ServerRequest))
#35 /var/www/flarum/vendor/laminas/laminas-stratigility/src/Next.php(61): Middlewares\BasePathRouter->process(Object(Laminas\Diactoros\ServerRequest), Object(Laminas\Stratigility\Next))
#36 /var/www/flarum/vendor/laminas/laminas-stratigility/src/Middleware/OriginalMessages.php(42): Laminas\Stratigility\Next->handle(Object(Laminas\Diactoros\ServerRequest))
#37 /var/www/flarum/vendor/laminas/laminas-stratigility/src/Next.php(61): Laminas\Stratigility\Middleware\OriginalMessages->process(Object(Laminas\Diactoros\ServerRequest), Object(Laminas\Stratigility\Next))
#38 /var/www/flarum/vendor/middlewares/base-path/src/BasePath.php(53): Laminas\Stratigility\Next->handle(Object(Laminas\Diactoros\ServerRequest))
#39 /var/www/flarum/vendor/laminas/laminas-stratigility/src/Next.php(61): Middlewares\BasePath->process(Object(Laminas\Diactoros\ServerRequest), Object(Laminas\Stratigility\Next))
#40 /var/www/flarum/vendor/laminas/laminas-stratigility/src/MiddlewarePipe.php(84): Laminas\Stratigility\Next->handle(Object(Laminas\Diactoros\ServerRequest))
#41 /var/www/flarum/vendor/laminas/laminas-stratigility/src/MiddlewarePipe.php(73): Laminas\Stratigility\MiddlewarePipe->process(Object(Laminas\Diactoros\ServerRequest), Object(Laminas\Stratigility\EmptyPipelineHandler))
#42 /var/www/flarum/vendor/laminas/laminas-httphandlerrunner/src/RequestHandlerRunner.php(96): Laminas\Stratigility\MiddlewarePipe->handle(Object(Laminas\Diactoros\ServerRequest))
#43 /var/www/flarum/vendor/flarum/core/src/Http/Server.php(42): Laminas\HttpHandlerRunner\RequestHandlerRunner->run()
#44 /var/www/flarum/public/index.php(26): Flarum\Http\Server->listen()
#45 {main}  
[2020-03-19 08:25:42] production.ERROR: InvalidArgumentException: File not found at path: /var/www/flarum/my_estensions/js/dist/forum.js in /var/www/flarum/vendor/flarum/core/src/Frontend/Compiler/Source/FileSource.php:27
Stack trace:
#0 /var/www/flarum/vendor/flarum/core/src/Frontend/Compiler/Source/SourceCollector.php(25): Flarum\Frontend\Compiler\Source\FileSource->__construct('/var/www/flarum...')
#1 /var/www/flarum/vendor/flarum/core/src/Extend/Frontend.php(93): Flarum\Frontend\Compiler\Source\SourceCollector->addFile('/var/www/flarum...')
#2 /var/www/flarum/vendor/flarum/core/src/Frontend/Assets.php(98): Flarum\Extend\Frontend->Flarum\Extend\{closure}(Object(Flarum\Frontend\Compiler\Source\SourceCollector), NULL)
#3 /var/www/flarum/vendor/flarum/core/src/Frontend/Compiler/RevisionCompiler.php(111): Flarum\Frontend\Assets->Flarum\Frontend\{closure}(Object(Flarum\Frontend\Compiler\Source\SourceCollector))
#4 /var/www/flarum/vendor/flarum/core/src/Frontend/Compiler/RevisionCompiler.php(69): Flarum\Frontend\Compiler\RevisionCompiler->getSources()
#5 /var/www/flarum/vendor/flarum/core/src/Frontend/Content/Assets.php(58): Flarum\Frontend\Compiler\RevisionCompiler->commit()
#6 /var/www/flarum/vendor/flarum/core/src/Frontend/Content/Assets.php(48): Flarum\Frontend\Content\Assets->commit(Array)
#7 /var/www/flarum/vendor/flarum/core/src/Frontend/Frontend.php(63): Flarum\Frontend\Content\Assets->__invoke(Object(Flarum\Frontend\Document), Object(Laminas\Diactoros\ServerRequest))
#8 /var/www/flarum/vendor/flarum/core/src/Frontend/Frontend.php(55): Flarum\Frontend\Frontend->populate(Object(Flarum\Frontend\Document), Object(Laminas\Diactoros\ServerRequest))
#9 /var/www/flarum/vendor/flarum/core/src/Frontend/Controller.php(32): Flarum\Frontend\Frontend->document(Object(Laminas\Diactoros\ServerRequest))
#10 /var/www/flarum/vendor/flarum/core/src/Http/RouteHandlerFactory.php(38): Flarum\Frontend\Controller->handle(Object(Laminas\Diactoros\ServerRequest))
#11 /var/www/flarum/vendor/flarum/core/src/Http/Middleware/DispatchRoute.php(65): Flarum\Http\RouteHandlerFactory->Flarum\Http\{closure}(Object(Laminas\Diactoros\ServerRequest), Array)
#12 /var/www/flarum/vendor/laminas/laminas-stratigility/src/Next.php(61): Flarum\Http\Middleware\DispatchRoute->process(Object(Laminas\Diactoros\ServerRequest), Object(Closure))
#13 /var/www/flarum/vendor/flarum/core/src/Http/Middleware/ShareErrorsFromSession.php(56): Laminas\Stratigility\Next->handle(Object(Laminas\Diactoros\ServerRequest))
#14 /var/www/flarum/vendor/laminas/laminas-stratigility/src/Next.php(61): Flarum\Http\Middleware\ShareErrorsFromSession->process(Object(Laminas\Diactoros\ServerRequest), Object(Laminas\Stratigility\Next))
#15 /var/www/flarum/vendor/flarum/core/src/Http/Middleware/SetLocale.php(50): Laminas\Stratigility\Next->handle(Object(Laminas\Diactoros\ServerRequest))
#16 /var/www/flarum/vendor/laminas/laminas-stratigility/src/Next.php(61): Flarum\Http\Middleware\SetLocale->process(Object(Laminas\Diactoros\ServerRequest), Object(Laminas\Stratigility\Next))
#17 /var/www/flarum/vendor/flarum/core/src/Http/Middleware/CheckCsrfToken.php(23): Laminas\Stratigility\Next->handle(Object(Laminas\Diactoros\ServerRequest))
#18 /var/www/flarum/vendor/laminas/laminas-stratigility/src/Next.php(61): Flarum\Http\Middleware\CheckCsrfToken->process(Object(Laminas\Diactoros\ServerRequest), Object(Laminas\Stratigility\Next))
#19 /var/www/flarum/vendor/flarum/core/src/Http/Middleware/AuthenticateWithSession.php(32): Laminas\Stratigility\Next->handle(Object(Laminas\Diactoros\ServerRequest))
#20 /var/www/flarum/vendor/laminas/laminas-stratigility/src/Next.php(61): Flarum\Http\Middleware\AuthenticateWithSession->process(Object(Laminas\Diactoros\ServerRequest), Object(Laminas\Stratigility\Next))
#21 /var/www/flarum/vendor/flarum/core/src/Http/Middleware/RememberFromCookie.php(51): Laminas\Stratigility\Next->handle(Object(Laminas\Diactoros\ServerRequest))
#22 /var/www/flarum/vendor/laminas/laminas-stratigility/src/Next.php(61): Flarum\Http\Middleware\RememberFromCookie->process(Object(Laminas\Diactoros\ServerRequest), Object(Laminas\Stratigility\Next))
#23 /var/www/flarum/vendor/flarum/core/src/Http/Middleware/StartSession.php(61): Laminas\Stratigility\Next->handle(Object(Laminas\Diactoros\ServerRequest))
#24 /var/www/flarum/vendor/laminas/laminas-stratigility/src/Next.php(61): Flarum\Http\Middleware\StartSession->process(Object(Laminas\Diactoros\ServerRequest), Object(Laminas\Stratigility\Next))
#25 /var/www/flarum/vendor/flarum/core/src/Http/Middleware/CollectGarbage.php(46): Laminas\Stratigility\Next->handle(Object(Laminas\Diactoros\ServerRequest))
#26 /var/www/flarum/vendor/laminas/laminas-stratigility/src/Next.php(61): Flarum\Http\Middleware\CollectGarbage->process(Object(Laminas\Diactoros\ServerRequest), Object(Laminas\Stratigility\Next))
#27 /var/www/flarum/vendor/flarum/core/src/Http/Middleware/ParseJsonBody.php(28): Laminas\Stratigility\Next->handle(Object(Laminas\Diactoros\ServerRequest))
#28 /var/www/flarum/vendor/laminas/laminas-stratigility/src/Next.php(61): Flarum\Http\Middleware\ParseJsonBody->process(Object(Laminas\Diactoros\ServerRequest), Object(Laminas\Stratigility\Next))
#29 /var/www/flarum/vendor/flarum/core/src/Http/Middleware/HandleErrors.php(57): Laminas\Stratigility\Next->handle(Object(Laminas\Diactoros\ServerRequest))
#30 /var/www/flarum/vendor/laminas/laminas-stratigility/src/Next.php(61): Flarum\Http\Middleware\HandleErrors->process(Object(Laminas\Diactoros\ServerRequest), Object(Laminas\Stratigility\Next))
#31 /var/www/flarum/vendor/laminas/laminas-stratigility/src/MiddlewarePipe.php(84): Laminas\Stratigility\Next->handle(Object(Laminas\Diactoros\ServerRequest))
#32 /var/www/flarum/vendor/middlewares/request-handler/src/RequestHandler.php(84): Laminas\Stratigility\MiddlewarePipe->process(Object(Laminas\Diactoros\ServerRequest), Object(Laminas\Stratigility\Next))
#33 /var/www/flarum/vendor/laminas/laminas-stratigility/src/Next.php(61): Middlewares\RequestHandler->process(Object(Laminas\Diactoros\ServerRequest), Object(Laminas\Stratigility\Next))
#34 /var/www/flarum/vendor/middlewares/base-path-router/src/BasePathRouter.php(97): Laminas\Stratigility\Next->handle(Object(Laminas\Diactoros\ServerRequest))
#35 /var/www/flarum/vendor/laminas/laminas-stratigility/src/Next.php(61): Middlewares\BasePathRouter->process(Object(Laminas\Diactoros\ServerRequest), Object(Laminas\Stratigility\Next))
#36 /var/www/flarum/vendor/laminas/laminas-stratigility/src/Middleware/OriginalMessages.php(42): Laminas\Stratigility\Next->handle(Object(Laminas\Diactoros\ServerRequest))
#37 /var/www/flarum/vendor/laminas/laminas-stratigility/src/Next.php(61): Laminas\Stratigility\Middleware\OriginalMessages->process(Object(Laminas\Diactoros\ServerRequest), Object(Laminas\Stratigility\Next))
#38 /var/www/flarum/vendor/middlewares/base-path/src/BasePath.php(53): Laminas\Stratigility\Next->handle(Object(Laminas\Diactoros\ServerRequest))
#39 /var/www/flarum/vendor/laminas/laminas-stratigility/src/Next.php(61): Middlewares\BasePath->process(Object(Laminas\Diactoros\ServerRequest), Object(Laminas\Stratigility\Next))
#40 /var/www/flarum/vendor/laminas/laminas-stratigility/src/MiddlewarePipe.php(84): Laminas\Stratigility\Next->handle(Object(Laminas\Diactoros\ServerRequest))
#41 /var/www/flarum/vendor/laminas/laminas-stratigility/src/MiddlewarePipe.php(73): Laminas\Stratigility\MiddlewarePipe->process(Object(Laminas\Diactoros\ServerRequest), Object(Laminas\Stratigility\EmptyPipelineHandler))
#42 /var/www/flarum/vendor/laminas/laminas-httphandlerrunner/src/RequestHandlerRunner.php(96): Laminas\Stratigility\MiddlewarePipe->handle(Object(Laminas\Diactoros\ServerRequest))
#43 /var/www/flarum/vendor/flarum/core/src/Http/Server.php(42): Laminas\HttpHandlerRunner\RequestHandlerRunner->run()
#44 /var/www/flarum/public/index.php(26): Flarum\Http\Server->listen()
#45 {main}  
[2020-03-19 13:42:06] production.ERROR: Swift_TransportException: Expected response code 220 but got an empty response in /var/www/flarum/vendor/swiftmailer/swiftmailer/lib/classes/Swift/Transport/AbstractSmtpTransport.php:445
Stack trace:
#0 /var/www/flarum/vendor/swiftmailer/swiftmailer/lib/classes/Swift/Transport/AbstractSmtpTransport.php(358): Swift_Transport_AbstractSmtpTransport->assertResponseCode('', Array)
#1 /var/www/flarum/vendor/swiftmailer/swiftmailer/lib/classes/Swift/Transport/AbstractSmtpTransport.php(147): Swift_Transport_AbstractSmtpTransport->readGreeting()
#2 /var/www/flarum/vendor/swiftmailer/swiftmailer/lib/classes/Swift/Transport/SendmailTransport.php(50): Swift_Transport_AbstractSmtpTransport->start()
#3 /var/www/flarum/vendor/swiftmailer/swiftmailer/lib/classes/Swift/Mailer.php(65): Swift_Transport_SendmailTransport->start()
#4 /var/www/flarum/vendor/illuminate/mail/Mailer.php(483): Swift_Mailer->send(Object(Swift_Message), Array)
#5 /var/www/flarum/vendor/illuminate/mail/Mailer.php(259): Illuminate\Mail\Mailer->sendSwiftMessage(Object(Swift_Message))
#6 /var/www/flarum/vendor/illuminate/mail/Mailer.php(183): Illuminate\Mail\Mailer->send(NULL, Array, Object(Closure))
#7 /var/www/flarum/vendor/flarum/core/src/Api/Controller/SendConfirmationEmailController.php(92): Illuminate\Mail\Mailer->raw('Hey mattecappe!...', Object(Closure))
#8 /var/www/flarum/vendor/flarum/core/src/Http/RouteHandlerFactory.php(38): Flarum\Api\Controller\SendConfirmationEmailController->handle(Object(Laminas\Diactoros\ServerRequest))
#9 /var/www/flarum/vendor/flarum/core/src/Http/Middleware/DispatchRoute.php(65): Flarum\Http\RouteHandlerFactory->Flarum\Http\{closure}(Object(Laminas\Diactoros\ServerRequest), Array)
#10 /var/www/flarum/vendor/laminas/laminas-stratigility/src/Next.php(61): Flarum\Http\Middleware\DispatchRoute->process(Object(Laminas\Diactoros\ServerRequest), Object(Closure))
#11 /var/www/flarum/vendor/flarum/core/src/Http/Middleware/SetLocale.php(50): Laminas\Stratigility\Next->handle(Object(Laminas\Diactoros\ServerRequest))
#12 /var/www/flarum/vendor/laminas/laminas-stratigility/src/Next.php(61): Flarum\Http\Middleware\SetLocale->process(Object(Laminas\Diactoros\ServerRequest), Object(Laminas\Stratigility\Next))
#13 /var/www/flarum/vendor/flarum/core/src/Http/Middleware/CheckCsrfToken.php(31): Laminas\Stratigility\Next->handle(Object(Laminas\Diactoros\ServerRequest))
#14 /var/www/flarum/vendor/laminas/laminas-stratigility/src/Next.php(61): Flarum\Http\Middleware\CheckCsrfToken->process(Object(Laminas\Diactoros\ServerRequest), Object(Laminas\Stratigility\Next))
#15 /var/www/flarum/vendor/flarum/core/src/Http/Middleware/AuthenticateWithHeader.php(55): Laminas\Stratigility\Next->handle(Object(Laminas\Diactoros\ServerRequest))
#16 /var/www/flarum/vendor/laminas/laminas-stratigility/src/Next.php(61): Flarum\Http\Middleware\AuthenticateWithHeader->process(Object(Laminas\Diactoros\ServerRequest), Object(Laminas\Stratigility\Next))
#17 /var/www/flarum/vendor/flarum/core/src/Http/Middleware/AuthenticateWithSession.php(32): Laminas\Stratigility\Next->handle(Object(Laminas\Diactoros\ServerRequest))
#18 /var/www/flarum/vendor/laminas/laminas-stratigility/src/Next.php(61): Flarum\Http\Middleware\AuthenticateWithSession->process(Object(Laminas\Diactoros\ServerRequest), Object(Laminas\Stratigility\Next))
#19 /var/www/flarum/vendor/flarum/core/src/Http/Middleware/RememberFromCookie.php(51): Laminas\Stratigility\Next->handle(Object(Laminas\Diactoros\ServerRequest))
#20 /var/www/flarum/vendor/laminas/laminas-stratigility/src/Next.php(61): Flarum\Http\Middleware\RememberFromCookie->process(Object(Laminas\Diactoros\ServerRequest), Object(Laminas\Stratigility\Next))
#21 /var/www/flarum/vendor/flarum/core/src/Http/Middleware/StartSession.php(61): Laminas\Stratigility\Next->handle(Object(Laminas\Diactoros\ServerRequest))
#22 /var/www/flarum/vendor/laminas/laminas-stratigility/src/Next.php(61): Flarum\Http\Middleware\StartSession->process(Object(Laminas\Diactoros\ServerRequest), Object(Laminas\Stratigility\Next))
#23 /var/www/flarum/vendor/flarum/core/src/Api/Middleware/FakeHttpMethods.php(29): Laminas\Stratigility\Next->handle(Object(Laminas\Diactoros\ServerRequest))
#24 /var/www/flarum/vendor/laminas/laminas-stratigility/src/Next.php(61): Flarum\Api\Middleware\FakeHttpMethods->process(Object(Laminas\Diactoros\ServerRequest), Object(Laminas\Stratigility\Next))
#25 /var/www/flarum/vendor/flarum/core/src/Http/Middleware/ParseJsonBody.php(28): Laminas\Stratigility\Next->handle(Object(Laminas\Diactoros\ServerRequest))
#26 /var/www/flarum/vendor/laminas/laminas-stratigility/src/Next.php(61): Flarum\Http\Middleware\ParseJsonBody->process(Object(Laminas\Diactoros\ServerRequest), Object(Laminas\Stratigility\Next))
#27 /var/www/flarum/vendor/flarum/core/src/Http/Middleware/HandleErrors.php(57): Laminas\Stratigility\Next->handle(Object(Laminas\Diactoros\ServerRequest))
#28 /var/www/flarum/vendor/laminas/laminas-stratigility/src/Next.php(61): Flarum\Http\Middleware\HandleErrors->process(Object(Laminas\Diactoros\ServerRequest), Object(Laminas\Stratigility\Next))
#29 /var/www/flarum/vendor/laminas/laminas-stratigility/src/MiddlewarePipe.php(84): Laminas\Stratigility\Next->handle(Object(Laminas\Diactoros\ServerRequest))
#30 /var/www/flarum/vendor/middlewares/request-handler/src/RequestHandler.php(84): Laminas\Stratigility\MiddlewarePipe->process(Object(Laminas\Diactoros\ServerRequest), Object(Laminas\Stratigility\Next))
#31 /var/www/flarum/vendor/laminas/laminas-stratigility/src/Next.php(61): Middlewares\RequestHandler->process(Object(Laminas\Diactoros\ServerRequest), Object(Laminas\Stratigility\Next))
#32 /var/www/flarum/vendor/middlewares/base-path-router/src/BasePathRouter.php(97): Laminas\Stratigility\Next->handle(Object(Laminas\Diactoros\ServerRequest))
#33 /var/www/flarum/vendor/laminas/laminas-stratigility/src/Next.php(61): Middlewares\BasePathRouter->process(Object(Laminas\Diactoros\ServerRequest), Object(Laminas\Stratigility\Next))
#34 /var/www/flarum/vendor/laminas/laminas-stratigility/src/Middleware/OriginalMessages.php(42): Laminas\Stratigility\Next->handle(Object(Laminas\Diactoros\ServerRequest))
#35 /var/www/flarum/vendor/laminas/laminas-stratigility/src/Next.php(61): Laminas\Stratigility\Middleware\OriginalMessages->process(Object(Laminas\Diactoros\ServerRequest), Object(Laminas\Stratigility\Next))
#36 /var/www/flarum/vendor/middlewares/base-path/src/BasePath.php(53): Laminas\Stratigility\Next->handle(Object(Laminas\Diactoros\ServerRequest))
#37 /var/www/flarum/vendor/laminas/laminas-stratigility/src/Next.php(61): Middlewares\BasePath->process(Object(Laminas\Diactoros\ServerRequest), Object(Laminas\Stratigility\Next))
#38 /var/www/flarum/vendor/laminas/laminas-stratigility/src/MiddlewarePipe.php(84): Laminas\Stratigility\Next->handle(Object(Laminas\Diactoros\ServerRequest))
#39 /var/www/flarum/vendor/laminas/laminas-stratigility/src/MiddlewarePipe.php(73): Laminas\Stratigility\MiddlewarePipe->process(Object(Laminas\Diactoros\ServerRequest), Object(Laminas\Stratigility\EmptyPipelineHandler))
#40 /var/www/flarum/vendor/laminas/laminas-httphandlerrunner/src/RequestHandlerRunner.php(96): Laminas\Stratigility\MiddlewarePipe->handle(Object(Laminas\Diactoros\ServerRequest))
#41 /var/www/flarum/vendor/flarum/core/src/Http/Server.php(42): Laminas\HttpHandlerRunner\RequestHandlerRunner->run()
#42 /var/www/flarum/public/index.php(26): Flarum\Http\Server->listen()
#43 {main}  
[2020-03-19 13:48:32] production.ERROR: Swift_TransportException: Connection could not be established with host smtp.matte.com :stream_socket_client(): unable to connect to ssl://smtp.matte.com:465 (Connection refused) in /var/www/flarum/vendor/swiftmailer/swiftmailer/lib/classes/Swift/Transport/StreamBuffer.php:269
Stack trace:
#0 [internal function]: Swift_Transport_StreamBuffer->{closure}(2, 'stream_socket_c...', '/var/www/flarum...', 272, Array)
#1 /var/www/flarum/vendor/swiftmailer/swiftmailer/lib/classes/Swift/Transport/StreamBuffer.php(272): stream_socket_client('ssl://smtp.matt...', 111, 'Connection refu...', 30, 4, Resource id #28)
#2 /var/www/flarum/vendor/swiftmailer/swiftmailer/lib/classes/Swift/Transport/StreamBuffer.php(58): Swift_Transport_StreamBuffer->establishSocketConnection()
#3 /var/www/flarum/vendor/swiftmailer/swiftmailer/lib/classes/Swift/Transport/AbstractSmtpTransport.php(143): Swift_Transport_StreamBuffer->initialize(Array)
#4 /var/www/flarum/vendor/swiftmailer/swiftmailer/lib/classes/Swift/Mailer.php(65): Swift_Transport_AbstractSmtpTransport->start()
#5 /var/www/flarum/vendor/illuminate/mail/Mailer.php(483): Swift_Mailer->send(Object(Swift_Message), Array)
#6 /var/www/flarum/vendor/illuminate/mail/Mailer.php(259): Illuminate\Mail\Mailer->sendSwiftMessage(Object(Swift_Message))
#7 /var/www/flarum/vendor/illuminate/mail/Mailer.php(183): Illuminate\Mail\Mailer->send(NULL, Array, Object(Closure))
#8 /var/www/flarum/vendor/flarum/core/src/Api/Controller/SendConfirmationEmailController.php(92): Illuminate\Mail\Mailer->raw('Hey mattecappe!...', Object(Closure))
#9 /var/www/flarum/vendor/flarum/core/src/Http/RouteHandlerFactory.php(38): Flarum\Api\Controller\SendConfirmationEmailController->handle(Object(Laminas\Diactoros\ServerRequest))
#10 /var/www/flarum/vendor/flarum/core/src/Http/Middleware/DispatchRoute.php(65): Flarum\Http\RouteHandlerFactory->Flarum\Http\{closure}(Object(Laminas\Diactoros\ServerRequest), Array)
#11 /var/www/flarum/vendor/laminas/laminas-stratigility/src/Next.php(61): Flarum\Http\Middleware\DispatchRoute->process(Object(Laminas\Diactoros\ServerRequest), Object(Closure))
#12 /var/www/flarum/vendor/flarum/core/src/Http/Middleware/SetLocale.php(50): Laminas\Stratigility\Next->handle(Object(Laminas\Diactoros\ServerRequest))
#13 /var/www/flarum/vendor/laminas/laminas-stratigility/src/Next.php(61): Flarum\Http\Middleware\SetLocale->process(Object(Laminas\Diactoros\ServerRequest), Object(Laminas\Stratigility\Next))
#14 /var/www/flarum/vendor/flarum/core/src/Http/Middleware/CheckCsrfToken.php(31): Laminas\Stratigility\Next->handle(Object(Laminas\Diactoros\ServerRequest))
#15 /var/www/flarum/vendor/laminas/laminas-stratigility/src/Next.php(61): Flarum\Http\Middleware\CheckCsrfToken->process(Object(Laminas\Diactoros\ServerRequest), Object(Laminas\Stratigility\Next))
#16 /var/www/flarum/vendor/flarum/core/src/Http/Middleware/AuthenticateWithHeader.php(55): Laminas\Stratigility\Next->handle(Object(Laminas\Diactoros\ServerRequest))
#17 /var/www/flarum/vendor/laminas/laminas-stratigility/src/Next.php(61): Flarum\Http\Middleware\AuthenticateWithHeader->process(Object(Laminas\Diactoros\ServerRequest), Object(Laminas\Stratigility\Next))
#18 /var/www/flarum/vendor/flarum/core/src/Http/Middleware/AuthenticateWithSession.php(32): Laminas\Stratigility\Next->handle(Object(Laminas\Diactoros\ServerRequest))
#19 /var/www/flarum/vendor/laminas/laminas-stratigility/src/Next.php(61): Flarum\Http\Middleware\AuthenticateWithSession->process(Object(Laminas\Diactoros\ServerRequest), Object(Laminas\Stratigility\Next))
#20 /var/www/flarum/vendor/flarum/core/src/Http/Middleware/RememberFromCookie.php(51): Laminas\Stratigility\Next->handle(Object(Laminas\Diactoros\ServerRequest))
#21 /var/www/flarum/vendor/laminas/laminas-stratigility/src/Next.php(61): Flarum\Http\Middleware\RememberFromCookie->process(Object(Laminas\Diactoros\ServerRequest), Object(Laminas\Stratigility\Next))
#22 /var/www/flarum/vendor/flarum/core/src/Http/Middleware/StartSession.php(61): Laminas\Stratigility\Next->handle(Object(Laminas\Diactoros\ServerRequest))
#23 /var/www/flarum/vendor/laminas/laminas-stratigility/src/Next.php(61): Flarum\Http\Middleware\StartSession->process(Object(Laminas\Diactoros\ServerRequest), Object(Laminas\Stratigility\Next))
#24 /var/www/flarum/vendor/flarum/core/src/Api/Middleware/FakeHttpMethods.php(29): Laminas\Stratigility\Next->handle(Object(Laminas\Diactoros\ServerRequest))
#25 /var/www/flarum/vendor/laminas/laminas-stratigility/src/Next.php(61): Flarum\Api\Middleware\FakeHttpMethods->process(Object(Laminas\Diactoros\ServerRequest), Object(Laminas\Stratigility\Next))
#26 /var/www/flarum/vendor/flarum/core/src/Http/Middleware/ParseJsonBody.php(28): Laminas\Stratigility\Next->handle(Object(Laminas\Diactoros\ServerRequest))
#27 /var/www/flarum/vendor/laminas/laminas-stratigility/src/Next.php(61): Flarum\Http\Middleware\ParseJsonBody->process(Object(Laminas\Diactoros\ServerRequest), Object(Laminas\Stratigility\Next))
#28 /var/www/flarum/vendor/flarum/core/src/Http/Middleware/HandleErrors.php(57): Laminas\Stratigility\Next->handle(Object(Laminas\Diactoros\ServerRequest))
#29 /var/www/flarum/vendor/laminas/laminas-stratigility/src/Next.php(61): Flarum\Http\Middleware\HandleErrors->process(Object(Laminas\Diactoros\ServerRequest), Object(Laminas\Stratigility\Next))
#30 /var/www/flarum/vendor/laminas/laminas-stratigility/src/MiddlewarePipe.php(84): Laminas\Stratigility\Next->handle(Object(Laminas\Diactoros\ServerRequest))
#31 /var/www/flarum/vendor/middlewares/request-handler/src/RequestHandler.php(84): Laminas\Stratigility\MiddlewarePipe->process(Object(Laminas\Diactoros\ServerRequest), Object(Laminas\Stratigility\Next))
#32 /var/www/flarum/vendor/laminas/laminas-stratigility/src/Next.php(61): Middlewares\RequestHandler->process(Object(Laminas\Diactoros\ServerRequest), Object(Laminas\Stratigility\Next))
#33 /var/www/flarum/vendor/middlewares/base-path-router/src/BasePathRouter.php(97): Laminas\Stratigility\Next->handle(Object(Laminas\Diactoros\ServerRequest))
#34 /var/www/flarum/vendor/laminas/laminas-stratigility/src/Next.php(61): Middlewares\BasePathRouter->process(Object(Laminas\Diactoros\ServerRequest), Object(Laminas\Stratigility\Next))
#35 /var/www/flarum/vendor/laminas/laminas-stratigility/src/Middleware/OriginalMessages.php(42): Laminas\Stratigility\Next->handle(Object(Laminas\Diactoros\ServerRequest))
#36 /var/www/flarum/vendor/laminas/laminas-stratigility/src/Next.php(61): Laminas\Stratigility\Middleware\OriginalMessages->process(Object(Laminas\Diactoros\ServerRequest), Object(Laminas\Stratigility\Next))
#37 /var/www/flarum/vendor/middlewares/base-path/src/BasePath.php(53): Laminas\Stratigility\Next->handle(Object(Laminas\Diactoros\ServerRequest))
#38 /var/www/flarum/vendor/laminas/laminas-stratigility/src/Next.php(61): Middlewares\BasePath->process(Object(Laminas\Diactoros\ServerRequest), Object(Laminas\Stratigility\Next))
#39 /var/www/flarum/vendor/laminas/laminas-stratigility/src/MiddlewarePipe.php(84): Laminas\Stratigility\Next->handle(Object(Laminas\Diactoros\ServerRequest))
#40 /var/www/flarum/vendor/laminas/laminas-stratigility/src/MiddlewarePipe.php(73): Laminas\Stratigility\MiddlewarePipe->process(Object(Laminas\Diactoros\ServerRequest), Object(Laminas\Stratigility\EmptyPipelineHandler))
#41 /var/www/flarum/vendor/laminas/laminas-httphandlerrunner/src/RequestHandlerRunner.php(96): Laminas\Stratigility\MiddlewarePipe->handle(Object(Laminas\Diactoros\ServerRequest))
#42 /var/www/flarum/vendor/flarum/core/src/Http/Server.php(42): Laminas\HttpHandlerRunner\RequestHandlerRunner->run()
#43 /var/www/flarum/public/index.php(26): Flarum\Http\Server->listen()
#44 {main}  
[2020-03-19 17:25:18] production.ERROR: TypeError: Argument 1 passed to Flarum\Formatter\Event\Rendering::__construct() must be an instance of s9e\TextFormatter\Renderer, instance of __PHP_Incomplete_Class given, called in /var/www/flarum/vendor/flarum/core/src/Formatter/Formatter.php on line 78 and defined in /var/www/flarum/vendor/flarum/core/src/Formatter/Event/Rendering.php:43
Stack trace:
#0 /var/www/flarum/vendor/flarum/core/src/Formatter/Formatter.php(78): Flarum\Formatter\Event\Rendering->__construct(Object(__PHP_Incomplete_Class), Object(Flarum\Post\CommentPost), '<r><p>La formul...', Object(Laminas\Diactoros\ServerRequest))
#1 /var/www/flarum/vendor/flarum/core/src/Post/CommentPost.php(172): Flarum\Formatter\Formatter->render('<r><p>La formul...', Object(Flarum\Post\CommentPost), Object(Laminas\Diactoros\ServerRequest))
#2 /var/www/flarum/vendor/flarum/core/src/Api/Serializer/BasicPostSerializer.php(44): Flarum\Post\CommentPost->formatContent(Object(Laminas\Diactoros\ServerRequest))
#3 /var/www/flarum/vendor/flarum/core/src/Api/Serializer/PostSerializer.php(35): Flarum\Api\Serializer\BasicPostSerializer->getDefaultAttributes(Object(Flarum\Post\CommentPost))
#4 /var/www/flarum/vendor/flarum/core/src/Api/Serializer/AbstractSerializer.php(84): Flarum\Api\Serializer\PostSerializer->getDefaultAttributes(Object(Flarum\Post\CommentPost))
#5 /var/www/flarum/vendor/tobscure/json-api/src/Resource.php(169): Flarum\Api\Serializer\AbstractSerializer->getAttributes(Object(Flarum\Post\CommentPost), NULL)
#6 /var/www/flarum/vendor/tobscure/json-api/src/Resource.php(75): Tobscure\JsonApi\Resource->getAttributes()
#7 /var/www/flarum/vendor/tobscure/json-api/src/Document.php(187): Tobscure\JsonApi\Resource->toArray()
#8 [internal function]: Tobscure\JsonApi\Document->Tobscure\JsonApi\{closure}(Object(Tobscure\JsonApi\Resource))
#9 /var/www/flarum/vendor/tobscure/json-api/src/Document.php(188): array_map(Object(Closure), Array)
#10 /var/www/flarum/vendor/tobscure/json-api/src/Document.php(224): Tobscure\JsonApi\Document->toArray()
#11 /var/www/flarum/vendor/flarum/core/src/Api/JsonApiResponse.php(27): Tobscure\JsonApi\Document->jsonSerialize()
#12 /var/www/flarum/vendor/flarum/core/src/Api/Controller/AbstractSerializeController.php(111): Flarum\Api\JsonApiResponse->__construct(Object(Tobscure\JsonApi\Document))
#13 /var/www/flarum/vendor/flarum/core/src/Api/Client.php(72): Flarum\Api\Controller\AbstractSerializeController->handle(Object(Laminas\Diactoros\ServerRequest))
#14 /var/www/flarum/vendor/flarum/core/src/Forum/Content/Discussion.php(109): Flarum\Api\Client->send(Object(Flarum\Api\Controller\ShowDiscussionController), Object(Flarum\User\User), Array)
#15 /var/www/flarum/vendor/flarum/core/src/Forum/Content/Discussion.php(64): Flarum\Forum\Content\Discussion->getApiDocument(Object(Flarum\User\User), Array)
#16 /var/www/flarum/vendor/flarum/core/src/Frontend/Frontend.php(63): Flarum\Forum\Content\Discussion->__invoke(Object(Flarum\Frontend\Document), Object(Laminas\Diactoros\ServerRequest))
#17 /var/www/flarum/vendor/flarum/core/src/Frontend/Frontend.php(55): Flarum\Frontend\Frontend->populate(Object(Flarum\Frontend\Document), Object(Laminas\Diactoros\ServerRequest))
#18 /var/www/flarum/vendor/flarum/core/src/Frontend/Controller.php(32): Flarum\Frontend\Frontend->document(Object(Laminas\Diactoros\ServerRequest))
#19 /var/www/flarum/vendor/flarum/core/src/Http/RouteHandlerFactory.php(38): Flarum\Frontend\Controller->handle(Object(Laminas\Diactoros\ServerRequest))
#20 /var/www/flarum/vendor/flarum/core/src/Http/Middleware/DispatchRoute.php(65): Flarum\Http\RouteHandlerFactory->Flarum\Http\{closure}(Object(Laminas\Diactoros\ServerRequest), Array)
#21 /var/www/flarum/vendor/laminas/laminas-stratigility/src/Next.php(61): Flarum\Http\Middleware\DispatchRoute->process(Object(Laminas\Diactoros\ServerRequest), Object(Closure))
#22 /var/www/flarum/vendor/flarum/core/src/Http/Middleware/ShareErrorsFromSession.php(56): Laminas\Stratigility\Next->handle(Object(Laminas\Diactoros\ServerRequest))
#23 /var/www/flarum/vendor/laminas/laminas-stratigility/src/Next.php(61): Flarum\Http\Middleware\ShareErrorsFromSession->process(Object(Laminas\Diactoros\ServerRequest), Object(Laminas\Stratigility\Next))
#24 /var/www/flarum/vendor/flarum/core/src/Http/Middleware/SetLocale.php(50): Laminas\Stratigility\Next->handle(Object(Laminas\Diactoros\ServerRequest))
#25 /var/www/flarum/vendor/laminas/laminas-stratigility/src/Next.php(61): Flarum\Http\Middleware\SetLocale->process(Object(Laminas\Diactoros\ServerRequest), Object(Laminas\Stratigility\Next))
#26 /var/www/flarum/vendor/flarum/core/src/Http/Middleware/CheckCsrfToken.php(23): Laminas\Stratigility\Next->handle(Object(Laminas\Diactoros\ServerRequest))
#27 /var/www/flarum/vendor/laminas/laminas-stratigility/src/Next.php(61): Flarum\Http\Middleware\CheckCsrfToken->process(Object(Laminas\Diactoros\ServerRequest), Object(Laminas\Stratigility\Next))
#28 /var/www/flarum/vendor/flarum/core/src/Http/Middleware/AuthenticateWithSession.php(32): Laminas\Stratigility\Next->handle(Object(Laminas\Diactoros\ServerRequest))
#29 /var/www/flarum/vendor/laminas/laminas-stratigility/src/Next.php(61): Flarum\Http\Middleware\AuthenticateWithSession->process(Object(Laminas\Diactoros\ServerRequest), Object(Laminas\Stratigility\Next))
#30 /var/www/flarum/vendor/flarum/core/src/Http/Middleware/RememberFromCookie.php(51): Laminas\Stratigility\Next->handle(Object(Laminas\Diactoros\ServerRequest))
#31 /var/www/flarum/vendor/laminas/laminas-stratigility/src/Next.php(61): Flarum\Http\Middleware\RememberFromCookie->process(Object(Laminas\Diactoros\ServerRequest), Object(Laminas\Stratigility\Next))
#32 /var/www/flarum/vendor/flarum/core/src/Http/Middleware/StartSession.php(61): Laminas\Stratigility\Next->handle(Object(Laminas\Diactoros\ServerRequest))
#33 /var/www/flarum/vendor/laminas/laminas-stratigility/src/Next.php(61): Flarum\Http\Middleware\StartSession->process(Object(Laminas\Diactoros\ServerRequest), Object(Laminas\Stratigility\Next))
#34 /var/www/flarum/vendor/flarum/core/src/Http/Middleware/CollectGarbage.php(46): Laminas\Stratigility\Next->handle(Object(Laminas\Diactoros\ServerRequest))
#35 /var/www/flarum/vendor/laminas/laminas-stratigility/src/Next.php(61): Flarum\Http\Middleware\CollectGarbage->process(Object(Laminas\Diactoros\ServerRequest), Object(Laminas\Stratigility\Next))
#36 /var/www/flarum/vendor/flarum/core/src/Http/Middleware/ParseJsonBody.php(28): Laminas\Stratigility\Next->handle(Object(Laminas\Diactoros\ServerRequest))
#37 /var/www/flarum/vendor/laminas/laminas-stratigility/src/Next.php(61): Flarum\Http\Middleware\ParseJsonBody->process(Object(Laminas\Diactoros\ServerRequest), Object(Laminas\Stratigility\Next))
#38 /var/www/flarum/vendor/flarum/core/src/Http/Middleware/HandleErrors.php(57): Laminas\Stratigility\Next->handle(Object(Laminas\Diactoros\ServerRequest))
#39 /var/www/flarum/vendor/laminas/laminas-stratigility/src/Next.php(61): Flarum\Http\Middleware\HandleErrors->process(Object(Laminas\Diactoros\ServerRequest), Object(Laminas\Stratigility\Next))
#40 /var/www/flarum/vendor/laminas/laminas-stratigility/src/MiddlewarePipe.php(84): Laminas\Stratigility\Next->handle(Object(Laminas\Diactoros\ServerRequest))
#41 /var/www/flarum/vendor/middlewares/request-handler/src/RequestHandler.php(84): Laminas\Stratigility\MiddlewarePipe->process(Object(Laminas\Diactoros\ServerRequest), Object(Laminas\Stratigility\Next))
#42 /var/www/flarum/vendor/laminas/laminas-stratigility/src/Next.php(61): Middlewares\RequestHandler->process(Object(Laminas\Diactoros\ServerRequest), Object(Laminas\Stratigility\Next))
#43 /var/www/flarum/vendor/middlewares/base-path-router/src/BasePathRouter.php(97): Laminas\Stratigility\Next->handle(Object(Laminas\Diactoros\ServerRequest))
#44 /var/www/flarum/vendor/laminas/laminas-stratigility/src/Next.php(61): Middlewares\BasePathRouter->process(Object(Laminas\Diactoros\ServerRequest), Object(Laminas\Stratigility\Next))
#45 /var/www/flarum/vendor/laminas/laminas-stratigility/src/Middleware/OriginalMessages.php(42): Laminas\Stratigility\Next->handle(Object(Laminas\Diactoros\ServerRequest))
#46 /var/www/flarum/vendor/laminas/laminas-stratigility/src/Next.php(61): Laminas\Stratigility\Middleware\OriginalMessages->process(Object(Laminas\Diactoros\ServerRequest), Object(Laminas\Stratigility\Next))
#47 /var/www/flarum/vendor/middlewares/base-path/src/BasePath.php(53): Laminas\Stratigility\Next->handle(Object(Laminas\Diactoros\ServerRequest))
#48 /var/www/flarum/vendor/laminas/laminas-stratigility/src/Next.php(61): Middlewares\BasePath->process(Object(Laminas\Diactoros\ServerRequest), Object(Laminas\Stratigility\Next))
#49 /var/www/flarum/vendor/laminas/laminas-stratigility/src/MiddlewarePipe.php(84): Laminas\Stratigility\Next->handle(Object(Laminas\Diactoros\ServerRequest))
#50 /var/www/flarum/vendor/laminas/laminas-stratigility/src/MiddlewarePipe.php(73): Laminas\Stratigility\MiddlewarePipe->process(Object(Laminas\Diactoros\ServerRequest), Object(Laminas\Stratigility\EmptyPipelineHandler))
#51 /var/www/flarum/vendor/laminas/laminas-httphandlerrunner/src/RequestHandlerRunner.php(96): Laminas\Stratigility\MiddlewarePipe->handle(Object(Laminas\Diactoros\ServerRequest))
#52 /var/www/flarum/vendor/flarum/core/src/Http/Server.php(42): Laminas\HttpHandlerRunner\RequestHandlerRunner->run()
#53 /var/www/flarum/public/index.php(26): Flarum\Http\Server->listen()
#54 {main}  
[2020-03-19 17:25:39] production.ERROR: TypeError: Argument 1 passed to Flarum\Formatter\Event\Rendering::__construct() must be an instance of s9e\TextFormatter\Renderer, instance of __PHP_Incomplete_Class given, called in /var/www/flarum/vendor/flarum/core/src/Formatter/Formatter.php on line 78 and defined in /var/www/flarum/vendor/flarum/core/src/Formatter/Event/Rendering.php:43
Stack trace:
#0 /var/www/flarum/vendor/flarum/core/src/Formatter/Formatter.php(78): Flarum\Formatter\Event\Rendering->__construct(Object(__PHP_Incomplete_Class), Object(Flarum\Post\CommentPost), '<r><p>La formul...', Object(Laminas\Diactoros\ServerRequest))
#1 /var/www/flarum/vendor/flarum/core/src/Post/CommentPost.php(172): Flarum\Formatter\Formatter->render('<r><p>La formul...', Object(Flarum\Post\CommentPost), Object(Laminas\Diactoros\ServerRequest))
#2 /var/www/flarum/vendor/flarum/core/src/Api/Serializer/BasicPostSerializer.php(44): Flarum\Post\CommentPost->formatContent(Object(Laminas\Diactoros\ServerRequest))
#3 /var/www/flarum/vendor/flarum/core/src/Api/Serializer/AbstractSerializer.php(84): Flarum\Api\Serializer\BasicPostSerializer->getDefaultAttributes(Object(Flarum\Post\CommentPost))
#4 /var/www/flarum/vendor/tobscure/json-api/src/Resource.php(169): Flarum\Api\Serializer\AbstractSerializer->getAttributes(Object(Flarum\Post\CommentPost), NULL)
#5 /var/www/flarum/vendor/tobscure/json-api/src/Resource.php(75): Tobscure\JsonApi\Resource->getAttributes()
#6 /var/www/flarum/vendor/tobscure/json-api/src/Document.php(187): Tobscure\JsonApi\Resource->toArray()
#7 [internal function]: Tobscure\JsonApi\Document->Tobscure\JsonApi\{closure}(Object(Tobscure\JsonApi\Resource))
#8 /var/www/flarum/vendor/tobscure/json-api/src/Document.php(188): array_map(Object(Closure), Array)
#9 /var/www/flarum/vendor/tobscure/json-api/src/Document.php(224): Tobscure\JsonApi\Document->toArray()
#10 /var/www/flarum/vendor/flarum/core/src/Api/JsonApiResponse.php(27): Tobscure\JsonApi\Document->jsonSerialize()
#11 /var/www/flarum/vendor/flarum/core/src/Api/Controller/AbstractSerializeController.php(111): Flarum\Api\JsonApiResponse->__construct(Object(Tobscure\JsonApi\Document))
#12 /var/www/flarum/vendor/flarum/core/src/Api/Client.php(72): Flarum\Api\Controller\AbstractSerializeController->handle(Object(Laminas\Diactoros\ServerRequest))
#13 /var/www/flarum/vendor/flarum/core/src/Forum/Content/Index.php(108): Flarum\Api\Client->send(Object(Flarum\Api\Controller\ListDiscussionsController), Object(Flarum\User\User), Array)
#14 /var/www/flarum/vendor/flarum/core/src/Forum/Content/Index.php(74): Flarum\Forum\Content\Index->getApiDocument(Object(Flarum\User\User), Array)
#15 /var/www/flarum/vendor/flarum/core/src/Frontend/Frontend.php(63): Flarum\Forum\Content\Index->__invoke(Object(Flarum\Frontend\Document), Object(Laminas\Diactoros\ServerRequest))
#16 /var/www/flarum/vendor/flarum/core/src/Frontend/Frontend.php(55): Flarum\Frontend\Frontend->populate(Object(Flarum\Frontend\Document), Object(Laminas\Diactoros\ServerRequest))
#17 /var/www/flarum/vendor/flarum/core/src/Frontend/Controller.php(32): Flarum\Frontend\Frontend->document(Object(Laminas\Diactoros\ServerRequest))
#18 /var/www/flarum/vendor/flarum/core/src/Http/RouteHandlerFactory.php(38): Flarum\Frontend\Controller->handle(Object(Laminas\Diactoros\ServerRequest))
#19 /var/www/flarum/vendor/flarum/core/src/Http/Middleware/DispatchRoute.php(65): Flarum\Http\RouteHandlerFactory->Flarum\Http\{closure}(Object(Laminas\Diactoros\ServerRequest), Array)
#20 /var/www/flarum/vendor/laminas/laminas-stratigility/src/Next.php(61): Flarum\Http\Middleware\DispatchRoute->process(Object(Laminas\Diactoros\ServerRequest), Object(Closure))
#21 /var/www/flarum/vendor/flarum/core/src/Http/Middleware/ShareErrorsFromSession.php(56): Laminas\Stratigility\Next->handle(Object(Laminas\Diactoros\ServerRequest))
#22 /var/www/flarum/vendor/laminas/laminas-stratigility/src/Next.php(61): Flarum\Http\Middleware\ShareErrorsFromSession->process(Object(Laminas\Diactoros\ServerRequest), Object(Laminas\Stratigility\Next))
#23 /var/www/flarum/vendor/flarum/core/src/Http/Middleware/SetLocale.php(50): Laminas\Stratigility\Next->handle(Object(Laminas\Diactoros\ServerRequest))
#24 /var/www/flarum/vendor/laminas/laminas-stratigility/src/Next.php(61): Flarum\Http\Middleware\SetLocale->process(Object(Laminas\Diactoros\ServerRequest), Object(Laminas\Stratigility\Next))
#25 /var/www/flarum/vendor/flarum/core/src/Http/Middleware/CheckCsrfToken.php(23): Laminas\Stratigility\Next->handle(Object(Laminas\Diactoros\ServerRequest))
#26 /var/www/flarum/vendor/laminas/laminas-stratigility/src/Next.php(61): Flarum\Http\Middleware\CheckCsrfToken->process(Object(Laminas\Diactoros\ServerRequest), Object(Laminas\Stratigility\Next))
#27 /var/www/flarum/vendor/flarum/core/src/Http/Middleware/AuthenticateWithSession.php(32): Laminas\Stratigility\Next->handle(Object(Laminas\Diactoros\ServerRequest))
#28 /var/www/flarum/vendor/laminas/laminas-stratigility/src/Next.php(61): Flarum\Http\Middleware\AuthenticateWithSession->process(Object(Laminas\Diactoros\ServerRequest), Object(Laminas\Stratigility\Next))
#29 /var/www/flarum/vendor/flarum/core/src/Http/Middleware/RememberFromCookie.php(51): Laminas\Stratigility\Next->handle(Object(Laminas\Diactoros\ServerRequest))
#30 /var/www/flarum/vendor/laminas/laminas-stratigility/src/Next.php(61): Flarum\Http\Middleware\RememberFromCookie->process(Object(Laminas\Diactoros\ServerRequest), Object(Laminas\Stratigility\Next))
#31 /var/www/flarum/vendor/flarum/core/src/Http/Middleware/StartSession.php(61): Laminas\Stratigility\Next->handle(Object(Laminas\Diactoros\ServerRequest))
#32 /var/www/flarum/vendor/laminas/laminas-stratigility/src/Next.php(61): Flarum\Http\Middleware\StartSession->process(Object(Laminas\Diactoros\ServerRequest), Object(Laminas\Stratigility\Next))
#33 /var/www/flarum/vendor/flarum/core/src/Http/Middleware/CollectGarbage.php(46): Laminas\Stratigility\Next->handle(Object(Laminas\Diactoros\ServerRequest))
#34 /var/www/flarum/vendor/laminas/laminas-stratigility/src/Next.php(61): Flarum\Http\Middleware\CollectGarbage->process(Object(Laminas\Diactoros\ServerRequest), Object(Laminas\Stratigility\Next))
#35 /var/www/flarum/vendor/flarum/core/src/Http/Middleware/ParseJsonBody.php(28): Laminas\Stratigility\Next->handle(Object(Laminas\Diactoros\ServerRequest))
#36 /var/www/flarum/vendor/laminas/laminas-stratigility/src/Next.php(61): Flarum\Http\Middleware\ParseJsonBody->process(Object(Laminas\Diactoros\ServerRequest), Object(Laminas\Stratigility\Next))
#37 /var/www/flarum/vendor/flarum/core/src/Http/Middleware/HandleErrors.php(57): Laminas\Stratigility\Next->handle(Object(Laminas\Diactoros\ServerRequest))
#38 /var/www/flarum/vendor/laminas/laminas-stratigility/src/Next.php(61): Flarum\Http\Middleware\HandleErrors->process(Object(Laminas\Diactoros\ServerRequest), Object(Laminas\Stratigility\Next))
#39 /var/www/flarum/vendor/laminas/laminas-stratigility/src/MiddlewarePipe.php(84): Laminas\Stratigility\Next->handle(Object(Laminas\Diactoros\ServerRequest))
#40 /var/www/flarum/vendor/middlewares/request-handler/src/RequestHandler.php(84): Laminas\Stratigility\MiddlewarePipe->process(Object(Laminas\Diactoros\ServerRequest), Object(Laminas\Stratigility\Next))
#41 /var/www/flarum/vendor/laminas/laminas-stratigility/src/Next.php(61): Middlewares\RequestHandler->process(Object(Laminas\Diactoros\ServerRequest), Object(Laminas\Stratigility\Next))
#42 /var/www/flarum/vendor/middlewares/base-path-router/src/BasePathRouter.php(97): Laminas\Stratigility\Next->handle(Object(Laminas\Diactoros\ServerRequest))
#43 /var/www/flarum/vendor/laminas/laminas-stratigility/src/Next.php(61): Middlewares\BasePathRouter->process(Object(Laminas\Diactoros\ServerRequest), Object(Laminas\Stratigility\Next))
#44 /var/www/flarum/vendor/laminas/laminas-stratigility/src/Middleware/OriginalMessages.php(42): Laminas\Stratigility\Next->handle(Object(Laminas\Diactoros\ServerRequest))
#45 /var/www/flarum/vendor/laminas/laminas-stratigility/src/Next.php(61): Laminas\Stratigility\Middleware\OriginalMessages->process(Object(Laminas\Diactoros\ServerRequest), Object(Laminas\Stratigility\Next))
#46 /var/www/flarum/vendor/middlewares/base-path/src/BasePath.php(53): Laminas\Stratigility\Next->handle(Object(Laminas\Diactoros\ServerRequest))
#47 /var/www/flarum/vendor/laminas/laminas-stratigility/src/Next.php(61): Middlewares\BasePath->process(Object(Laminas\Diactoros\ServerRequest), Object(Laminas\Stratigility\Next))
#48 /var/www/flarum/vendor/laminas/laminas-stratigility/src/MiddlewarePipe.php(84): Laminas\Stratigility\Next->handle(Object(Laminas\Diactoros\ServerRequest))
#49 /var/www/flarum/vendor/laminas/laminas-stratigility/src/MiddlewarePipe.php(73): Laminas\Stratigility\MiddlewarePipe->process(Object(Laminas\Diactoros\ServerRequest), Object(Laminas\Stratigility\EmptyPipelineHandler))
#50 /var/www/flarum/vendor/laminas/laminas-httphandlerrunner/src/RequestHandlerRunner.php(96): Laminas\Stratigility\MiddlewarePipe->handle(Object(Laminas\Diactoros\ServerRequest))
#51 /var/www/flarum/vendor/flarum/core/src/Http/Server.php(42): Laminas\HttpHandlerRunner\RequestHandlerRunner->run()
#52 /var/www/flarum/public/index.php(26): Flarum\Http\Server->listen()
#53 {main}  
[2020-03-19 17:25:45] production.ERROR: TypeError: Argument 1 passed to Flarum\Formatter\Event\Rendering::__construct() must be an instance of s9e\TextFormatter\Renderer, instance of __PHP_Incomplete_Class given, called in /var/www/flarum/vendor/flarum/core/src/Formatter/Formatter.php on line 78 and defined in /var/www/flarum/vendor/flarum/core/src/Formatter/Event/Rendering.php:43
Stack trace:
#0 /var/www/flarum/vendor/flarum/core/src/Formatter/Formatter.php(78): Flarum\Formatter\Event\Rendering->__construct(Object(__PHP_Incomplete_Class), Object(Flarum\Post\CommentPost), '<r><p>La formul...', Object(Laminas\Diactoros\ServerRequest))
#1 /var/www/flarum/vendor/flarum/core/src/Post/CommentPost.php(172): Flarum\Formatter\Formatter->render('<r><p>La formul...', Object(Flarum\Post\CommentPost), Object(Laminas\Diactoros\ServerRequest))
#2 /var/www/flarum/vendor/flarum/core/src/Api/Serializer/BasicPostSerializer.php(44): Flarum\Post\CommentPost->formatContent(Object(Laminas\Diactoros\ServerRequest))
#3 /var/www/flarum/vendor/flarum/core/src/Api/Serializer/AbstractSerializer.php(84): Flarum\Api\Serializer\BasicPostSerializer->getDefaultAttributes(Object(Flarum\Post\CommentPost))
#4 /var/www/flarum/vendor/tobscure/json-api/src/Resource.php(169): Flarum\Api\Serializer\AbstractSerializer->getAttributes(Object(Flarum\Post\CommentPost), NULL)
#5 /var/www/flarum/vendor/tobscure/json-api/src/Resource.php(75): Tobscure\JsonApi\Resource->getAttributes()
#6 /var/www/flarum/vendor/tobscure/json-api/src/Document.php(187): Tobscure\JsonApi\Resource->toArray()
#7 [internal function]: Tobscure\JsonApi\Document->Tobscure\JsonApi\{closure}(Object(Tobscure\JsonApi\Resource))
#8 /var/www/flarum/vendor/tobscure/json-api/src/Document.php(188): array_map(Object(Closure), Array)
#9 /var/www/flarum/vendor/tobscure/json-api/src/Document.php(224): Tobscure\JsonApi\Document->toArray()
#10 /var/www/flarum/vendor/flarum/core/src/Api/JsonApiResponse.php(27): Tobscure\JsonApi\Document->jsonSerialize()
#11 /var/www/flarum/vendor/flarum/core/src/Api/Controller/AbstractSerializeController.php(111): Flarum\Api\JsonApiResponse->__construct(Object(Tobscure\JsonApi\Document))
#12 /var/www/flarum/vendor/flarum/core/src/Api/Client.php(72): Flarum\Api\Controller\AbstractSerializeController->handle(Object(Laminas\Diactoros\ServerRequest))
#13 /var/www/flarum/vendor/flarum/core/src/Forum/Content/Index.php(108): Flarum\Api\Client->send(Object(Flarum\Api\Controller\ListDiscussionsController), Object(Flarum\User\User), Array)
#14 /var/www/flarum/vendor/flarum/core/src/Forum/Content/Index.php(74): Flarum\Forum\Content\Index->getApiDocument(Object(Flarum\User\User), Array)
#15 /var/www/flarum/vendor/flarum/core/src/Frontend/Frontend.php(63): Flarum\Forum\Content\Index->__invoke(Object(Flarum\Frontend\Document), Object(Laminas\Diactoros\ServerRequest))
#16 /var/www/flarum/vendor/flarum/core/src/Frontend/Frontend.php(55): Flarum\Frontend\Frontend->populate(Object(Flarum\Frontend\Document), Object(Laminas\Diactoros\ServerRequest))
#17 /var/www/flarum/vendor/flarum/core/src/Frontend/Controller.php(32): Flarum\Frontend\Frontend->document(Object(Laminas\Diactoros\ServerRequest))
#18 /var/www/flarum/vendor/flarum/core/src/Http/RouteHandlerFactory.php(38): Flarum\Frontend\Controller->handle(Object(Laminas\Diactoros\ServerRequest))
#19 /var/www/flarum/vendor/flarum/core/src/Http/Middleware/DispatchRoute.php(65): Flarum\Http\RouteHandlerFactory->Flarum\Http\{closure}(Object(Laminas\Diactoros\ServerRequest), Array)
#20 /var/www/flarum/vendor/laminas/laminas-stratigility/src/Next.php(61): Flarum\Http\Middleware\DispatchRoute->process(Object(Laminas\Diactoros\ServerRequest), Object(Closure))
#21 /var/www/flarum/vendor/flarum/core/src/Http/Middleware/ShareErrorsFromSession.php(56): Laminas\Stratigility\Next->handle(Object(Laminas\Diactoros\ServerRequest))
#22 /var/www/flarum/vendor/laminas/laminas-stratigility/src/Next.php(61): Flarum\Http\Middleware\ShareErrorsFromSession->process(Object(Laminas\Diactoros\ServerRequest), Object(Laminas\Stratigility\Next))
#23 /var/www/flarum/vendor/flarum/core/src/Http/Middleware/SetLocale.php(50): Laminas\Stratigility\Next->handle(Object(Laminas\Diactoros\ServerRequest))
#24 /var/www/flarum/vendor/laminas/laminas-stratigility/src/Next.php(61): Flarum\Http\Middleware\SetLocale->process(Object(Laminas\Diactoros\ServerRequest), Object(Laminas\Stratigility\Next))
#25 /var/www/flarum/vendor/flarum/core/src/Http/Middleware/CheckCsrfToken.php(23): Laminas\Stratigility\Next->handle(Object(Laminas\Diactoros\ServerRequest))
#26 /var/www/flarum/vendor/laminas/laminas-stratigility/src/Next.php(61): Flarum\Http\Middleware\CheckCsrfToken->process(Object(Laminas\Diactoros\ServerRequest), Object(Laminas\Stratigility\Next))
#27 /var/www/flarum/vendor/flarum/core/src/Http/Middleware/AuthenticateWithSession.php(32): Laminas\Stratigility\Next->handle(Object(Laminas\Diactoros\ServerRequest))
#28 /var/www/flarum/vendor/laminas/laminas-stratigility/src/Next.php(61): Flarum\Http\Middleware\AuthenticateWithSession->process(Object(Laminas\Diactoros\ServerRequest), Object(Laminas\Stratigility\Next))
#29 /var/www/flarum/vendor/flarum/core/src/Http/Middleware/RememberFromCookie.php(51): Laminas\Stratigility\Next->handle(Object(Laminas\Diactoros\ServerRequest))
#30 /var/www/flarum/vendor/laminas/laminas-stratigility/src/Next.php(61): Flarum\Http\Middleware\RememberFromCookie->process(Object(Laminas\Diactoros\ServerRequest), Object(Laminas\Stratigility\Next))
#31 /var/www/flarum/vendor/flarum/core/src/Http/Middleware/StartSession.php(61): Laminas\Stratigility\Next->handle(Object(Laminas\Diactoros\ServerRequest))
#32 /var/www/flarum/vendor/laminas/laminas-stratigility/src/Next.php(61): Flarum\Http\Middleware\StartSession->process(Object(Laminas\Diactoros\ServerRequest), Object(Laminas\Stratigility\Next))
#33 /var/www/flarum/vendor/flarum/core/src/Http/Middleware/CollectGarbage.php(46): Laminas\Stratigility\Next->handle(Object(Laminas\Diactoros\ServerRequest))
#34 /var/www/flarum/vendor/laminas/laminas-stratigility/src/Next.php(61): Flarum\Http\Middleware\CollectGarbage->process(Object(Laminas\Diactoros\ServerRequest), Object(Laminas\Stratigility\Next))
#35 /var/www/flarum/vendor/flarum/core/src/Http/Middleware/ParseJsonBody.php(28): Laminas\Stratigility\Next->handle(Object(Laminas\Diactoros\ServerRequest))
#36 /var/www/flarum/vendor/laminas/laminas-stratigility/src/Next.php(61): Flarum\Http\Middleware\ParseJsonBody->process(Object(Laminas\Diactoros\ServerRequest), Object(Laminas\Stratigility\Next))
#37 /var/www/flarum/vendor/flarum/core/src/Http/Middleware/HandleErrors.php(57): Laminas\Stratigility\Next->handle(Object(Laminas\Diactoros\ServerRequest))
#38 /var/www/flarum/vendor/laminas/laminas-stratigility/src/Next.php(61): Flarum\Http\Middleware\HandleErrors->process(Object(Laminas\Diactoros\ServerRequest), Object(Laminas\Stratigility\Next))
#39 /var/www/flarum/vendor/laminas/laminas-stratigility/src/MiddlewarePipe.php(84): Laminas\Stratigility\Next->handle(Object(Laminas\Diactoros\ServerRequest))
#40 /var/www/flarum/vendor/middlewares/request-handler/src/RequestHandler.php(84): Laminas\Stratigility\MiddlewarePipe->process(Object(Laminas\Diactoros\ServerRequest), Object(Laminas\Stratigility\Next))
#41 /var/www/flarum/vendor/laminas/laminas-stratigility/src/Next.php(61): Middlewares\RequestHandler->process(Object(Laminas\Diactoros\ServerRequest), Object(Laminas\Stratigility\Next))
#42 /var/www/flarum/vendor/middlewares/base-path-router/src/BasePathRouter.php(97): Laminas\Stratigility\Next->handle(Object(Laminas\Diactoros\ServerRequest))
#43 /var/www/flarum/vendor/laminas/laminas-stratigility/src/Next.php(61): Middlewares\BasePathRouter->process(Object(Laminas\Diactoros\ServerRequest), Object(Laminas\Stratigility\Next))
#44 /var/www/flarum/vendor/laminas/laminas-stratigility/src/Middleware/OriginalMessages.php(42): Laminas\Stratigility\Next->handle(Object(Laminas\Diactoros\ServerRequest))
#45 /var/www/flarum/vendor/laminas/laminas-stratigility/src/Next.php(61): Laminas\Stratigility\Middleware\OriginalMessages->process(Object(Laminas\Diactoros\ServerRequest), Object(Laminas\Stratigility\Next))
#46 /var/www/flarum/vendor/middlewares/base-path/src/BasePath.php(53): Laminas\Stratigility\Next->handle(Object(Laminas\Diactoros\ServerRequest))
#47 /var/www/flarum/vendor/laminas/laminas-stratigility/src/Next.php(61): Middlewares\BasePath->process(Object(Laminas\Diactoros\ServerRequest), Object(Laminas\Stratigility\Next))
#48 /var/www/flarum/vendor/laminas/laminas-stratigility/src/MiddlewarePipe.php(84): Laminas\Stratigility\Next->handle(Object(Laminas\Diactoros\ServerRequest))
#49 /var/www/flarum/vendor/laminas/laminas-stratigility/src/MiddlewarePipe.php(73): Laminas\Stratigility\MiddlewarePipe->process(Object(Laminas\Diactoros\ServerRequest), Object(Laminas\Stratigility\EmptyPipelineHandler))
#50 /var/www/flarum/vendor/laminas/laminas-httphandlerrunner/src/RequestHandlerRunner.php(96): Laminas\Stratigility\MiddlewarePipe->handle(Object(Laminas\Diactoros\ServerRequest))
#51 /var/www/flarum/vendor/flarum/core/src/Http/Server.php(42): Laminas\HttpHandlerRunner\RequestHandlerRunner->run()
#52 /var/www/flarum/public/index.php(26): Flarum\Http\Server->listen()
#53 {main}  
[2020-03-19 17:26:18] production.ERROR: TypeError: Argument 1 passed to Flarum\Formatter\Event\Rendering::__construct() must be an instance of s9e\TextFormatter\Renderer, instance of __PHP_Incomplete_Class given, called in /var/www/flarum/vendor/flarum/core/src/Formatter/Formatter.php on line 78 and defined in /var/www/flarum/vendor/flarum/core/src/Formatter/Event/Rendering.php:43
Stack trace:
#0 /var/www/flarum/vendor/flarum/core/src/Formatter/Formatter.php(78): Flarum\Formatter\Event\Rendering->__construct(Object(__PHP_Incomplete_Class), Object(Flarum\Post\CommentPost), '<r><p>La formul...', Object(Laminas\Diactoros\ServerRequest))
#1 /var/www/flarum/vendor/flarum/core/src/Post/CommentPost.php(172): Flarum\Formatter\Formatter->render('<r><p>La formul...', Object(Flarum\Post\CommentPost), Object(Laminas\Diactoros\ServerRequest))
#2 /var/www/flarum/vendor/flarum/core/src/Api/Serializer/BasicPostSerializer.php(44): Flarum\Post\CommentPost->formatContent(Object(Laminas\Diactoros\ServerRequest))
#3 /var/www/flarum/vendor/flarum/core/src/Api/Serializer/AbstractSerializer.php(84): Flarum\Api\Serializer\BasicPostSerializer->getDefaultAttributes(Object(Flarum\Post\CommentPost))
#4 /var/www/flarum/vendor/tobscure/json-api/src/Resource.php(169): Flarum\Api\Serializer\AbstractSerializer->getAttributes(Object(Flarum\Post\CommentPost), NULL)
#5 /var/www/flarum/vendor/tobscure/json-api/src/Resource.php(75): Tobscure\JsonApi\Resource->getAttributes()
#6 /var/www/flarum/vendor/tobscure/json-api/src/Document.php(187): Tobscure\JsonApi\Resource->toArray()
#7 [internal function]: Tobscure\JsonApi\Document->Tobscure\JsonApi\{closure}(Object(Tobscure\JsonApi\Resource))
#8 /var/www/flarum/vendor/tobscure/json-api/src/Document.php(188): array_map(Object(Closure), Array)
#9 /var/www/flarum/vendor/tobscure/json-api/src/Document.php(224): Tobscure\JsonApi\Document->toArray()
#10 /var/www/flarum/vendor/flarum/core/src/Api/JsonApiResponse.php(27): Tobscure\JsonApi\Document->jsonSerialize()
#11 /var/www/flarum/vendor/flarum/core/src/Api/Controller/AbstractSerializeController.php(111): Flarum\Api\JsonApiResponse->__construct(Object(Tobscure\JsonApi\Document))
#12 /var/www/flarum/vendor/flarum/core/src/Api/Client.php(72): Flarum\Api\Controller\AbstractSerializeController->handle(Object(Laminas\Diactoros\ServerRequest))
#13 /var/www/flarum/vendor/flarum/core/src/Forum/Content/Index.php(108): Flarum\Api\Client->send(Object(Flarum\Api\Controller\ListDiscussionsController), Object(Flarum\User\User), Array)
#14 /var/www/flarum/vendor/flarum/core/src/Forum/Content/Index.php(74): Flarum\Forum\Content\Index->getApiDocument(Object(Flarum\User\User), Array)
#15 /var/www/flarum/vendor/flarum/core/src/Frontend/Frontend.php(63): Flarum\Forum\Content\Index->__invoke(Object(Flarum\Frontend\Document), Object(Laminas\Diactoros\ServerRequest))
#16 /var/www/flarum/vendor/flarum/core/src/Frontend/Frontend.php(55): Flarum\Frontend\Frontend->populate(Object(Flarum\Frontend\Document), Object(Laminas\Diactoros\ServerRequest))
#17 /var/www/flarum/vendor/flarum/core/src/Frontend/Controller.php(32): Flarum\Frontend\Frontend->document(Object(Laminas\Diactoros\ServerRequest))
#18 /var/www/flarum/vendor/flarum/core/src/Http/RouteHandlerFactory.php(38): Flarum\Frontend\Controller->handle(Object(Laminas\Diactoros\ServerRequest))
#19 /var/www/flarum/vendor/flarum/core/src/Http/Middleware/DispatchRoute.php(65): Flarum\Http\RouteHandlerFactory->Flarum\Http\{closure}(Object(Laminas\Diactoros\ServerRequest), Array)
#20 /var/www/flarum/vendor/laminas/laminas-stratigility/src/Next.php(61): Flarum\Http\Middleware\DispatchRoute->process(Object(Laminas\Diactoros\ServerRequest), Object(Closure))
#21 /var/www/flarum/vendor/flarum/core/src/Http/Middleware/ShareErrorsFromSession.php(56): Laminas\Stratigility\Next->handle(Object(Laminas\Diactoros\ServerRequest))
#22 /var/www/flarum/vendor/laminas/laminas-stratigility/src/Next.php(61): Flarum\Http\Middleware\ShareErrorsFromSession->process(Object(Laminas\Diactoros\ServerRequest), Object(Laminas\Stratigility\Next))
#23 /var/www/flarum/vendor/flarum/core/src/Http/Middleware/SetLocale.php(50): Laminas\Stratigility\Next->handle(Object(Laminas\Diactoros\ServerRequest))
#24 /var/www/flarum/vendor/laminas/laminas-stratigility/src/Next.php(61): Flarum\Http\Middleware\SetLocale->process(Object(Laminas\Diactoros\ServerRequest), Object(Laminas\Stratigility\Next))
#25 /var/www/flarum/vendor/flarum/core/src/Http/Middleware/CheckCsrfToken.php(23): Laminas\Stratigility\Next->handle(Object(Laminas\Diactoros\ServerRequest))
#26 /var/www/flarum/vendor/laminas/laminas-stratigility/src/Next.php(61): Flarum\Http\Middleware\CheckCsrfToken->process(Object(Laminas\Diactoros\ServerRequest), Object(Laminas\Stratigility\Next))
#27 /var/www/flarum/vendor/flarum/core/src/Http/Middleware/AuthenticateWithSession.php(32): Laminas\Stratigility\Next->handle(Object(Laminas\Diactoros\ServerRequest))
#28 /var/www/flarum/vendor/laminas/laminas-stratigility/src/Next.php(61): Flarum\Http\Middleware\AuthenticateWithSession->process(Object(Laminas\Diactoros\ServerRequest), Object(Laminas\Stratigility\Next))
#29 /var/www/flarum/vendor/flarum/core/src/Http/Middleware/RememberFromCookie.php(51): Laminas\Stratigility\Next->handle(Object(Laminas\Diactoros\ServerRequest))
#30 /var/www/flarum/vendor/laminas/laminas-stratigility/src/Next.php(61): Flarum\Http\Middleware\RememberFromCookie->process(Object(Laminas\Diactoros\ServerRequest), Object(Laminas\Stratigility\Next))
#31 /var/www/flarum/vendor/flarum/core/src/Http/Middleware/StartSession.php(61): Laminas\Stratigility\Next->handle(Object(Laminas\Diactoros\ServerRequest))
#32 /var/www/flarum/vendor/laminas/laminas-stratigility/src/Next.php(61): Flarum\Http\Middleware\StartSession->process(Object(Laminas\Diactoros\ServerRequest), Object(Laminas\Stratigility\Next))
#33 /var/www/flarum/vendor/flarum/core/src/Http/Middleware/CollectGarbage.php(46): Laminas\Stratigility\Next->handle(Object(Laminas\Diactoros\ServerRequest))
#34 /var/www/flarum/vendor/laminas/laminas-stratigility/src/Next.php(61): Flarum\Http\Middleware\CollectGarbage->process(Object(Laminas\Diactoros\ServerRequest), Object(Laminas\Stratigility\Next))
#35 /var/www/flarum/vendor/flarum/core/src/Http/Middleware/ParseJsonBody.php(28): Laminas\Stratigility\Next->handle(Object(Laminas\Diactoros\ServerRequest))
#36 /var/www/flarum/vendor/laminas/laminas-stratigility/src/Next.php(61): Flarum\Http\Middleware\ParseJsonBody->process(Object(Laminas\Diactoros\ServerRequest), Object(Laminas\Stratigility\Next))
#37 /var/www/flarum/vendor/flarum/core/src/Http/Middleware/HandleErrors.php(57): Laminas\Stratigility\Next->handle(Object(Laminas\Diactoros\ServerRequest))
#38 /var/www/flarum/vendor/laminas/laminas-stratigility/src/Next.php(61): Flarum\Http\Middleware\HandleErrors->process(Object(Laminas\Diactoros\ServerRequest), Object(Laminas\Stratigility\Next))
#39 /var/www/flarum/vendor/laminas/laminas-stratigility/src/MiddlewarePipe.php(84): Laminas\Stratigility\Next->handle(Object(Laminas\Diactoros\ServerRequest))
#40 /var/www/flarum/vendor/middlewares/request-handler/src/RequestHandler.php(84): Laminas\Stratigility\MiddlewarePipe->process(Object(Laminas\Diactoros\ServerRequest), Object(Laminas\Stratigility\Next))
#41 /var/www/flarum/vendor/laminas/laminas-stratigility/src/Next.php(61): Middlewares\RequestHandler->process(Object(Laminas\Diactoros\ServerRequest), Object(Laminas\Stratigility\Next))
#42 /var/www/flarum/vendor/middlewares/base-path-router/src/BasePathRouter.php(97): Laminas\Stratigility\Next->handle(Object(Laminas\Diactoros\ServerRequest))
#43 /var/www/flarum/vendor/laminas/laminas-stratigility/src/Next.php(61): Middlewares\BasePathRouter->process(Object(Laminas\Diactoros\ServerRequest), Object(Laminas\Stratigility\Next))
#44 /var/www/flarum/vendor/laminas/laminas-stratigility/src/Middleware/OriginalMessages.php(42): Laminas\Stratigility\Next->handle(Object(Laminas\Diactoros\ServerRequest))
#45 /var/www/flarum/vendor/laminas/laminas-stratigility/src/Next.php(61): Laminas\Stratigility\Middleware\OriginalMessages->process(Object(Laminas\Diactoros\ServerRequest), Object(Laminas\Stratigility\Next))
#46 /var/www/flarum/vendor/middlewares/base-path/src/BasePath.php(53): Laminas\Stratigility\Next->handle(Object(Laminas\Diactoros\ServerRequest))
#47 /var/www/flarum/vendor/laminas/laminas-stratigility/src/Next.php(61): Middlewares\BasePath->process(Object(Laminas\Diactoros\ServerRequest), Object(Laminas\Stratigility\Next))
#48 /var/www/flarum/vendor/laminas/laminas-stratigility/src/MiddlewarePipe.php(84): Laminas\Stratigility\Next->handle(Object(Laminas\Diactoros\ServerRequest))
#49 /var/www/flarum/vendor/laminas/laminas-stratigility/src/MiddlewarePipe.php(73): Laminas\Stratigility\MiddlewarePipe->process(Object(Laminas\Diactoros\ServerRequest), Object(Laminas\Stratigility\EmptyPipelineHandler))
#50 /var/www/flarum/vendor/laminas/laminas-httphandlerrunner/src/RequestHandlerRunner.php(96): Laminas\Stratigility\MiddlewarePipe->handle(Object(Laminas\Diactoros\ServerRequest))
#51 /var/www/flarum/vendor/flarum/core/src/Http/Server.php(42): Laminas\HttpHandlerRunner\RequestHandlerRunner->run()
#52 /var/www/flarum/public/index.php(26): Flarum\Http\Server->listen()
#53 {main}  
[2020-03-19 17:26:49] production.ERROR: TypeError: Argument 1 passed to Flarum\Formatter\Event\Rendering::__construct() must be an instance of s9e\TextFormatter\Renderer, instance of __PHP_Incomplete_Class given, called in /var/www/flarum/vendor/flarum/core/src/Formatter/Formatter.php on line 78 and defined in /var/www/flarum/vendor/flarum/core/src/Formatter/Event/Rendering.php:43
Stack trace:
#0 /var/www/flarum/vendor/flarum/core/src/Formatter/Formatter.php(78): Flarum\Formatter\Event\Rendering->__construct(Object(__PHP_Incomplete_Class), Object(Flarum\Post\CommentPost), '<r><p>La formul...', Object(Laminas\Diactoros\ServerRequest))
#1 /var/www/flarum/vendor/flarum/core/src/Post/CommentPost.php(172): Flarum\Formatter\Formatter->render('<r><p>La formul...', Object(Flarum\Post\CommentPost), Object(Laminas\Diactoros\ServerRequest))
#2 /var/www/flarum/vendor/flarum/core/src/Api/Serializer/BasicPostSerializer.php(44): Flarum\Post\CommentPost->formatContent(Object(Laminas\Diactoros\ServerRequest))
#3 /var/www/flarum/vendor/flarum/core/src/Api/Serializer/AbstractSerializer.php(84): Flarum\Api\Serializer\BasicPostSerializer->getDefaultAttributes(Object(Flarum\Post\CommentPost))
#4 /var/www/flarum/vendor/tobscure/json-api/src/Resource.php(169): Flarum\Api\Serializer\AbstractSerializer->getAttributes(Object(Flarum\Post\CommentPost), NULL)
#5 /var/www/flarum/vendor/tobscure/json-api/src/Resource.php(75): Tobscure\JsonApi\Resource->getAttributes()
#6 /var/www/flarum/vendor/tobscure/json-api/src/Document.php(187): Tobscure\JsonApi\Resource->toArray()
#7 [internal function]: Tobscure\JsonApi\Document->Tobscure\JsonApi\{closure}(Object(Tobscure\JsonApi\Resource))
#8 /var/www/flarum/vendor/tobscure/json-api/src/Document.php(188): array_map(Object(Closure), Array)
#9 /var/www/flarum/vendor/tobscure/json-api/src/Document.php(224): Tobscure\JsonApi\Document->toArray()
#10 /var/www/flarum/vendor/flarum/core/src/Api/JsonApiResponse.php(27): Tobscure\JsonApi\Document->jsonSerialize()
#11 /var/www/flarum/vendor/flarum/core/src/Api/Controller/AbstractSerializeController.php(111): Flarum\Api\JsonApiResponse->__construct(Object(Tobscure\JsonApi\Document))
#12 /var/www/flarum/vendor/flarum/core/src/Api/Client.php(72): Flarum\Api\Controller\AbstractSerializeController->handle(Object(Laminas\Diactoros\ServerRequest))
#13 /var/www/flarum/vendor/flarum/core/src/Forum/Content/Index.php(108): Flarum\Api\Client->send(Object(Flarum\Api\Controller\ListDiscussionsController), Object(Flarum\User\User), Array)
#14 /var/www/flarum/vendor/flarum/core/src/Forum/Content/Index.php(74): Flarum\Forum\Content\Index->getApiDocument(Object(Flarum\User\User), Array)
#15 /var/www/flarum/vendor/flarum/core/src/Frontend/Frontend.php(63): Flarum\Forum\Content\Index->__invoke(Object(Flarum\Frontend\Document), Object(Laminas\Diactoros\ServerRequest))
#16 /var/www/flarum/vendor/flarum/core/src/Frontend/Frontend.php(55): Flarum\Frontend\Frontend->populate(Object(Flarum\Frontend\Document), Object(Laminas\Diactoros\ServerRequest))
#17 /var/www/flarum/vendor/flarum/core/src/Frontend/Controller.php(32): Flarum\Frontend\Frontend->document(Object(Laminas\Diactoros\ServerRequest))
#18 /var/www/flarum/vendor/flarum/core/src/Http/RouteHandlerFactory.php(38): Flarum\Frontend\Controller->handle(Object(Laminas\Diactoros\ServerRequest))
#19 /var/www/flarum/vendor/flarum/core/src/Http/Middleware/DispatchRoute.php(65): Flarum\Http\RouteHandlerFactory->Flarum\Http\{closure}(Object(Laminas\Diactoros\ServerRequest), Array)
#20 /var/www/flarum/vendor/laminas/laminas-stratigility/src/Next.php(61): Flarum\Http\Middleware\DispatchRoute->process(Object(Laminas\Diactoros\ServerRequest), Object(Closure))
#21 /var/www/flarum/vendor/flarum/core/src/Http/Middleware/ShareErrorsFromSession.php(56): Laminas\Stratigility\Next->handle(Object(Laminas\Diactoros\ServerRequest))
#22 /var/www/flarum/vendor/laminas/laminas-stratigility/src/Next.php(61): Flarum\Http\Middleware\ShareErrorsFromSession->process(Object(Laminas\Diactoros\ServerRequest), Object(Laminas\Stratigility\Next))
#23 /var/www/flarum/vendor/flarum/core/src/Http/Middleware/SetLocale.php(50): Laminas\Stratigility\Next->handle(Object(Laminas\Diactoros\ServerRequest))
#24 /var/www/flarum/vendor/laminas/laminas-stratigility/src/Next.php(61): Flarum\Http\Middleware\SetLocale->process(Object(Laminas\Diactoros\ServerRequest), Object(Laminas\Stratigility\Next))
#25 /var/www/flarum/vendor/flarum/core/src/Http/Middleware/CheckCsrfToken.php(23): Laminas\Stratigility\Next->handle(Object(Laminas\Diactoros\ServerRequest))
#26 /var/www/flarum/vendor/laminas/laminas-stratigility/src/Next.php(61): Flarum\Http\Middleware\CheckCsrfToken->process(Object(Laminas\Diactoros\ServerRequest), Object(Laminas\Stratigility\Next))
#27 /var/www/flarum/vendor/flarum/core/src/Http/Middleware/AuthenticateWithSession.php(32): Laminas\Stratigility\Next->handle(Object(Laminas\Diactoros\ServerRequest))
#28 /var/www/flarum/vendor/laminas/laminas-stratigility/src/Next.php(61): Flarum\Http\Middleware\AuthenticateWithSession->process(Object(Laminas\Diactoros\ServerRequest), Object(Laminas\Stratigility\Next))
#29 /var/www/flarum/vendor/flarum/core/src/Http/Middleware/RememberFromCookie.php(51): Laminas\Stratigility\Next->handle(Object(Laminas\Diactoros\ServerRequest))
#30 /var/www/flarum/vendor/laminas/laminas-stratigility/src/Next.php(61): Flarum\Http\Middleware\RememberFromCookie->process(Object(Laminas\Diactoros\ServerRequest), Object(Laminas\Stratigility\Next))
#31 /var/www/flarum/vendor/flarum/core/src/Http/Middleware/StartSession.php(61): Laminas\Stratigility\Next->handle(Object(Laminas\Diactoros\ServerRequest))
#32 /var/www/flarum/vendor/laminas/laminas-stratigility/src/Next.php(61): Flarum\Http\Middleware\StartSession->process(Object(Laminas\Diactoros\ServerRequest), Object(Laminas\Stratigility\Next))
#33 /var/www/flarum/vendor/flarum/core/src/Http/Middleware/CollectGarbage.php(46): Laminas\Stratigility\Next->handle(Object(Laminas\Diactoros\ServerRequest))
#34 /var/www/flarum/vendor/laminas/laminas-stratigility/src/Next.php(61): Flarum\Http\Middleware\CollectGarbage->process(Object(Laminas\Diactoros\ServerRequest), Object(Laminas\Stratigility\Next))
#35 /var/www/flarum/vendor/flarum/core/src/Http/Middleware/ParseJsonBody.php(28): Laminas\Stratigility\Next->handle(Object(Laminas\Diactoros\ServerRequest))
#36 /var/www/flarum/vendor/laminas/laminas-stratigility/src/Next.php(61): Flarum\Http\Middleware\ParseJsonBody->process(Object(Laminas\Diactoros\ServerRequest), Object(Laminas\Stratigility\Next))
#37 /var/www/flarum/vendor/flarum/core/src/Http/Middleware/HandleErrors.php(57): Laminas\Stratigility\Next->handle(Object(Laminas\Diactoros\ServerRequest))
#38 /var/www/flarum/vendor/laminas/laminas-stratigility/src/Next.php(61): Flarum\Http\Middleware\HandleErrors->process(Object(Laminas\Diactoros\ServerRequest), Object(Laminas\Stratigility\Next))
#39 /var/www/flarum/vendor/laminas/laminas-stratigility/src/MiddlewarePipe.php(84): Laminas\Stratigility\Next->handle(Object(Laminas\Diactoros\ServerRequest))
#40 /var/www/flarum/vendor/middlewares/request-handler/src/RequestHandler.php(84): Laminas\Stratigility\MiddlewarePipe->process(Object(Laminas\Diactoros\ServerRequest), Object(Laminas\Stratigility\Next))
#41 /var/www/flarum/vendor/laminas/laminas-stratigility/src/Next.php(61): Middlewares\RequestHandler->process(Object(Laminas\Diactoros\ServerRequest), Object(Laminas\Stratigility\Next))
#42 /var/www/flarum/vendor/middlewares/base-path-router/src/BasePathRouter.php(97): Laminas\Stratigility\Next->handle(Object(Laminas\Diactoros\ServerRequest))
#43 /var/www/flarum/vendor/laminas/laminas-stratigility/src/Next.php(61): Middlewares\BasePathRouter->process(Object(Laminas\Diactoros\ServerRequest), Object(Laminas\Stratigility\Next))
#44 /var/www/flarum/vendor/laminas/laminas-stratigility/src/Middleware/OriginalMessages.php(42): Laminas\Stratigility\Next->handle(Object(Laminas\Diactoros\ServerRequest))
#45 /var/www/flarum/vendor/laminas/laminas-stratigility/src/Next.php(61): Laminas\Stratigility\Middleware\OriginalMessages->process(Object(Laminas\Diactoros\ServerRequest), Object(Laminas\Stratigility\Next))
#46 /var/www/flarum/vendor/middlewares/base-path/src/BasePath.php(53): Laminas\Stratigility\Next->handle(Object(Laminas\Diactoros\ServerRequest))
#47 /var/www/flarum/vendor/laminas/laminas-stratigility/src/Next.php(61): Middlewares\BasePath->process(Object(Laminas\Diactoros\ServerRequest), Object(Laminas\Stratigility\Next))
#48 /var/www/flarum/vendor/laminas/laminas-stratigility/src/MiddlewarePipe.php(84): Laminas\Stratigility\Next->handle(Object(Laminas\Diactoros\ServerRequest))
#49 /var/www/flarum/vendor/laminas/laminas-stratigility/src/MiddlewarePipe.php(73): Laminas\Stratigility\MiddlewarePipe->process(Object(Laminas\Diactoros\ServerRequest), Object(Laminas\Stratigility\EmptyPipelineHandler))
#50 /var/www/flarum/vendor/laminas/laminas-httphandlerrunner/src/RequestHandlerRunner.php(96): Laminas\Stratigility\MiddlewarePipe->handle(Object(Laminas\Diactoros\ServerRequest))
#51 /var/www/flarum/vendor/flarum/core/src/Http/Server.php(42): Laminas\HttpHandlerRunner\RequestHandlerRunner->run()
#52 /var/www/flarum/public/index.php(26): Flarum\Http\Server->listen()
#53 {main}  
[2020-03-19 17:26:58] production.ERROR: TypeError: Argument 1 passed to Flarum\Formatter\Event\Rendering::__construct() must be an instance of s9e\TextFormatter\Renderer, instance of __PHP_Incomplete_Class given, called in /var/www/flarum/vendor/flarum/core/src/Formatter/Formatter.php on line 78 and defined in /var/www/flarum/vendor/flarum/core/src/Formatter/Event/Rendering.php:43
Stack trace:
#0 /var/www/flarum/vendor/flarum/core/src/Formatter/Formatter.php(78): Flarum\Formatter\Event\Rendering->__construct(Object(__PHP_Incomplete_Class), Object(Flarum\Post\CommentPost), '<r><p>La formul...', Object(Laminas\Diactoros\ServerRequest))
#1 /var/www/flarum/vendor/flarum/core/src/Post/CommentPost.php(172): Flarum\Formatter\Formatter->render('<r><p>La formul...', Object(Flarum\Post\CommentPost), Object(Laminas\Diactoros\ServerRequest))
#2 /var/www/flarum/vendor/flarum/core/src/Api/Serializer/BasicPostSerializer.php(44): Flarum\Post\CommentPost->formatContent(Object(Laminas\Diactoros\ServerRequest))
#3 /var/www/flarum/vendor/flarum/core/src/Api/Serializer/AbstractSerializer.php(84): Flarum\Api\Serializer\BasicPostSerializer->getDefaultAttributes(Object(Flarum\Post\CommentPost))
#4 /var/www/flarum/vendor/tobscure/json-api/src/Resource.php(169): Flarum\Api\Serializer\AbstractSerializer->getAttributes(Object(Flarum\Post\CommentPost), NULL)
#5 /var/www/flarum/vendor/tobscure/json-api/src/Resource.php(75): Tobscure\JsonApi\Resource->getAttributes()
#6 /var/www/flarum/vendor/tobscure/json-api/src/Document.php(187): Tobscure\JsonApi\Resource->toArray()
#7 [internal function]: Tobscure\JsonApi\Document->Tobscure\JsonApi\{closure}(Object(Tobscure\JsonApi\Resource))
#8 /var/www/flarum/vendor/tobscure/json-api/src/Document.php(188): array_map(Object(Closure), Array)
#9 /var/www/flarum/vendor/tobscure/json-api/src/Document.php(224): Tobscure\JsonApi\Document->toArray()
#10 /var/www/flarum/vendor/flarum/core/src/Api/JsonApiResponse.php(27): Tobscure\JsonApi\Document->jsonSerialize()
#11 /var/www/flarum/vendor/flarum/core/src/Api/Controller/AbstractSerializeController.php(111): Flarum\Api\JsonApiResponse->__construct(Object(Tobscure\JsonApi\Document))
#12 /var/www/flarum/vendor/flarum/core/src/Api/Client.php(72): Flarum\Api\Controller\AbstractSerializeController->handle(Object(Laminas\Diactoros\ServerRequest))
#13 /var/www/flarum/vendor/flarum/core/src/Forum/Content/Index.php(108): Flarum\Api\Client->send(Object(Flarum\Api\Controller\ListDiscussionsController), Object(Flarum\User\User), Array)
#14 /var/www/flarum/vendor/flarum/core/src/Forum/Content/Index.php(74): Flarum\Forum\Content\Index->getApiDocument(Object(Flarum\User\User), Array)
#15 /var/www/flarum/vendor/flarum/core/src/Frontend/Frontend.php(63): Flarum\Forum\Content\Index->__invoke(Object(Flarum\Frontend\Document), Object(Laminas\Diactoros\ServerRequest))
#16 /var/www/flarum/vendor/flarum/core/src/Frontend/Frontend.php(55): Flarum\Frontend\Frontend->populate(Object(Flarum\Frontend\Document), Object(Laminas\Diactoros\ServerRequest))
#17 /var/www/flarum/vendor/flarum/core/src/Frontend/Controller.php(32): Flarum\Frontend\Frontend->document(Object(Laminas\Diactoros\ServerRequest))
#18 /var/www/flarum/vendor/flarum/core/src/Http/RouteHandlerFactory.php(38): Flarum\Frontend\Controller->handle(Object(Laminas\Diactoros\ServerRequest))
#19 /var/www/flarum/vendor/flarum/core/src/Http/Middleware/DispatchRoute.php(65): Flarum\Http\RouteHandlerFactory->Flarum\Http\{closure}(Object(Laminas\Diactoros\ServerRequest), Array)
#20 /var/www/flarum/vendor/laminas/laminas-stratigility/src/Next.php(61): Flarum\Http\Middleware\DispatchRoute->process(Object(Laminas\Diactoros\ServerRequest), Object(Closure))
#21 /var/www/flarum/vendor/flarum/core/src/Http/Middleware/ShareErrorsFromSession.php(56): Laminas\Stratigility\Next->handle(Object(Laminas\Diactoros\ServerRequest))
#22 /var/www/flarum/vendor/laminas/laminas-stratigility/src/Next.php(61): Flarum\Http\Middleware\ShareErrorsFromSession->process(Object(Laminas\Diactoros\ServerRequest), Object(Laminas\Stratigility\Next))
#23 /var/www/flarum/vendor/flarum/core/src/Http/Middleware/SetLocale.php(50): Laminas\Stratigility\Next->handle(Object(Laminas\Diactoros\ServerRequest))
#24 /var/www/flarum/vendor/laminas/laminas-stratigility/src/Next.php(61): Flarum\Http\Middleware\SetLocale->process(Object(Laminas\Diactoros\ServerRequest), Object(Laminas\Stratigility\Next))
#25 /var/www/flarum/vendor/flarum/core/src/Http/Middleware/CheckCsrfToken.php(23): Laminas\Stratigility\Next->handle(Object(Laminas\Diactoros\ServerRequest))
#26 /var/www/flarum/vendor/laminas/laminas-stratigility/src/Next.php(61): Flarum\Http\Middleware\CheckCsrfToken->process(Object(Laminas\Diactoros\ServerRequest), Object(Laminas\Stratigility\Next))
#27 /var/www/flarum/vendor/flarum/core/src/Http/Middleware/AuthenticateWithSession.php(32): Laminas\Stratigility\Next->handle(Object(Laminas\Diactoros\ServerRequest))
#28 /var/www/flarum/vendor/laminas/laminas-stratigility/src/Next.php(61): Flarum\Http\Middleware\AuthenticateWithSession->process(Object(Laminas\Diactoros\ServerRequest), Object(Laminas\Stratigility\Next))
#29 /var/www/flarum/vendor/flarum/core/src/Http/Middleware/RememberFromCookie.php(51): Laminas\Stratigility\Next->handle(Object(Laminas\Diactoros\ServerRequest))
#30 /var/www/flarum/vendor/laminas/laminas-stratigility/src/Next.php(61): Flarum\Http\Middleware\RememberFromCookie->process(Object(Laminas\Diactoros\ServerRequest), Object(Laminas\Stratigility\Next))
#31 /var/www/flarum/vendor/flarum/core/src/Http/Middleware/StartSession.php(61): Laminas\Stratigility\Next->handle(Object(Laminas\Diactoros\ServerRequest))
#32 /var/www/flarum/vendor/laminas/laminas-stratigility/src/Next.php(61): Flarum\Http\Middleware\StartSession->process(Object(Laminas\Diactoros\ServerRequest), Object(Laminas\Stratigility\Next))
#33 /var/www/flarum/vendor/flarum/core/src/Http/Middleware/CollectGarbage.php(46): Laminas\Stratigility\Next->handle(Object(Laminas\Diactoros\ServerRequest))
#34 /var/www/flarum/vendor/laminas/laminas-stratigility/src/Next.php(61): Flarum\Http\Middleware\CollectGarbage->process(Object(Laminas\Diactoros\ServerRequest), Object(Laminas\Stratigility\Next))
#35 /var/www/flarum/vendor/flarum/core/src/Http/Middleware/ParseJsonBody.php(28): Laminas\Stratigility\Next->handle(Object(Laminas\Diactoros\ServerRequest))
#36 /var/www/flarum/vendor/laminas/laminas-stratigility/src/Next.php(61): Flarum\Http\Middleware\ParseJsonBody->process(Object(Laminas\Diactoros\ServerRequest), Object(Laminas\Stratigility\Next))
#37 /var/www/flarum/vendor/flarum/core/src/Http/Middleware/HandleErrors.php(57): Laminas\Stratigility\Next->handle(Object(Laminas\Diactoros\ServerRequest))
#38 /var/www/flarum/vendor/laminas/laminas-stratigility/src/Next.php(61): Flarum\Http\Middleware\HandleErrors->process(Object(Laminas\Diactoros\ServerRequest), Object(Laminas\Stratigility\Next))
#39 /var/www/flarum/vendor/laminas/laminas-stratigility/src/MiddlewarePipe.php(84): Laminas\Stratigility\Next->handle(Object(Laminas\Diactoros\ServerRequest))
#40 /var/www/flarum/vendor/middlewares/request-handler/src/RequestHandler.php(84): Laminas\Stratigility\MiddlewarePipe->process(Object(Laminas\Diactoros\ServerRequest), Object(Laminas\Stratigility\Next))
#41 /var/www/flarum/vendor/laminas/laminas-stratigility/src/Next.php(61): Middlewares\RequestHandler->process(Object(Laminas\Diactoros\ServerRequest), Object(Laminas\Stratigility\Next))
#42 /var/www/flarum/vendor/middlewares/base-path-router/src/BasePathRouter.php(97): Laminas\Stratigility\Next->handle(Object(Laminas\Diactoros\ServerRequest))
#43 /var/www/flarum/vendor/laminas/laminas-stratigility/src/Next.php(61): Middlewares\BasePathRouter->process(Object(Laminas\Diactoros\ServerRequest), Object(Laminas\Stratigility\Next))
#44 /var/www/flarum/vendor/laminas/laminas-stratigility/src/Middleware/OriginalMessages.php(42): Laminas\Stratigility\Next->handle(Object(Laminas\Diactoros\ServerRequest))
#45 /var/www/flarum/vendor/laminas/laminas-stratigility/src/Next.php(61): Laminas\Stratigility\Middleware\OriginalMessages->process(Object(Laminas\Diactoros\ServerRequest), Object(Laminas\Stratigility\Next))
#46 /var/www/flarum/vendor/middlewares/base-path/src/BasePath.php(53): Laminas\Stratigility\Next->handle(Object(Laminas\Diactoros\ServerRequest))
#47 /var/www/flarum/vendor/laminas/laminas-stratigility/src/Next.php(61): Middlewares\BasePath->process(Object(Laminas\Diactoros\ServerRequest), Object(Laminas\Stratigility\Next))
#48 /var/www/flarum/vendor/laminas/laminas-stratigility/src/MiddlewarePipe.php(84): Laminas\Stratigility\Next->handle(Object(Laminas\Diactoros\ServerRequest))
#49 /var/www/flarum/vendor/laminas/laminas-stratigility/src/MiddlewarePipe.php(73): Laminas\Stratigility\MiddlewarePipe->process(Object(Laminas\Diactoros\ServerRequest), Object(Laminas\Stratigility\EmptyPipelineHandler))
#50 /var/www/flarum/vendor/laminas/laminas-httphandlerrunner/src/RequestHandlerRunner.php(96): Laminas\Stratigility\MiddlewarePipe->handle(Object(Laminas\Diactoros\ServerRequest))
#51 /var/www/flarum/vendor/flarum/core/src/Http/Server.php(42): Laminas\HttpHandlerRunner\RequestHandlerRunner->run()
#52 /var/www/flarum/public/index.php(26): Flarum\Http\Server->listen()
#53 {main}  
[2020-03-19 17:28:18] production.ERROR: TypeError: Argument 1 passed to Flarum\Formatter\Event\Rendering::__construct() must be an instance of s9e\TextFormatter\Renderer, instance of __PHP_Incomplete_Class given, called in /var/www/flarum/vendor/flarum/core/src/Formatter/Formatter.php on line 78 and defined in /var/www/flarum/vendor/flarum/core/src/Formatter/Event/Rendering.php:43
Stack trace:
#0 /var/www/flarum/vendor/flarum/core/src/Formatter/Formatter.php(78): Flarum\Formatter\Event\Rendering->__construct(Object(__PHP_Incomplete_Class), Object(Flarum\Post\CommentPost), '<r><p>La formul...', Object(Laminas\Diactoros\ServerRequest))
#1 /var/www/flarum/vendor/flarum/core/src/Post/CommentPost.php(172): Flarum\Formatter\Formatter->render('<r><p>La formul...', Object(Flarum\Post\CommentPost), Object(Laminas\Diactoros\ServerRequest))
#2 /var/www/flarum/vendor/flarum/core/src/Api/Serializer/BasicPostSerializer.php(44): Flarum\Post\CommentPost->formatContent(Object(Laminas\Diactoros\ServerRequest))
#3 /var/www/flarum/vendor/flarum/core/src/Api/Serializer/AbstractSerializer.php(84): Flarum\Api\Serializer\BasicPostSerializer->getDefaultAttributes(Object(Flarum\Post\CommentPost))
#4 /var/www/flarum/vendor/tobscure/json-api/src/Resource.php(169): Flarum\Api\Serializer\AbstractSerializer->getAttributes(Object(Flarum\Post\CommentPost), NULL)
#5 /var/www/flarum/vendor/tobscure/json-api/src/Resource.php(75): Tobscure\JsonApi\Resource->getAttributes()
#6 /var/www/flarum/vendor/tobscure/json-api/src/Document.php(187): Tobscure\JsonApi\Resource->toArray()
#7 [internal function]: Tobscure\JsonApi\Document->Tobscure\JsonApi\{closure}(Object(Tobscure\JsonApi\Resource))
#8 /var/www/flarum/vendor/tobscure/json-api/src/Document.php(188): array_map(Object(Closure), Array)
#9 /var/www/flarum/vendor/tobscure/json-api/src/Document.php(224): Tobscure\JsonApi\Document->toArray()
#10 /var/www/flarum/vendor/flarum/core/src/Api/JsonApiResponse.php(27): Tobscure\JsonApi\Document->jsonSerialize()
#11 /var/www/flarum/vendor/flarum/core/src/Api/Controller/AbstractSerializeController.php(111): Flarum\Api\JsonApiResponse->__construct(Object(Tobscure\JsonApi\Document))
#12 /var/www/flarum/vendor/flarum/core/src/Api/Client.php(72): Flarum\Api\Controller\AbstractSerializeController->handle(Object(Laminas\Diactoros\ServerRequest))
#13 /var/www/flarum/vendor/flarum/core/src/Forum/Content/Index.php(108): Flarum\Api\Client->send(Object(Flarum\Api\Controller\ListDiscussionsController), Object(Flarum\User\User), Array)
#14 /var/www/flarum/vendor/flarum/core/src/Forum/Content/Index.php(74): Flarum\Forum\Content\Index->getApiDocument(Object(Flarum\User\User), Array)
#15 /var/www/flarum/vendor/flarum/core/src/Frontend/Frontend.php(63): Flarum\Forum\Content\Index->__invoke(Object(Flarum\Frontend\Document), Object(Laminas\Diactoros\ServerRequest))
#16 /var/www/flarum/vendor/flarum/core/src/Frontend/Frontend.php(55): Flarum\Frontend\Frontend->populate(Object(Flarum\Frontend\Document), Object(Laminas\Diactoros\ServerRequest))
#17 /var/www/flarum/vendor/flarum/core/src/Frontend/Controller.php(32): Flarum\Frontend\Frontend->document(Object(Laminas\Diactoros\ServerRequest))
#18 /var/www/flarum/vendor/flarum/core/src/Http/RouteHandlerFactory.php(38): Flarum\Frontend\Controller->handle(Object(Laminas\Diactoros\ServerRequest))
#19 /var/www/flarum/vendor/flarum/core/src/Http/Middleware/DispatchRoute.php(65): Flarum\Http\RouteHandlerFactory->Flarum\Http\{closure}(Object(Laminas\Diactoros\ServerRequest), Array)
#20 /var/www/flarum/vendor/laminas/laminas-stratigility/src/Next.php(61): Flarum\Http\Middleware\DispatchRoute->process(Object(Laminas\Diactoros\ServerRequest), Object(Closure))
#21 /var/www/flarum/vendor/flarum/core/src/Http/Middleware/ShareErrorsFromSession.php(56): Laminas\Stratigility\Next->handle(Object(Laminas\Diactoros\ServerRequest))
#22 /var/www/flarum/vendor/laminas/laminas-stratigility/src/Next.php(61): Flarum\Http\Middleware\ShareErrorsFromSession->process(Object(Laminas\Diactoros\ServerRequest), Object(Laminas\Stratigility\Next))
#23 /var/www/flarum/vendor/flarum/core/src/Http/Middleware/SetLocale.php(50): Laminas\Stratigility\Next->handle(Object(Laminas\Diactoros\ServerRequest))
#24 /var/www/flarum/vendor/laminas/laminas-stratigility/src/Next.php(61): Flarum\Http\Middleware\SetLocale->process(Object(Laminas\Diactoros\ServerRequest), Object(Laminas\Stratigility\Next))
#25 /var/www/flarum/vendor/flarum/core/src/Http/Middleware/CheckCsrfToken.php(23): Laminas\Stratigility\Next->handle(Object(Laminas\Diactoros\ServerRequest))
#26 /var/www/flarum/vendor/laminas/laminas-stratigility/src/Next.php(61): Flarum\Http\Middleware\CheckCsrfToken->process(Object(Laminas\Diactoros\ServerRequest), Object(Laminas\Stratigility\Next))
#27 /var/www/flarum/vendor/flarum/core/src/Http/Middleware/AuthenticateWithSession.php(32): Laminas\Stratigility\Next->handle(Object(Laminas\Diactoros\ServerRequest))
#28 /var/www/flarum/vendor/laminas/laminas-stratigility/src/Next.php(61): Flarum\Http\Middleware\AuthenticateWithSession->process(Object(Laminas\Diactoros\ServerRequest), Object(Laminas\Stratigility\Next))
#29 /var/www/flarum/vendor/flarum/core/src/Http/Middleware/RememberFromCookie.php(51): Laminas\Stratigility\Next->handle(Object(Laminas\Diactoros\ServerRequest))
#30 /var/www/flarum/vendor/laminas/laminas-stratigility/src/Next.php(61): Flarum\Http\Middleware\RememberFromCookie->process(Object(Laminas\Diactoros\ServerRequest), Object(Laminas\Stratigility\Next))
#31 /var/www/flarum/vendor/flarum/core/src/Http/Middleware/StartSession.php(61): Laminas\Stratigility\Next->handle(Object(Laminas\Diactoros\ServerRequest))
#32 /var/www/flarum/vendor/laminas/laminas-stratigility/src/Next.php(61): Flarum\Http\Middleware\StartSession->process(Object(Laminas\Diactoros\ServerRequest), Object(Laminas\Stratigility\Next))
#33 /var/www/flarum/vendor/flarum/core/src/Http/Middleware/CollectGarbage.php(46): Laminas\Stratigility\Next->handle(Object(Laminas\Diactoros\ServerRequest))
#34 /var/www/flarum/vendor/laminas/laminas-stratigility/src/Next.php(61): Flarum\Http\Middleware\CollectGarbage->process(Object(Laminas\Diactoros\ServerRequest), Object(Laminas\Stratigility\Next))
#35 /var/www/flarum/vendor/flarum/core/src/Http/Middleware/ParseJsonBody.php(28): Laminas\Stratigility\Next->handle(Object(Laminas\Diactoros\ServerRequest))
#36 /var/www/flarum/vendor/laminas/laminas-stratigility/src/Next.php(61): Flarum\Http\Middleware\ParseJsonBody->process(Object(Laminas\Diactoros\ServerRequest), Object(Laminas\Stratigility\Next))
#37 /var/www/flarum/vendor/flarum/core/src/Http/Middleware/HandleErrors.php(57): Laminas\Stratigility\Next->handle(Object(Laminas\Diactoros\ServerRequest))
#38 /var/www/flarum/vendor/laminas/laminas-stratigility/src/Next.php(61): Flarum\Http\Middleware\HandleErrors->process(Object(Laminas\Diactoros\ServerRequest), Object(Laminas\Stratigility\Next))
#39 /var/www/flarum/vendor/laminas/laminas-stratigility/src/MiddlewarePipe.php(84): Laminas\Stratigility\Next->handle(Object(Laminas\Diactoros\ServerRequest))
#40 /var/www/flarum/vendor/middlewares/request-handler/src/RequestHandler.php(84): Laminas\Stratigility\MiddlewarePipe->process(Object(Laminas\Diactoros\ServerRequest), Object(Laminas\Stratigility\Next))
#41 /var/www/flarum/vendor/laminas/laminas-stratigility/src/Next.php(61): Middlewares\RequestHandler->process(Object(Laminas\Diactoros\ServerRequest), Object(Laminas\Stratigility\Next))
#42 /var/www/flarum/vendor/middlewares/base-path-router/src/BasePathRouter.php(97): Laminas\Stratigility\Next->handle(Object(Laminas\Diactoros\ServerRequest))
#43 /var/www/flarum/vendor/laminas/laminas-stratigility/src/Next.php(61): Middlewares\BasePathRouter->process(Object(Laminas\Diactoros\ServerRequest), Object(Laminas\Stratigility\Next))
#44 /var/www/flarum/vendor/laminas/laminas-stratigility/src/Middleware/OriginalMessages.php(42): Laminas\Stratigility\Next->handle(Object(Laminas\Diactoros\ServerRequest))
#45 /var/www/flarum/vendor/laminas/laminas-stratigility/src/Next.php(61): Laminas\Stratigility\Middleware\OriginalMessages->process(Object(Laminas\Diactoros\ServerRequest), Object(Laminas\Stratigility\Next))
#46 /var/www/flarum/vendor/middlewares/base-path/src/BasePath.php(53): Laminas\Stratigility\Next->handle(Object(Laminas\Diactoros\ServerRequest))
#47 /var/www/flarum/vendor/laminas/laminas-stratigility/src/Next.php(61): Middlewares\BasePath->process(Object(Laminas\Diactoros\ServerRequest), Object(Laminas\Stratigility\Next))
#48 /var/www/flarum/vendor/laminas/laminas-stratigility/src/MiddlewarePipe.php(84): Laminas\Stratigility\Next->handle(Object(Laminas\Diactoros\ServerRequest))
#49 /var/www/flarum/vendor/laminas/laminas-stratigility/src/MiddlewarePipe.php(73): Laminas\Stratigility\MiddlewarePipe->process(Object(Laminas\Diactoros\ServerRequest), Object(Laminas\Stratigility\EmptyPipelineHandler))
#50 /var/www/flarum/vendor/laminas/laminas-httphandlerrunner/src/RequestHandlerRunner.php(96): Laminas\Stratigility\MiddlewarePipe->handle(Object(Laminas\Diactoros\ServerRequest))
#51 /var/www/flarum/vendor/flarum/core/src/Http/Server.php(42): Laminas\HttpHandlerRunner\RequestHandlerRunner->run()
#52 /var/www/flarum/public/index.php(26): Flarum\Http\Server->listen()
#53 {main}  
