[2022-06-30 14:54:16] production.ERROR: TypeError: Argument 1 passed to Flarum\Formatter\Event\Rendering::__construct() must be an instance of s9e\TextFormatter\Renderer, null given, called in C:\xampp\htdocs\mathe\teacher-forum\vendor\flarum\core\src\Formatter\Formatter.php on line 78 and defined in C:\xampp\htdocs\mathe\teacher-forum\vendor\flarum\core\src\Formatter\Event\Rendering.php:43
Stack trace:
#0 C:\xampp\htdocs\mathe\teacher-forum\vendor\flarum\core\src\Formatter\Formatter.php(78): Flarum\Formatter\Event\Rendering->__construct(NULL, Object(Flarum\Post\CommentPost), '<r><p>Has anyon...', Object(Laminas\Diactoros\ServerRequest))
#1 C:\xampp\htdocs\mathe\teacher-forum\vendor\flarum\core\src\Post\CommentPost.php(172): Flarum\Formatter\Formatter->render('<r><p>Has anyon...', Object(Flarum\Post\CommentPost), Object(Laminas\Diactoros\ServerRequest))
#2 C:\xampp\htdocs\mathe\teacher-forum\vendor\flarum\core\src\Api\Serializer\BasicPostSerializer.php(44): Flarum\Post\CommentPost->formatContent(Object(Laminas\Diactoros\ServerRequest))
#3 C:\xampp\htdocs\mathe\teacher-forum\vendor\flarum\core\src\Api\Serializer\AbstractSerializer.php(84): Flarum\Api\Serializer\BasicPostSerializer->getDefaultAttributes(Object(Flarum\Post\CommentPost))
#4 C:\xampp\htdocs\mathe\teacher-forum\vendor\tobscure\json-api\src\Resource.php(169): Flarum\Api\Serializer\AbstractSerializer->getAttributes(Object(Flarum\Post\CommentPost), NULL)
#5 C:\xampp\htdocs\mathe\teacher-forum\vendor\tobscure\json-api\src\Resource.php(75): Tobscure\JsonApi\Resource->getAttributes()
#6 C:\xampp\htdocs\mathe\teacher-forum\vendor\tobscure\json-api\src\Document.php(187): Tobscure\JsonApi\Resource->toArray()
#7 [internal function]: Tobscure\JsonApi\Document->Tobscure\JsonApi\{closure}(Object(Tobscure\JsonApi\Resource))
#8 C:\xampp\htdocs\mathe\teacher-forum\vendor\tobscure\json-api\src\Document.php(188): array_map(Object(Closure), Array)
#9 C:\xampp\htdocs\mathe\teacher-forum\vendor\tobscure\json-api\src\Document.php(224): Tobscure\JsonApi\Document->toArray()
#10 C:\xampp\htdocs\mathe\teacher-forum\vendor\flarum\core\src\Api\JsonApiResponse.php(27): Tobscure\JsonApi\Document->jsonSerialize()
#11 C:\xampp\htdocs\mathe\teacher-forum\vendor\flarum\core\src\Api\Controller\AbstractSerializeController.php(111): Flarum\Api\JsonApiResponse->__construct(Object(Tobscure\JsonApi\Document))
#12 C:\xampp\htdocs\mathe\teacher-forum\vendor\flarum\core\src\Api\Client.php(72): Flarum\Api\Controller\AbstractSerializeController->handle(Object(Laminas\Diactoros\ServerRequest))
#13 C:\xampp\htdocs\mathe\teacher-forum\vendor\flarum\core\src\Forum\Content\Index.php(108): Flarum\Api\Client->send(Object(Flarum\Api\Controller\ListDiscussionsController), Object(Flarum\User\Guest), Array)
#14 C:\xampp\htdocs\mathe\teacher-forum\vendor\flarum\core\src\Forum\Content\Index.php(74): Flarum\Forum\Content\Index->getApiDocument(Object(Flarum\User\Guest), Array)
#15 C:\xampp\htdocs\mathe\teacher-forum\vendor\flarum\core\src\Frontend\Frontend.php(63): Flarum\Forum\Content\Index->__invoke(Object(Flarum\Frontend\Document), Object(Laminas\Diactoros\ServerRequest))
#16 C:\xampp\htdocs\mathe\teacher-forum\vendor\flarum\core\src\Frontend\Frontend.php(55): Flarum\Frontend\Frontend->populate(Object(Flarum\Frontend\Document), Object(Laminas\Diactoros\ServerRequest))
#17 C:\xampp\htdocs\mathe\teacher-forum\vendor\flarum\core\src\Frontend\Controller.php(32): Flarum\Frontend\Frontend->document(Object(Laminas\Diactoros\ServerRequest))
#18 C:\xampp\htdocs\mathe\teacher-forum\vendor\flarum\core\src\Http\RouteHandlerFactory.php(38): Flarum\Frontend\Controller->handle(Object(Laminas\Diactoros\ServerRequest))
#19 C:\xampp\htdocs\mathe\teacher-forum\vendor\flarum\core\src\Http\Middleware\DispatchRoute.php(65): Flarum\Http\RouteHandlerFactory->Flarum\Http\{closure}(Object(Laminas\Diactoros\ServerRequest), Array)
#20 C:\xampp\htdocs\mathe\teacher-forum\vendor\laminas\laminas-stratigility\src\Next.php(61): Flarum\Http\Middleware\DispatchRoute->process(Object(Laminas\Diactoros\ServerRequest), Object(Closure))
#21 C:\xampp\htdocs\mathe\teacher-forum\vendor\flarum\core\src\Http\Middleware\ShareErrorsFromSession.php(56): Laminas\Stratigility\Next->handle(Object(Laminas\Diactoros\ServerRequest))
#22 C:\xampp\htdocs\mathe\teacher-forum\vendor\laminas\laminas-stratigility\src\Next.php(61): Flarum\Http\Middleware\ShareErrorsFromSession->process(Object(Laminas\Diactoros\ServerRequest), Object(Laminas\Stratigility\Next))
#23 C:\xampp\htdocs\mathe\teacher-forum\vendor\flarum\core\src\Http\Middleware\SetLocale.php(50): Laminas\Stratigility\Next->handle(Object(Laminas\Diactoros\ServerRequest))
#24 C:\xampp\htdocs\mathe\teacher-forum\vendor\laminas\laminas-stratigility\src\Next.php(61): Flarum\Http\Middleware\SetLocale->process(Object(Laminas\Diactoros\ServerRequest), Object(Laminas\Stratigility\Next))
#25 C:\xampp\htdocs\mathe\teacher-forum\vendor\flarum\core\src\Http\Middleware\CheckCsrfToken.php(23): Laminas\Stratigility\Next->handle(Object(Laminas\Diactoros\ServerRequest))
#26 C:\xampp\htdocs\mathe\teacher-forum\vendor\laminas\laminas-stratigility\src\Next.php(61): Flarum\Http\Middleware\CheckCsrfToken->process(Object(Laminas\Diactoros\ServerRequest), Object(Laminas\Stratigility\Next))
#27 C:\xampp\htdocs\mathe\teacher-forum\vendor\flarum\core\src\Http\Middleware\AuthenticateWithSession.php(32): Laminas\Stratigility\Next->handle(Object(Laminas\Diactoros\ServerRequest))
#28 C:\xampp\htdocs\mathe\teacher-forum\vendor\laminas\laminas-stratigility\src\Next.php(61): Flarum\Http\Middleware\AuthenticateWithSession->process(Object(Laminas\Diactoros\ServerRequest), Object(Laminas\Stratigility\Next))
#29 C:\xampp\htdocs\mathe\teacher-forum\vendor\flarum\core\src\Http\Middleware\RememberFromCookie.php(51): Laminas\Stratigility\Next->handle(Object(Laminas\Diactoros\ServerRequest))
#30 C:\xampp\htdocs\mathe\teacher-forum\vendor\laminas\laminas-stratigility\src\Next.php(61): Flarum\Http\Middleware\RememberFromCookie->process(Object(Laminas\Diactoros\ServerRequest), Object(Laminas\Stratigility\Next))
#31 C:\xampp\htdocs\mathe\teacher-forum\vendor\flarum\core\src\Http\Middleware\StartSession.php(61): Laminas\Stratigility\Next->handle(Object(Laminas\Diactoros\ServerRequest))
#32 C:\xampp\htdocs\mathe\teacher-forum\vendor\laminas\laminas-stratigility\src\Next.php(61): Flarum\Http\Middleware\StartSession->process(Object(Laminas\Diactoros\ServerRequest), Object(Laminas\Stratigility\Next))
#33 C:\xampp\htdocs\mathe\teacher-forum\vendor\flarum\core\src\Http\Middleware\CollectGarbage.php(46): Laminas\Stratigility\Next->handle(Object(Laminas\Diactoros\ServerRequest))
#34 C:\xampp\htdocs\mathe\teacher-forum\vendor\laminas\laminas-stratigility\src\Next.php(61): Flarum\Http\Middleware\CollectGarbage->process(Object(Laminas\Diactoros\ServerRequest), Object(Laminas\Stratigility\Next))
#35 C:\xampp\htdocs\mathe\teacher-forum\vendor\flarum\core\src\Http\Middleware\ParseJsonBody.php(28): Laminas\Stratigility\Next->handle(Object(Laminas\Diactoros\ServerRequest))
#36 C:\xampp\htdocs\mathe\teacher-forum\vendor\laminas\laminas-stratigility\src\Next.php(61): Flarum\Http\Middleware\ParseJsonBody->process(Object(Laminas\Diactoros\ServerRequest), Object(Laminas\Stratigility\Next))
#37 C:\xampp\htdocs\mathe\teacher-forum\vendor\flarum\core\src\Http\Middleware\HandleErrors.php(57): Laminas\Stratigility\Next->handle(Object(Laminas\Diactoros\ServerRequest))
#38 C:\xampp\htdocs\mathe\teacher-forum\vendor\laminas\laminas-stratigility\src\Next.php(61): Flarum\Http\Middleware\HandleErrors->process(Object(Laminas\Diactoros\ServerRequest), Object(Laminas\Stratigility\Next))
#39 C:\xampp\htdocs\mathe\teacher-forum\vendor\laminas\laminas-stratigility\src\MiddlewarePipe.php(84): Laminas\Stratigility\Next->handle(Object(Laminas\Diactoros\ServerRequest))
#40 C:\xampp\htdocs\mathe\teacher-forum\vendor\middlewares\request-handler\src\RequestHandler.php(84): Laminas\Stratigility\MiddlewarePipe->process(Object(Laminas\Diactoros\ServerRequest), Object(Laminas\Stratigility\Next))
#41 C:\xampp\htdocs\mathe\teacher-forum\vendor\laminas\laminas-stratigility\src\Next.php(61): Middlewares\RequestHandler->process(Object(Laminas\Diactoros\ServerRequest), Object(Laminas\Stratigility\Next))
#42 C:\xampp\htdocs\mathe\teacher-forum\vendor\middlewares\base-path-router\src\BasePathRouter.php(97): Laminas\Stratigility\Next->handle(Object(Laminas\Diactoros\ServerRequest))
#43 C:\xampp\htdocs\mathe\teacher-forum\vendor\laminas\laminas-stratigility\src\Next.php(61): Middlewares\BasePathRouter->process(Object(Laminas\Diactoros\ServerRequest), Object(Laminas\Stratigility\Next))
#44 C:\xampp\htdocs\mathe\teacher-forum\vendor\laminas\laminas-stratigility\src\Middleware\OriginalMessages.php(42): Laminas\Stratigility\Next->handle(Object(Laminas\Diactoros\ServerRequest))
#45 C:\xampp\htdocs\mathe\teacher-forum\vendor\laminas\laminas-stratigility\src\Next.php(61): Laminas\Stratigility\Middleware\OriginalMessages->process(Object(Laminas\Diactoros\ServerRequest), Object(Laminas\Stratigility\Next))
#46 C:\xampp\htdocs\mathe\teacher-forum\vendor\middlewares\base-path\src\BasePath.php(53): Laminas\Stratigility\Next->handle(Object(Laminas\Diactoros\ServerRequest))
#47 C:\xampp\htdocs\mathe\teacher-forum\vendor\laminas\laminas-stratigility\src\Next.php(61): Middlewares\BasePath->process(Object(Laminas\Diactoros\ServerRequest), Object(Laminas\Stratigility\Next))
#48 C:\xampp\htdocs\mathe\teacher-forum\vendor\laminas\laminas-stratigility\src\MiddlewarePipe.php(84): Laminas\Stratigility\Next->handle(Object(Laminas\Diactoros\ServerRequest))
#49 C:\xampp\htdocs\mathe\teacher-forum\vendor\laminas\laminas-stratigility\src\MiddlewarePipe.php(73): Laminas\Stratigility\MiddlewarePipe->process(Object(Laminas\Diactoros\ServerRequest), Object(Laminas\Stratigility\EmptyPipelineHandler))
#50 C:\xampp\htdocs\mathe\teacher-forum\vendor\laminas\laminas-httphandlerrunner\src\RequestHandlerRunner.php(96): Laminas\Stratigility\MiddlewarePipe->handle(Object(Laminas\Diactoros\ServerRequest))
#51 C:\xampp\htdocs\mathe\teacher-forum\vendor\flarum\core\src\Http\Server.php(42): Laminas\HttpHandlerRunner\RequestHandlerRunner->run()
#52 C:\xampp\htdocs\mathe\teacher-forum\public\index.php(26): Flarum\Http\Server->listen()
#53 {main}  
