[2020-03-20 13:07:07] production.ERROR: Swift_TransportException: Expected response code 220 but got an empty response in /var/www/flarum/vendor/swiftmailer/swiftmailer/lib/classes/Swift/Transport/AbstractSmtpTransport.php:445
Stack trace:
#0 /var/www/flarum/vendor/swiftmailer/swiftmailer/lib/classes/Swift/Transport/AbstractSmtpTransport.php(358): Swift_Transport_AbstractSmtpTransport->assertResponseCode('', Array)
#1 /var/www/flarum/vendor/swiftmailer/swiftmailer/lib/classes/Swift/Transport/AbstractSmtpTransport.php(147): Swift_Transport_AbstractSmtpTransport->readGreeting()
#2 /var/www/flarum/vendor/swiftmailer/swiftmailer/lib/classes/Swift/Transport/SendmailTransport.php(50): Swift_Transport_AbstractSmtpTransport->start()
#3 /var/www/flarum/vendor/swiftmailer/swiftmailer/lib/classes/Swift/Mailer.php(65): Swift_Transport_SendmailTransport->start()
#4 /var/www/flarum/vendor/illuminate/mail/Mailer.php(483): Swift_Mailer->send(Object(Swift_Message), Array)
#5 /var/www/flarum/vendor/illuminate/mail/Mailer.php(259): Illuminate\Mail\Mailer->sendSwiftMessage(Object(Swift_Message))
#6 /var/www/flarum/vendor/illuminate/mail/Mailer.php(183): Illuminate\Mail\Mailer->send(NULL, Array, Object(Closure))
#7 /var/www/flarum/vendor/flarum/core/src/User/Command/RequestPasswordResetHandler.php(117): Illuminate\Mail\Mailer->raw('Hey mattecappe!...', Object(Closure))
#8 /var/www/flarum/vendor/illuminate/bus/Dispatcher.php(90): Flarum\User\Command\RequestPasswordResetHandler->handle(Object(Flarum\User\Command\RequestPasswordReset))
#9 /var/www/flarum/vendor/illuminate/pipeline/Pipeline.php(128): Illuminate\Bus\Dispatcher->Illuminate\Bus\{closure}(Object(Flarum\User\Command\RequestPasswordReset))
#10 /var/www/flarum/vendor/illuminate/pipeline/Pipeline.php(104): Illuminate\Pipeline\Pipeline->Illuminate\Pipeline\{closure}(Object(Flarum\User\Command\RequestPasswordReset))
#11 /var/www/flarum/vendor/illuminate/bus/Dispatcher.php(98): Illuminate\Pipeline\Pipeline->then(Object(Closure))
#12 /var/www/flarum/vendor/illuminate/bus/Dispatcher.php(76): Illuminate\Bus\Dispatcher->dispatchNow(Object(Flarum\User\Command\RequestPasswordReset))
#13 /var/www/flarum/vendor/flarum/core/src/Api/Controller/ForgotPasswordController.php(51): Illuminate\Bus\Dispatcher->dispatch(Object(Flarum\User\Command\RequestPasswordReset))
#14 /var/www/flarum/vendor/flarum/core/src/Http/RouteHandlerFactory.php(38): Flarum\Api\Controller\ForgotPasswordController->handle(Object(Laminas\Diactoros\ServerRequest))
#15 /var/www/flarum/vendor/flarum/core/src/Http/Middleware/DispatchRoute.php(65): Flarum\Http\RouteHandlerFactory->Flarum\Http\{closure}(Object(Laminas\Diactoros\ServerRequest), Array)
#16 /var/www/flarum/vendor/laminas/laminas-stratigility/src/Next.php(61): Flarum\Http\Middleware\DispatchRoute->process(Object(Laminas\Diactoros\ServerRequest), Object(Closure))
#17 /var/www/flarum/vendor/flarum/core/src/Http/Middleware/SetLocale.php(50): Laminas\Stratigility\Next->handle(Object(Laminas\Diactoros\ServerRequest))
#18 /var/www/flarum/vendor/laminas/laminas-stratigility/src/Next.php(61): Flarum\Http\Middleware\SetLocale->process(Object(Laminas\Diactoros\ServerRequest), Object(Laminas\Stratigility\Next))
#19 /var/www/flarum/vendor/flarum/core/src/Http/Middleware/CheckCsrfToken.php(31): Laminas\Stratigility\Next->handle(Object(Laminas\Diactoros\ServerRequest))
#20 /var/www/flarum/vendor/laminas/laminas-stratigility/src/Next.php(61): Flarum\Http\Middleware\CheckCsrfToken->process(Object(Laminas\Diactoros\ServerRequest), Object(Laminas\Stratigility\Next))
#21 /var/www/flarum/vendor/flarum/core/src/Http/Middleware/AuthenticateWithHeader.php(55): Laminas\Stratigility\Next->handle(Object(Laminas\Diactoros\ServerRequest))
#22 /var/www/flarum/vendor/laminas/laminas-stratigility/src/Next.php(61): Flarum\Http\Middleware\AuthenticateWithHeader->process(Object(Laminas\Diactoros\ServerRequest), Object(Laminas\Stratigility\Next))
#23 /var/www/flarum/vendor/flarum/core/src/Http/Middleware/AuthenticateWithSession.php(32): Laminas\Stratigility\Next->handle(Object(Laminas\Diactoros\ServerRequest))
#24 /var/www/flarum/vendor/laminas/laminas-stratigility/src/Next.php(61): Flarum\Http\Middleware\AuthenticateWithSession->process(Object(Laminas\Diactoros\ServerRequest), Object(Laminas\Stratigility\Next))
#25 /var/www/flarum/vendor/flarum/core/src/Http/Middleware/RememberFromCookie.php(51): Laminas\Stratigility\Next->handle(Object(Laminas\Diactoros\ServerRequest))
#26 /var/www/flarum/vendor/laminas/laminas-stratigility/src/Next.php(61): Flarum\Http\Middleware\RememberFromCookie->process(Object(Laminas\Diactoros\ServerRequest), Object(Laminas\Stratigility\Next))
#27 /var/www/flarum/vendor/flarum/core/src/Http/Middleware/StartSession.php(61): Laminas\Stratigility\Next->handle(Object(Laminas\Diactoros\ServerRequest))
#28 /var/www/flarum/vendor/laminas/laminas-stratigility/src/Next.php(61): Flarum\Http\Middleware\StartSession->process(Object(Laminas\Diactoros\ServerRequest), Object(Laminas\Stratigility\Next))
#29 /var/www/flarum/vendor/flarum/core/src/Api/Middleware/FakeHttpMethods.php(29): Laminas\Stratigility\Next->handle(Object(Laminas\Diactoros\ServerRequest))
#30 /var/www/flarum/vendor/laminas/laminas-stratigility/src/Next.php(61): Flarum\Api\Middleware\FakeHttpMethods->process(Object(Laminas\Diactoros\ServerRequest), Object(Laminas\Stratigility\Next))
#31 /var/www/flarum/vendor/flarum/core/src/Http/Middleware/ParseJsonBody.php(28): Laminas\Stratigility\Next->handle(Object(Laminas\Diactoros\ServerRequest))
#32 /var/www/flarum/vendor/laminas/laminas-stratigility/src/Next.php(61): Flarum\Http\Middleware\ParseJsonBody->process(Object(Laminas\Diactoros\ServerRequest), Object(Laminas\Stratigility\Next))
#33 /var/www/flarum/vendor/flarum/core/src/Http/Middleware/HandleErrors.php(57): Laminas\Stratigility\Next->handle(Object(Laminas\Diactoros\ServerRequest))
#34 /var/www/flarum/vendor/laminas/laminas-stratigility/src/Next.php(61): Flarum\Http\Middleware\HandleErrors->process(Object(Laminas\Diactoros\ServerRequest), Object(Laminas\Stratigility\Next))
#35 /var/www/flarum/vendor/laminas/laminas-stratigility/src/MiddlewarePipe.php(84): Laminas\Stratigility\Next->handle(Object(Laminas\Diactoros\ServerRequest))
#36 /var/www/flarum/vendor/middlewares/request-handler/src/RequestHandler.php(84): Laminas\Stratigility\MiddlewarePipe->process(Object(Laminas\Diactoros\ServerRequest), Object(Laminas\Stratigility\Next))
#37 /var/www/flarum/vendor/laminas/laminas-stratigility/src/Next.php(61): Middlewares\RequestHandler->process(Object(Laminas\Diactoros\ServerRequest), Object(Laminas\Stratigility\Next))
#38 /var/www/flarum/vendor/middlewares/base-path-router/src/BasePathRouter.php(97): Laminas\Stratigility\Next->handle(Object(Laminas\Diactoros\ServerRequest))
#39 /var/www/flarum/vendor/laminas/laminas-stratigility/src/Next.php(61): Middlewares\BasePathRouter->process(Object(Laminas\Diactoros\ServerRequest), Object(Laminas\Stratigility\Next))
#40 /var/www/flarum/vendor/laminas/laminas-stratigility/src/Middleware/OriginalMessages.php(42): Laminas\Stratigility\Next->handle(Object(Laminas\Diactoros\ServerRequest))
#41 /var/www/flarum/vendor/laminas/laminas-stratigility/src/Next.php(61): Laminas\Stratigility\Middleware\OriginalMessages->process(Object(Laminas\Diactoros\ServerRequest), Object(Laminas\Stratigility\Next))
#42 /var/www/flarum/vendor/middlewares/base-path/src/BasePath.php(53): Laminas\Stratigility\Next->handle(Object(Laminas\Diactoros\ServerRequest))
#43 /var/www/flarum/vendor/laminas/laminas-stratigility/src/Next.php(61): Middlewares\BasePath->process(Object(Laminas\Diactoros\ServerRequest), Object(Laminas\Stratigility\Next))
#44 /var/www/flarum/vendor/laminas/laminas-stratigility/src/MiddlewarePipe.php(84): Laminas\Stratigility\Next->handle(Object(Laminas\Diactoros\ServerRequest))
#45 /var/www/flarum/vendor/laminas/laminas-stratigility/src/MiddlewarePipe.php(73): Laminas\Stratigility\MiddlewarePipe->process(Object(Laminas\Diactoros\ServerRequest), Object(Laminas\Stratigility\EmptyPipelineHandler))
#46 /var/www/flarum/vendor/laminas/laminas-httphandlerrunner/src/RequestHandlerRunner.php(96): Laminas\Stratigility\MiddlewarePipe->handle(Object(Laminas\Diactoros\ServerRequest))
#47 /var/www/flarum/vendor/flarum/core/src/Http/Server.php(42): Laminas\HttpHandlerRunner\RequestHandlerRunner->run()
#48 /var/www/flarum/public/index.php(26): Flarum\Http\Server->listen()
#49 {main}  
[2020-03-20 13:07:21] production.ERROR: Swift_TransportException: Expected response code 220 but got an empty response in /var/www/flarum/vendor/swiftmailer/swiftmailer/lib/classes/Swift/Transport/AbstractSmtpTransport.php:445
Stack trace:
#0 /var/www/flarum/vendor/swiftmailer/swiftmailer/lib/classes/Swift/Transport/AbstractSmtpTransport.php(358): Swift_Transport_AbstractSmtpTransport->assertResponseCode('', Array)
#1 /var/www/flarum/vendor/swiftmailer/swiftmailer/lib/classes/Swift/Transport/AbstractSmtpTransport.php(147): Swift_Transport_AbstractSmtpTransport->readGreeting()
#2 /var/www/flarum/vendor/swiftmailer/swiftmailer/lib/classes/Swift/Transport/SendmailTransport.php(50): Swift_Transport_AbstractSmtpTransport->start()
#3 /var/www/flarum/vendor/swiftmailer/swiftmailer/lib/classes/Swift/Mailer.php(65): Swift_Transport_SendmailTransport->start()
#4 /var/www/flarum/vendor/illuminate/mail/Mailer.php(483): Swift_Mailer->send(Object(Swift_Message), Array)
#5 /var/www/flarum/vendor/illuminate/mail/Mailer.php(259): Illuminate\Mail\Mailer->sendSwiftMessage(Object(Swift_Message))
#6 /var/www/flarum/vendor/illuminate/mail/Mailer.php(183): Illuminate\Mail\Mailer->send(NULL, Array, Object(Closure))
#7 /var/www/flarum/vendor/flarum/core/src/User/Command/RequestPasswordResetHandler.php(117): Illuminate\Mail\Mailer->raw('Hey mattecappe!...', Object(Closure))
#8 /var/www/flarum/vendor/illuminate/bus/Dispatcher.php(90): Flarum\User\Command\RequestPasswordResetHandler->handle(Object(Flarum\User\Command\RequestPasswordReset))
#9 /var/www/flarum/vendor/illuminate/pipeline/Pipeline.php(128): Illuminate\Bus\Dispatcher->Illuminate\Bus\{closure}(Object(Flarum\User\Command\RequestPasswordReset))
#10 /var/www/flarum/vendor/illuminate/pipeline/Pipeline.php(104): Illuminate\Pipeline\Pipeline->Illuminate\Pipeline\{closure}(Object(Flarum\User\Command\RequestPasswordReset))
#11 /var/www/flarum/vendor/illuminate/bus/Dispatcher.php(98): Illuminate\Pipeline\Pipeline->then(Object(Closure))
#12 /var/www/flarum/vendor/illuminate/bus/Dispatcher.php(76): Illuminate\Bus\Dispatcher->dispatchNow(Object(Flarum\User\Command\RequestPasswordReset))
#13 /var/www/flarum/vendor/flarum/core/src/Api/Controller/ForgotPasswordController.php(51): Illuminate\Bus\Dispatcher->dispatch(Object(Flarum\User\Command\RequestPasswordReset))
#14 /var/www/flarum/vendor/flarum/core/src/Http/RouteHandlerFactory.php(38): Flarum\Api\Controller\ForgotPasswordController->handle(Object(Laminas\Diactoros\ServerRequest))
#15 /var/www/flarum/vendor/flarum/core/src/Http/Middleware/DispatchRoute.php(65): Flarum\Http\RouteHandlerFactory->Flarum\Http\{closure}(Object(Laminas\Diactoros\ServerRequest), Array)
#16 /var/www/flarum/vendor/laminas/laminas-stratigility/src/Next.php(61): Flarum\Http\Middleware\DispatchRoute->process(Object(Laminas\Diactoros\ServerRequest), Object(Closure))
#17 /var/www/flarum/vendor/flarum/core/src/Http/Middleware/SetLocale.php(50): Laminas\Stratigility\Next->handle(Object(Laminas\Diactoros\ServerRequest))
#18 /var/www/flarum/vendor/laminas/laminas-stratigility/src/Next.php(61): Flarum\Http\Middleware\SetLocale->process(Object(Laminas\Diactoros\ServerRequest), Object(Laminas\Stratigility\Next))
#19 /var/www/flarum/vendor/flarum/core/src/Http/Middleware/CheckCsrfToken.php(31): Laminas\Stratigility\Next->handle(Object(Laminas\Diactoros\ServerRequest))
#20 /var/www/flarum/vendor/laminas/laminas-stratigility/src/Next.php(61): Flarum\Http\Middleware\CheckCsrfToken->process(Object(Laminas\Diactoros\ServerRequest), Object(Laminas\Stratigility\Next))
#21 /var/www/flarum/vendor/flarum/core/src/Http/Middleware/AuthenticateWithHeader.php(55): Laminas\Stratigility\Next->handle(Object(Laminas\Diactoros\ServerRequest))
#22 /var/www/flarum/vendor/laminas/laminas-stratigility/src/Next.php(61): Flarum\Http\Middleware\AuthenticateWithHeader->process(Object(Laminas\Diactoros\ServerRequest), Object(Laminas\Stratigility\Next))
#23 /var/www/flarum/vendor/flarum/core/src/Http/Middleware/AuthenticateWithSession.php(32): Laminas\Stratigility\Next->handle(Object(Laminas\Diactoros\ServerRequest))
#24 /var/www/flarum/vendor/laminas/laminas-stratigility/src/Next.php(61): Flarum\Http\Middleware\AuthenticateWithSession->process(Object(Laminas\Diactoros\ServerRequest), Object(Laminas\Stratigility\Next))
#25 /var/www/flarum/vendor/flarum/core/src/Http/Middleware/RememberFromCookie.php(51): Laminas\Stratigility\Next->handle(Object(Laminas\Diactoros\ServerRequest))
#26 /var/www/flarum/vendor/laminas/laminas-stratigility/src/Next.php(61): Flarum\Http\Middleware\RememberFromCookie->process(Object(Laminas\Diactoros\ServerRequest), Object(Laminas\Stratigility\Next))
#27 /var/www/flarum/vendor/flarum/core/src/Http/Middleware/StartSession.php(61): Laminas\Stratigility\Next->handle(Object(Laminas\Diactoros\ServerRequest))
#28 /var/www/flarum/vendor/laminas/laminas-stratigility/src/Next.php(61): Flarum\Http\Middleware\StartSession->process(Object(Laminas\Diactoros\ServerRequest), Object(Laminas\Stratigility\Next))
#29 /var/www/flarum/vendor/flarum/core/src/Api/Middleware/FakeHttpMethods.php(29): Laminas\Stratigility\Next->handle(Object(Laminas\Diactoros\ServerRequest))
#30 /var/www/flarum/vendor/laminas/laminas-stratigility/src/Next.php(61): Flarum\Api\Middleware\FakeHttpMethods->process(Object(Laminas\Diactoros\ServerRequest), Object(Laminas\Stratigility\Next))
#31 /var/www/flarum/vendor/flarum/core/src/Http/Middleware/ParseJsonBody.php(28): Laminas\Stratigility\Next->handle(Object(Laminas\Diactoros\ServerRequest))
#32 /var/www/flarum/vendor/laminas/laminas-stratigility/src/Next.php(61): Flarum\Http\Middleware\ParseJsonBody->process(Object(Laminas\Diactoros\ServerRequest), Object(Laminas\Stratigility\Next))
#33 /var/www/flarum/vendor/flarum/core/src/Http/Middleware/HandleErrors.php(57): Laminas\Stratigility\Next->handle(Object(Laminas\Diactoros\ServerRequest))
#34 /var/www/flarum/vendor/laminas/laminas-stratigility/src/Next.php(61): Flarum\Http\Middleware\HandleErrors->process(Object(Laminas\Diactoros\ServerRequest), Object(Laminas\Stratigility\Next))
#35 /var/www/flarum/vendor/laminas/laminas-stratigility/src/MiddlewarePipe.php(84): Laminas\Stratigility\Next->handle(Object(Laminas\Diactoros\ServerRequest))
#36 /var/www/flarum/vendor/middlewares/request-handler/src/RequestHandler.php(84): Laminas\Stratigility\MiddlewarePipe->process(Object(Laminas\Diactoros\ServerRequest), Object(Laminas\Stratigility\Next))
#37 /var/www/flarum/vendor/laminas/laminas-stratigility/src/Next.php(61): Middlewares\RequestHandler->process(Object(Laminas\Diactoros\ServerRequest), Object(Laminas\Stratigility\Next))
#38 /var/www/flarum/vendor/middlewares/base-path-router/src/BasePathRouter.php(97): Laminas\Stratigility\Next->handle(Object(Laminas\Diactoros\ServerRequest))
#39 /var/www/flarum/vendor/laminas/laminas-stratigility/src/Next.php(61): Middlewares\BasePathRouter->process(Object(Laminas\Diactoros\ServerRequest), Object(Laminas\Stratigility\Next))
#40 /var/www/flarum/vendor/laminas/laminas-stratigility/src/Middleware/OriginalMessages.php(42): Laminas\Stratigility\Next->handle(Object(Laminas\Diactoros\ServerRequest))
#41 /var/www/flarum/vendor/laminas/laminas-stratigility/src/Next.php(61): Laminas\Stratigility\Middleware\OriginalMessages->process(Object(Laminas\Diactoros\ServerRequest), Object(Laminas\Stratigility\Next))
#42 /var/www/flarum/vendor/middlewares/base-path/src/BasePath.php(53): Laminas\Stratigility\Next->handle(Object(Laminas\Diactoros\ServerRequest))
#43 /var/www/flarum/vendor/laminas/laminas-stratigility/src/Next.php(61): Middlewares\BasePath->process(Object(Laminas\Diactoros\ServerRequest), Object(Laminas\Stratigility\Next))
#44 /var/www/flarum/vendor/laminas/laminas-stratigility/src/MiddlewarePipe.php(84): Laminas\Stratigility\Next->handle(Object(Laminas\Diactoros\ServerRequest))
#45 /var/www/flarum/vendor/laminas/laminas-stratigility/src/MiddlewarePipe.php(73): Laminas\Stratigility\MiddlewarePipe->process(Object(Laminas\Diactoros\ServerRequest), Object(Laminas\Stratigility\EmptyPipelineHandler))
#46 /var/www/flarum/vendor/laminas/laminas-httphandlerrunner/src/RequestHandlerRunner.php(96): Laminas\Stratigility\MiddlewarePipe->handle(Object(Laminas\Diactoros\ServerRequest))
#47 /var/www/flarum/vendor/flarum/core/src/Http/Server.php(42): Laminas\HttpHandlerRunner\RequestHandlerRunner->run()
#48 /var/www/flarum/public/index.php(26): Flarum\Http\Server->listen()
#49 {main}  
[2020-03-20 13:09:00] production.ERROR: Swift_TransportException: Expected response code 220 but got an empty response in /var/www/flarum/vendor/swiftmailer/swiftmailer/lib/classes/Swift/Transport/AbstractSmtpTransport.php:445
Stack trace:
#0 /var/www/flarum/vendor/swiftmailer/swiftmailer/lib/classes/Swift/Transport/AbstractSmtpTransport.php(358): Swift_Transport_AbstractSmtpTransport->assertResponseCode('', Array)
#1 /var/www/flarum/vendor/swiftmailer/swiftmailer/lib/classes/Swift/Transport/AbstractSmtpTransport.php(147): Swift_Transport_AbstractSmtpTransport->readGreeting()
#2 /var/www/flarum/vendor/swiftmailer/swiftmailer/lib/classes/Swift/Transport/SendmailTransport.php(50): Swift_Transport_AbstractSmtpTransport->start()
#3 /var/www/flarum/vendor/swiftmailer/swiftmailer/lib/classes/Swift/Mailer.php(65): Swift_Transport_SendmailTransport->start()
#4 /var/www/flarum/vendor/illuminate/mail/Mailer.php(483): Swift_Mailer->send(Object(Swift_Message), Array)
#5 /var/www/flarum/vendor/illuminate/mail/Mailer.php(259): Illuminate\Mail\Mailer->sendSwiftMessage(Object(Swift_Message))
#6 /var/www/flarum/vendor/illuminate/mail/Mailer.php(183): Illuminate\Mail\Mailer->send(NULL, Array, Object(Closure))
#7 /var/www/flarum/vendor/flarum/core/src/User/Command/RequestPasswordResetHandler.php(117): Illuminate\Mail\Mailer->raw('Hey matteocappe...', Object(Closure))
#8 /var/www/flarum/vendor/illuminate/bus/Dispatcher.php(90): Flarum\User\Command\RequestPasswordResetHandler->handle(Object(Flarum\User\Command\RequestPasswordReset))
#9 /var/www/flarum/vendor/illuminate/pipeline/Pipeline.php(128): Illuminate\Bus\Dispatcher->Illuminate\Bus\{closure}(Object(Flarum\User\Command\RequestPasswordReset))
#10 /var/www/flarum/vendor/illuminate/pipeline/Pipeline.php(104): Illuminate\Pipeline\Pipeline->Illuminate\Pipeline\{closure}(Object(Flarum\User\Command\RequestPasswordReset))
#11 /var/www/flarum/vendor/illuminate/bus/Dispatcher.php(98): Illuminate\Pipeline\Pipeline->then(Object(Closure))
#12 /var/www/flarum/vendor/illuminate/bus/Dispatcher.php(76): Illuminate\Bus\Dispatcher->dispatchNow(Object(Flarum\User\Command\RequestPasswordReset))
#13 /var/www/flarum/vendor/flarum/core/src/Api/Controller/ForgotPasswordController.php(51): Illuminate\Bus\Dispatcher->dispatch(Object(Flarum\User\Command\RequestPasswordReset))
#14 /var/www/flarum/vendor/flarum/core/src/Http/RouteHandlerFactory.php(38): Flarum\Api\Controller\ForgotPasswordController->handle(Object(Laminas\Diactoros\ServerRequest))
#15 /var/www/flarum/vendor/flarum/core/src/Http/Middleware/DispatchRoute.php(65): Flarum\Http\RouteHandlerFactory->Flarum\Http\{closure}(Object(Laminas\Diactoros\ServerRequest), Array)
#16 /var/www/flarum/vendor/laminas/laminas-stratigility/src/Next.php(61): Flarum\Http\Middleware\DispatchRoute->process(Object(Laminas\Diactoros\ServerRequest), Object(Closure))
#17 /var/www/flarum/vendor/flarum/core/src/Http/Middleware/SetLocale.php(50): Laminas\Stratigility\Next->handle(Object(Laminas\Diactoros\ServerRequest))
#18 /var/www/flarum/vendor/laminas/laminas-stratigility/src/Next.php(61): Flarum\Http\Middleware\SetLocale->process(Object(Laminas\Diactoros\ServerRequest), Object(Laminas\Stratigility\Next))
#19 /var/www/flarum/vendor/flarum/core/src/Http/Middleware/CheckCsrfToken.php(31): Laminas\Stratigility\Next->handle(Object(Laminas\Diactoros\ServerRequest))
#20 /var/www/flarum/vendor/laminas/laminas-stratigility/src/Next.php(61): Flarum\Http\Middleware\CheckCsrfToken->process(Object(Laminas\Diactoros\ServerRequest), Object(Laminas\Stratigility\Next))
#21 /var/www/flarum/vendor/flarum/core/src/Http/Middleware/AuthenticateWithHeader.php(55): Laminas\Stratigility\Next->handle(Object(Laminas\Diactoros\ServerRequest))
#22 /var/www/flarum/vendor/laminas/laminas-stratigility/src/Next.php(61): Flarum\Http\Middleware\AuthenticateWithHeader->process(Object(Laminas\Diactoros\ServerRequest), Object(Laminas\Stratigility\Next))
#23 /var/www/flarum/vendor/flarum/core/src/Http/Middleware/AuthenticateWithSession.php(32): Laminas\Stratigility\Next->handle(Object(Laminas\Diactoros\ServerRequest))
#24 /var/www/flarum/vendor/laminas/laminas-stratigility/src/Next.php(61): Flarum\Http\Middleware\AuthenticateWithSession->process(Object(Laminas\Diactoros\ServerRequest), Object(Laminas\Stratigility\Next))
#25 /var/www/flarum/vendor/flarum/core/src/Http/Middleware/RememberFromCookie.php(51): Laminas\Stratigility\Next->handle(Object(Laminas\Diactoros\ServerRequest))
#26 /var/www/flarum/vendor/laminas/laminas-stratigility/src/Next.php(61): Flarum\Http\Middleware\RememberFromCookie->process(Object(Laminas\Diactoros\ServerRequest), Object(Laminas\Stratigility\Next))
#27 /var/www/flarum/vendor/flarum/core/src/Http/Middleware/StartSession.php(61): Laminas\Stratigility\Next->handle(Object(Laminas\Diactoros\ServerRequest))
#28 /var/www/flarum/vendor/laminas/laminas-stratigility/src/Next.php(61): Flarum\Http\Middleware\StartSession->process(Object(Laminas\Diactoros\ServerRequest), Object(Laminas\Stratigility\Next))
#29 /var/www/flarum/vendor/flarum/core/src/Api/Middleware/FakeHttpMethods.php(29): Laminas\Stratigility\Next->handle(Object(Laminas\Diactoros\ServerRequest))
#30 /var/www/flarum/vendor/laminas/laminas-stratigility/src/Next.php(61): Flarum\Api\Middleware\FakeHttpMethods->process(Object(Laminas\Diactoros\ServerRequest), Object(Laminas\Stratigility\Next))
#31 /var/www/flarum/vendor/flarum/core/src/Http/Middleware/ParseJsonBody.php(28): Laminas\Stratigility\Next->handle(Object(Laminas\Diactoros\ServerRequest))
#32 /var/www/flarum/vendor/laminas/laminas-stratigility/src/Next.php(61): Flarum\Http\Middleware\ParseJsonBody->process(Object(Laminas\Diactoros\ServerRequest), Object(Laminas\Stratigility\Next))
#33 /var/www/flarum/vendor/flarum/core/src/Http/Middleware/HandleErrors.php(57): Laminas\Stratigility\Next->handle(Object(Laminas\Diactoros\ServerRequest))
#34 /var/www/flarum/vendor/laminas/laminas-stratigility/src/Next.php(61): Flarum\Http\Middleware\HandleErrors->process(Object(Laminas\Diactoros\ServerRequest), Object(Laminas\Stratigility\Next))
#35 /var/www/flarum/vendor/laminas/laminas-stratigility/src/MiddlewarePipe.php(84): Laminas\Stratigility\Next->handle(Object(Laminas\Diactoros\ServerRequest))
#36 /var/www/flarum/vendor/middlewares/request-handler/src/RequestHandler.php(84): Laminas\Stratigility\MiddlewarePipe->process(Object(Laminas\Diactoros\ServerRequest), Object(Laminas\Stratigility\Next))
#37 /var/www/flarum/vendor/laminas/laminas-stratigility/src/Next.php(61): Middlewares\RequestHandler->process(Object(Laminas\Diactoros\ServerRequest), Object(Laminas\Stratigility\Next))
#38 /var/www/flarum/vendor/middlewares/base-path-router/src/BasePathRouter.php(97): Laminas\Stratigility\Next->handle(Object(Laminas\Diactoros\ServerRequest))
#39 /var/www/flarum/vendor/laminas/laminas-stratigility/src/Next.php(61): Middlewares\BasePathRouter->process(Object(Laminas\Diactoros\ServerRequest), Object(Laminas\Stratigility\Next))
#40 /var/www/flarum/vendor/laminas/laminas-stratigility/src/Middleware/OriginalMessages.php(42): Laminas\Stratigility\Next->handle(Object(Laminas\Diactoros\ServerRequest))
#41 /var/www/flarum/vendor/laminas/laminas-stratigility/src/Next.php(61): Laminas\Stratigility\Middleware\OriginalMessages->process(Object(Laminas\Diactoros\ServerRequest), Object(Laminas\Stratigility\Next))
#42 /var/www/flarum/vendor/middlewares/base-path/src/BasePath.php(53): Laminas\Stratigility\Next->handle(Object(Laminas\Diactoros\ServerRequest))
#43 /var/www/flarum/vendor/laminas/laminas-stratigility/src/Next.php(61): Middlewares\BasePath->process(Object(Laminas\Diactoros\ServerRequest), Object(Laminas\Stratigility\Next))
#44 /var/www/flarum/vendor/laminas/laminas-stratigility/src/MiddlewarePipe.php(84): Laminas\Stratigility\Next->handle(Object(Laminas\Diactoros\ServerRequest))
#45 /var/www/flarum/vendor/laminas/laminas-stratigility/src/MiddlewarePipe.php(73): Laminas\Stratigility\MiddlewarePipe->process(Object(Laminas\Diactoros\ServerRequest), Object(Laminas\Stratigility\EmptyPipelineHandler))
#46 /var/www/flarum/vendor/laminas/laminas-httphandlerrunner/src/RequestHandlerRunner.php(96): Laminas\Stratigility\MiddlewarePipe->handle(Object(Laminas\Diactoros\ServerRequest))
#47 /var/www/flarum/vendor/flarum/core/src/Http/Server.php(42): Laminas\HttpHandlerRunner\RequestHandlerRunner->run()
#48 /var/www/flarum/public/index.php(26): Flarum\Http\Server->listen()
#49 {main}  
[2020-03-20 13:38:36] production.ERROR: TypeError: Argument 1 passed to Flarum\Foundation\Site::{closure}() must implement interface Illuminate\Contracts\Events\Dispatcher, instance of Flarum\Frontend\Document given, called in /var/www/flarum/vendor/flarum/core/src/Frontend/Frontend.php on line 63 and defined in /var/www/flarum/extend.php:29
Stack trace:
#0 /var/www/flarum/vendor/flarum/core/src/Frontend/Frontend.php(63): Flarum\Foundation\Site::{closure}(Object(Flarum\Frontend\Document), Object(Laminas\Diactoros\ServerRequest))
#1 /var/www/flarum/vendor/flarum/core/src/Frontend/Frontend.php(55): Flarum\Frontend\Frontend->populate(Object(Flarum\Frontend\Document), Object(Laminas\Diactoros\ServerRequest))
#2 /var/www/flarum/vendor/flarum/core/src/Frontend/Controller.php(32): Flarum\Frontend\Frontend->document(Object(Laminas\Diactoros\ServerRequest))
#3 /var/www/flarum/vendor/flarum/core/src/Http/RouteHandlerFactory.php(38): Flarum\Frontend\Controller->handle(Object(Laminas\Diactoros\ServerRequest))
#4 /var/www/flarum/vendor/flarum/core/src/Http/Middleware/DispatchRoute.php(65): Flarum\Http\RouteHandlerFactory->Flarum\Http\{closure}(Object(Laminas\Diactoros\ServerRequest), Array)
#5 /var/www/flarum/vendor/laminas/laminas-stratigility/src/Next.php(61): Flarum\Http\Middleware\DispatchRoute->process(Object(Laminas\Diactoros\ServerRequest), Object(Closure))
#6 /var/www/flarum/vendor/flarum/core/src/Http/Middleware/ShareErrorsFromSession.php(56): Laminas\Stratigility\Next->handle(Object(Laminas\Diactoros\ServerRequest))
#7 /var/www/flarum/vendor/laminas/laminas-stratigility/src/Next.php(61): Flarum\Http\Middleware\ShareErrorsFromSession->process(Object(Laminas\Diactoros\ServerRequest), Object(Laminas\Stratigility\Next))
#8 /var/www/flarum/vendor/flarum/core/src/Http/Middleware/SetLocale.php(50): Laminas\Stratigility\Next->handle(Object(Laminas\Diactoros\ServerRequest))
#9 /var/www/flarum/vendor/laminas/laminas-stratigility/src/Next.php(61): Flarum\Http\Middleware\SetLocale->process(Object(Laminas\Diactoros\ServerRequest), Object(Laminas\Stratigility\Next))
#10 /var/www/flarum/vendor/flarum/core/src/Http/Middleware/CheckCsrfToken.php(23): Laminas\Stratigility\Next->handle(Object(Laminas\Diactoros\ServerRequest))
#11 /var/www/flarum/vendor/laminas/laminas-stratigility/src/Next.php(61): Flarum\Http\Middleware\CheckCsrfToken->process(Object(Laminas\Diactoros\ServerRequest), Object(Laminas\Stratigility\Next))
#12 /var/www/flarum/vendor/flarum/core/src/Http/Middleware/AuthenticateWithSession.php(32): Laminas\Stratigility\Next->handle(Object(Laminas\Diactoros\ServerRequest))
#13 /var/www/flarum/vendor/laminas/laminas-stratigility/src/Next.php(61): Flarum\Http\Middleware\AuthenticateWithSession->process(Object(Laminas\Diactoros\ServerRequest), Object(Laminas\Stratigility\Next))
#14 /var/www/flarum/vendor/flarum/core/src/Http/Middleware/RememberFromCookie.php(51): Laminas\Stratigility\Next->handle(Object(Laminas\Diactoros\ServerRequest))
#15 /var/www/flarum/vendor/laminas/laminas-stratigility/src/Next.php(61): Flarum\Http\Middleware\RememberFromCookie->process(Object(Laminas\Diactoros\ServerRequest), Object(Laminas\Stratigility\Next))
#16 /var/www/flarum/vendor/flarum/core/src/Http/Middleware/StartSession.php(61): Laminas\Stratigility\Next->handle(Object(Laminas\Diactoros\ServerRequest))
#17 /var/www/flarum/vendor/laminas/laminas-stratigility/src/Next.php(61): Flarum\Http\Middleware\StartSession->process(Object(Laminas\Diactoros\ServerRequest), Object(Laminas\Stratigility\Next))
#18 /var/www/flarum/vendor/flarum/core/src/Http/Middleware/CollectGarbage.php(46): Laminas\Stratigility\Next->handle(Object(Laminas\Diactoros\ServerRequest))
#19 /var/www/flarum/vendor/laminas/laminas-stratigility/src/Next.php(61): Flarum\Http\Middleware\CollectGarbage->process(Object(Laminas\Diactoros\ServerRequest), Object(Laminas\Stratigility\Next))
#20 /var/www/flarum/vendor/flarum/core/src/Http/Middleware/ParseJsonBody.php(28): Laminas\Stratigility\Next->handle(Object(Laminas\Diactoros\ServerRequest))
#21 /var/www/flarum/vendor/laminas/laminas-stratigility/src/Next.php(61): Flarum\Http\Middleware\ParseJsonBody->process(Object(Laminas\Diactoros\ServerRequest), Object(Laminas\Stratigility\Next))
#22 /var/www/flarum/vendor/flarum/core/src/Http/Middleware/HandleErrors.php(57): Laminas\Stratigility\Next->handle(Object(Laminas\Diactoros\ServerRequest))
#23 /var/www/flarum/vendor/laminas/laminas-stratigility/src/Next.php(61): Flarum\Http\Middleware\HandleErrors->process(Object(Laminas\Diactoros\ServerRequest), Object(Laminas\Stratigility\Next))
#24 /var/www/flarum/vendor/laminas/laminas-stratigility/src/MiddlewarePipe.php(84): Laminas\Stratigility\Next->handle(Object(Laminas\Diactoros\ServerRequest))
#25 /var/www/flarum/vendor/middlewares/request-handler/src/RequestHandler.php(84): Laminas\Stratigility\MiddlewarePipe->process(Object(Laminas\Diactoros\ServerRequest), Object(Laminas\Stratigility\Next))
#26 /var/www/flarum/vendor/laminas/laminas-stratigility/src/Next.php(61): Middlewares\RequestHandler->process(Object(Laminas\Diactoros\ServerRequest), Object(Laminas\Stratigility\Next))
#27 /var/www/flarum/vendor/middlewares/base-path-router/src/BasePathRouter.php(97): Laminas\Stratigility\Next->handle(Object(Laminas\Diactoros\ServerRequest))
#28 /var/www/flarum/vendor/laminas/laminas-stratigility/src/Next.php(61): Middlewares\BasePathRouter->process(Object(Laminas\Diactoros\ServerRequest), Object(Laminas\Stratigility\Next))
#29 /var/www/flarum/vendor/laminas/laminas-stratigility/src/Middleware/OriginalMessages.php(42): Laminas\Stratigility\Next->handle(Object(Laminas\Diactoros\ServerRequest))
#30 /var/www/flarum/vendor/laminas/laminas-stratigility/src/Next.php(61): Laminas\Stratigility\Middleware\OriginalMessages->process(Object(Laminas\Diactoros\ServerRequest), Object(Laminas\Stratigility\Next))
#31 /var/www/flarum/vendor/middlewares/base-path/src/BasePath.php(53): Laminas\Stratigility\Next->handle(Object(Laminas\Diactoros\ServerRequest))
#32 /var/www/flarum/vendor/laminas/laminas-stratigility/src/Next.php(61): Middlewares\BasePath->process(Object(Laminas\Diactoros\ServerRequest), Object(Laminas\Stratigility\Next))
#33 /var/www/flarum/vendor/laminas/laminas-stratigility/src/MiddlewarePipe.php(84): Laminas\Stratigility\Next->handle(Object(Laminas\Diactoros\ServerRequest))
#34 /var/www/flarum/vendor/laminas/laminas-stratigility/src/MiddlewarePipe.php(73): Laminas\Stratigility\MiddlewarePipe->process(Object(Laminas\Diactoros\ServerRequest), Object(Laminas\Stratigility\EmptyPipelineHandler))
#35 /var/www/flarum/vendor/laminas/laminas-httphandlerrunner/src/RequestHandlerRunner.php(96): Laminas\Stratigility\MiddlewarePipe->handle(Object(Laminas\Diactoros\ServerRequest))
#36 /var/www/flarum/vendor/flarum/core/src/Http/Server.php(42): Laminas\HttpHandlerRunner\RequestHandlerRunner->run()
#37 /var/www/flarum/public/index.php(26): Flarum\Http\Server->listen()
#38 {main}  
[2020-03-20 14:38:00] production.ERROR: InvalidArgumentException: File not found at path: /var/www/flarum/js/dist/forum.js in /var/www/flarum/vendor/flarum/core/src/Frontend/Compiler/Source/FileSource.php:27
Stack trace:
#0 /var/www/flarum/vendor/flarum/core/src/Frontend/Compiler/Source/SourceCollector.php(25): Flarum\Frontend\Compiler\Source\FileSource->__construct('/var/www/flarum...')
#1 /var/www/flarum/vendor/flarum/core/src/Extend/Frontend.php(93): Flarum\Frontend\Compiler\Source\SourceCollector->addFile('/var/www/flarum...')
#2 /var/www/flarum/vendor/flarum/core/src/Frontend/Assets.php(98): Flarum\Extend\Frontend->Flarum\Extend\{closure}(Object(Flarum\Frontend\Compiler\Source\SourceCollector), NULL)
#3 /var/www/flarum/vendor/flarum/core/src/Frontend/Compiler/RevisionCompiler.php(111): Flarum\Frontend\Assets->Flarum\Frontend\{closure}(Object(Flarum\Frontend\Compiler\Source\SourceCollector))
#4 /var/www/flarum/vendor/flarum/core/src/Frontend/Compiler/RevisionCompiler.php(69): Flarum\Frontend\Compiler\RevisionCompiler->getSources()
#5 /var/www/flarum/vendor/flarum/core/src/Frontend/Content/Assets.php(58): Flarum\Frontend\Compiler\RevisionCompiler->commit()
#6 /var/www/flarum/vendor/flarum/core/src/Frontend/Content/Assets.php(48): Flarum\Frontend\Content\Assets->commit(Array)
#7 /var/www/flarum/vendor/flarum/core/src/Frontend/Frontend.php(63): Flarum\Frontend\Content\Assets->__invoke(Object(Flarum\Frontend\Document), Object(Laminas\Diactoros\ServerRequest))
#8 /var/www/flarum/vendor/flarum/core/src/Frontend/Frontend.php(55): Flarum\Frontend\Frontend->populate(Object(Flarum\Frontend\Document), Object(Laminas\Diactoros\ServerRequest))
#9 /var/www/flarum/vendor/flarum/core/src/Frontend/Controller.php(32): Flarum\Frontend\Frontend->document(Object(Laminas\Diactoros\ServerRequest))
#10 /var/www/flarum/vendor/flarum/core/src/Http/RouteHandlerFactory.php(38): Flarum\Frontend\Controller->handle(Object(Laminas\Diactoros\ServerRequest))
#11 /var/www/flarum/vendor/flarum/core/src/Http/Middleware/DispatchRoute.php(65): Flarum\Http\RouteHandlerFactory->Flarum\Http\{closure}(Object(Laminas\Diactoros\ServerRequest), Array)
#12 /var/www/flarum/vendor/laminas/laminas-stratigility/src/Next.php(61): Flarum\Http\Middleware\DispatchRoute->process(Object(Laminas\Diactoros\ServerRequest), Object(Closure))
#13 /var/www/flarum/vendor/flarum/core/src/Http/Middleware/ShareErrorsFromSession.php(56): Laminas\Stratigility\Next->handle(Object(Laminas\Diactoros\ServerRequest))
#14 /var/www/flarum/vendor/laminas/laminas-stratigility/src/Next.php(61): Flarum\Http\Middleware\ShareErrorsFromSession->process(Object(Laminas\Diactoros\ServerRequest), Object(Laminas\Stratigility\Next))
#15 /var/www/flarum/vendor/flarum/core/src/Http/Middleware/SetLocale.php(50): Laminas\Stratigility\Next->handle(Object(Laminas\Diactoros\ServerRequest))
#16 /var/www/flarum/vendor/laminas/laminas-stratigility/src/Next.php(61): Flarum\Http\Middleware\SetLocale->process(Object(Laminas\Diactoros\ServerRequest), Object(Laminas\Stratigility\Next))
#17 /var/www/flarum/vendor/flarum/core/src/Http/Middleware/CheckCsrfToken.php(23): Laminas\Stratigility\Next->handle(Object(Laminas\Diactoros\ServerRequest))
#18 /var/www/flarum/vendor/laminas/laminas-stratigility/src/Next.php(61): Flarum\Http\Middleware\CheckCsrfToken->process(Object(Laminas\Diactoros\ServerRequest), Object(Laminas\Stratigility\Next))
#19 /var/www/flarum/vendor/flarum/core/src/Http/Middleware/AuthenticateWithSession.php(32): Laminas\Stratigility\Next->handle(Object(Laminas\Diactoros\ServerRequest))
#20 /var/www/flarum/vendor/laminas/laminas-stratigility/src/Next.php(61): Flarum\Http\Middleware\AuthenticateWithSession->process(Object(Laminas\Diactoros\ServerRequest), Object(Laminas\Stratigility\Next))
#21 /var/www/flarum/vendor/flarum/core/src/Http/Middleware/RememberFromCookie.php(51): Laminas\Stratigility\Next->handle(Object(Laminas\Diactoros\ServerRequest))
#22 /var/www/flarum/vendor/laminas/laminas-stratigility/src/Next.php(61): Flarum\Http\Middleware\RememberFromCookie->process(Object(Laminas\Diactoros\ServerRequest), Object(Laminas\Stratigility\Next))
#23 /var/www/flarum/vendor/flarum/core/src/Http/Middleware/StartSession.php(61): Laminas\Stratigility\Next->handle(Object(Laminas\Diactoros\ServerRequest))
#24 /var/www/flarum/vendor/laminas/laminas-stratigility/src/Next.php(61): Flarum\Http\Middleware\StartSession->process(Object(Laminas\Diactoros\ServerRequest), Object(Laminas\Stratigility\Next))
#25 /var/www/flarum/vendor/flarum/core/src/Http/Middleware/CollectGarbage.php(46): Laminas\Stratigility\Next->handle(Object(Laminas\Diactoros\ServerRequest))
#26 /var/www/flarum/vendor/laminas/laminas-stratigility/src/Next.php(61): Flarum\Http\Middleware\CollectGarbage->process(Object(Laminas\Diactoros\ServerRequest), Object(Laminas\Stratigility\Next))
#27 /var/www/flarum/vendor/flarum/core/src/Http/Middleware/ParseJsonBody.php(28): Laminas\Stratigility\Next->handle(Object(Laminas\Diactoros\ServerRequest))
#28 /var/www/flarum/vendor/laminas/laminas-stratigility/src/Next.php(61): Flarum\Http\Middleware\ParseJsonBody->process(Object(Laminas\Diactoros\ServerRequest), Object(Laminas\Stratigility\Next))
#29 /var/www/flarum/vendor/flarum/core/src/Http/Middleware/HandleErrors.php(57): Laminas\Stratigility\Next->handle(Object(Laminas\Diactoros\ServerRequest))
#30 /var/www/flarum/vendor/laminas/laminas-stratigility/src/Next.php(61): Flarum\Http\Middleware\HandleErrors->process(Object(Laminas\Diactoros\ServerRequest), Object(Laminas\Stratigility\Next))
#31 /var/www/flarum/vendor/laminas/laminas-stratigility/src/MiddlewarePipe.php(84): Laminas\Stratigility\Next->handle(Object(Laminas\Diactoros\ServerRequest))
#32 /var/www/flarum/vendor/middlewares/request-handler/src/RequestHandler.php(84): Laminas\Stratigility\MiddlewarePipe->process(Object(Laminas\Diactoros\ServerRequest), Object(Laminas\Stratigility\Next))
#33 /var/www/flarum/vendor/laminas/laminas-stratigility/src/Next.php(61): Middlewares\RequestHandler->process(Object(Laminas\Diactoros\ServerRequest), Object(Laminas\Stratigility\Next))
#34 /var/www/flarum/vendor/middlewares/base-path-router/src/BasePathRouter.php(97): Laminas\Stratigility\Next->handle(Object(Laminas\Diactoros\ServerRequest))
#35 /var/www/flarum/vendor/laminas/laminas-stratigility/src/Next.php(61): Middlewares\BasePathRouter->process(Object(Laminas\Diactoros\ServerRequest), Object(Laminas\Stratigility\Next))
#36 /var/www/flarum/vendor/laminas/laminas-stratigility/src/Middleware/OriginalMessages.php(42): Laminas\Stratigility\Next->handle(Object(Laminas\Diactoros\ServerRequest))
#37 /var/www/flarum/vendor/laminas/laminas-stratigility/src/Next.php(61): Laminas\Stratigility\Middleware\OriginalMessages->process(Object(Laminas\Diactoros\ServerRequest), Object(Laminas\Stratigility\Next))
#38 /var/www/flarum/vendor/middlewares/base-path/src/BasePath.php(53): Laminas\Stratigility\Next->handle(Object(Laminas\Diactoros\ServerRequest))
#39 /var/www/flarum/vendor/laminas/laminas-stratigility/src/Next.php(61): Middlewares\BasePath->process(Object(Laminas\Diactoros\ServerRequest), Object(Laminas\Stratigility\Next))
#40 /var/www/flarum/vendor/laminas/laminas-stratigility/src/MiddlewarePipe.php(84): Laminas\Stratigility\Next->handle(Object(Laminas\Diactoros\ServerRequest))
#41 /var/www/flarum/vendor/laminas/laminas-stratigility/src/MiddlewarePipe.php(73): Laminas\Stratigility\MiddlewarePipe->process(Object(Laminas\Diactoros\ServerRequest), Object(Laminas\Stratigility\EmptyPipelineHandler))
#42 /var/www/flarum/vendor/laminas/laminas-httphandlerrunner/src/RequestHandlerRunner.php(96): Laminas\Stratigility\MiddlewarePipe->handle(Object(Laminas\Diactoros\ServerRequest))
#43 /var/www/flarum/vendor/flarum/core/src/Http/Server.php(42): Laminas\HttpHandlerRunner\RequestHandlerRunner->run()
#44 /var/www/flarum/public/index.php(26): Flarum\Http\Server->listen()
#45 {main}  
[2020-03-20 14:42:38] production.ERROR: InvalidArgumentException: File not found at path: /var/www/flarum/js/dist/forum.js in /var/www/flarum/vendor/flarum/core/src/Frontend/Compiler/Source/FileSource.php:27
Stack trace:
#0 /var/www/flarum/vendor/flarum/core/src/Frontend/Compiler/Source/SourceCollector.php(25): Flarum\Frontend\Compiler\Source\FileSource->__construct('/var/www/flarum...')
#1 /var/www/flarum/vendor/flarum/core/src/Extend/Frontend.php(93): Flarum\Frontend\Compiler\Source\SourceCollector->addFile('/var/www/flarum...')
#2 /var/www/flarum/vendor/flarum/core/src/Frontend/Assets.php(98): Flarum\Extend\Frontend->Flarum\Extend\{closure}(Object(Flarum\Frontend\Compiler\Source\SourceCollector), NULL)
#3 /var/www/flarum/vendor/flarum/core/src/Frontend/Compiler/RevisionCompiler.php(111): Flarum\Frontend\Assets->Flarum\Frontend\{closure}(Object(Flarum\Frontend\Compiler\Source\SourceCollector))
#4 /var/www/flarum/vendor/flarum/core/src/Frontend/Compiler/RevisionCompiler.php(69): Flarum\Frontend\Compiler\RevisionCompiler->getSources()
#5 /var/www/flarum/vendor/flarum/core/src/Frontend/Content/Assets.php(58): Flarum\Frontend\Compiler\RevisionCompiler->commit()
#6 /var/www/flarum/vendor/flarum/core/src/Frontend/Content/Assets.php(48): Flarum\Frontend\Content\Assets->commit(Array)
#7 /var/www/flarum/vendor/flarum/core/src/Frontend/Frontend.php(63): Flarum\Frontend\Content\Assets->__invoke(Object(Flarum\Frontend\Document), Object(Laminas\Diactoros\ServerRequest))
#8 /var/www/flarum/vendor/flarum/core/src/Frontend/Frontend.php(55): Flarum\Frontend\Frontend->populate(Object(Flarum\Frontend\Document), Object(Laminas\Diactoros\ServerRequest))
#9 /var/www/flarum/vendor/flarum/core/src/Frontend/Controller.php(32): Flarum\Frontend\Frontend->document(Object(Laminas\Diactoros\ServerRequest))
#10 /var/www/flarum/vendor/flarum/core/src/Http/RouteHandlerFactory.php(38): Flarum\Frontend\Controller->handle(Object(Laminas\Diactoros\ServerRequest))
#11 /var/www/flarum/vendor/flarum/core/src/Http/Middleware/DispatchRoute.php(65): Flarum\Http\RouteHandlerFactory->Flarum\Http\{closure}(Object(Laminas\Diactoros\ServerRequest), Array)
#12 /var/www/flarum/vendor/laminas/laminas-stratigility/src/Next.php(61): Flarum\Http\Middleware\DispatchRoute->process(Object(Laminas\Diactoros\ServerRequest), Object(Closure))
#13 /var/www/flarum/vendor/flarum/core/src/Http/Middleware/ShareErrorsFromSession.php(56): Laminas\Stratigility\Next->handle(Object(Laminas\Diactoros\ServerRequest))
#14 /var/www/flarum/vendor/laminas/laminas-stratigility/src/Next.php(61): Flarum\Http\Middleware\ShareErrorsFromSession->process(Object(Laminas\Diactoros\ServerRequest), Object(Laminas\Stratigility\Next))
#15 /var/www/flarum/vendor/flarum/core/src/Http/Middleware/SetLocale.php(50): Laminas\Stratigility\Next->handle(Object(Laminas\Diactoros\ServerRequest))
#16 /var/www/flarum/vendor/laminas/laminas-stratigility/src/Next.php(61): Flarum\Http\Middleware\SetLocale->process(Object(Laminas\Diactoros\ServerRequest), Object(Laminas\Stratigility\Next))
#17 /var/www/flarum/vendor/flarum/core/src/Http/Middleware/CheckCsrfToken.php(23): Laminas\Stratigility\Next->handle(Object(Laminas\Diactoros\ServerRequest))
#18 /var/www/flarum/vendor/laminas/laminas-stratigility/src/Next.php(61): Flarum\Http\Middleware\CheckCsrfToken->process(Object(Laminas\Diactoros\ServerRequest), Object(Laminas\Stratigility\Next))
#19 /var/www/flarum/vendor/flarum/core/src/Http/Middleware/AuthenticateWithSession.php(32): Laminas\Stratigility\Next->handle(Object(Laminas\Diactoros\ServerRequest))
#20 /var/www/flarum/vendor/laminas/laminas-stratigility/src/Next.php(61): Flarum\Http\Middleware\AuthenticateWithSession->process(Object(Laminas\Diactoros\ServerRequest), Object(Laminas\Stratigility\Next))
#21 /var/www/flarum/vendor/flarum/core/src/Http/Middleware/RememberFromCookie.php(51): Laminas\Stratigility\Next->handle(Object(Laminas\Diactoros\ServerRequest))
#22 /var/www/flarum/vendor/laminas/laminas-stratigility/src/Next.php(61): Flarum\Http\Middleware\RememberFromCookie->process(Object(Laminas\Diactoros\ServerRequest), Object(Laminas\Stratigility\Next))
#23 /var/www/flarum/vendor/flarum/core/src/Http/Middleware/StartSession.php(61): Laminas\Stratigility\Next->handle(Object(Laminas\Diactoros\ServerRequest))
#24 /var/www/flarum/vendor/laminas/laminas-stratigility/src/Next.php(61): Flarum\Http\Middleware\StartSession->process(Object(Laminas\Diactoros\ServerRequest), Object(Laminas\Stratigility\Next))
#25 /var/www/flarum/vendor/flarum/core/src/Http/Middleware/CollectGarbage.php(46): Laminas\Stratigility\Next->handle(Object(Laminas\Diactoros\ServerRequest))
#26 /var/www/flarum/vendor/laminas/laminas-stratigility/src/Next.php(61): Flarum\Http\Middleware\CollectGarbage->process(Object(Laminas\Diactoros\ServerRequest), Object(Laminas\Stratigility\Next))
#27 /var/www/flarum/vendor/flarum/core/src/Http/Middleware/ParseJsonBody.php(28): Laminas\Stratigility\Next->handle(Object(Laminas\Diactoros\ServerRequest))
#28 /var/www/flarum/vendor/laminas/laminas-stratigility/src/Next.php(61): Flarum\Http\Middleware\ParseJsonBody->process(Object(Laminas\Diactoros\ServerRequest), Object(Laminas\Stratigility\Next))
#29 /var/www/flarum/vendor/flarum/core/src/Http/Middleware/HandleErrors.php(57): Laminas\Stratigility\Next->handle(Object(Laminas\Diactoros\ServerRequest))
#30 /var/www/flarum/vendor/laminas/laminas-stratigility/src/Next.php(61): Flarum\Http\Middleware\HandleErrors->process(Object(Laminas\Diactoros\ServerRequest), Object(Laminas\Stratigility\Next))
#31 /var/www/flarum/vendor/laminas/laminas-stratigility/src/MiddlewarePipe.php(84): Laminas\Stratigility\Next->handle(Object(Laminas\Diactoros\ServerRequest))
#32 /var/www/flarum/vendor/middlewares/request-handler/src/RequestHandler.php(84): Laminas\Stratigility\MiddlewarePipe->process(Object(Laminas\Diactoros\ServerRequest), Object(Laminas\Stratigility\Next))
#33 /var/www/flarum/vendor/laminas/laminas-stratigility/src/Next.php(61): Middlewares\RequestHandler->process(Object(Laminas\Diactoros\ServerRequest), Object(Laminas\Stratigility\Next))
#34 /var/www/flarum/vendor/middlewares/base-path-router/src/BasePathRouter.php(97): Laminas\Stratigility\Next->handle(Object(Laminas\Diactoros\ServerRequest))
#35 /var/www/flarum/vendor/laminas/laminas-stratigility/src/Next.php(61): Middlewares\BasePathRouter->process(Object(Laminas\Diactoros\ServerRequest), Object(Laminas\Stratigility\Next))
#36 /var/www/flarum/vendor/laminas/laminas-stratigility/src/Middleware/OriginalMessages.php(42): Laminas\Stratigility\Next->handle(Object(Laminas\Diactoros\ServerRequest))
#37 /var/www/flarum/vendor/laminas/laminas-stratigility/src/Next.php(61): Laminas\Stratigility\Middleware\OriginalMessages->process(Object(Laminas\Diactoros\ServerRequest), Object(Laminas\Stratigility\Next))
#38 /var/www/flarum/vendor/middlewares/base-path/src/BasePath.php(53): Laminas\Stratigility\Next->handle(Object(Laminas\Diactoros\ServerRequest))
#39 /var/www/flarum/vendor/laminas/laminas-stratigility/src/Next.php(61): Middlewares\BasePath->process(Object(Laminas\Diactoros\ServerRequest), Object(Laminas\Stratigility\Next))
#40 /var/www/flarum/vendor/laminas/laminas-stratigility/src/MiddlewarePipe.php(84): Laminas\Stratigility\Next->handle(Object(Laminas\Diactoros\ServerRequest))
#41 /var/www/flarum/vendor/laminas/laminas-stratigility/src/MiddlewarePipe.php(73): Laminas\Stratigility\MiddlewarePipe->process(Object(Laminas\Diactoros\ServerRequest), Object(Laminas\Stratigility\EmptyPipelineHandler))
#42 /var/www/flarum/vendor/laminas/laminas-httphandlerrunner/src/RequestHandlerRunner.php(96): Laminas\Stratigility\MiddlewarePipe->handle(Object(Laminas\Diactoros\ServerRequest))
#43 /var/www/flarum/vendor/flarum/core/src/Http/Server.php(42): Laminas\HttpHandlerRunner\RequestHandlerRunner->run()
#44 /var/www/flarum/public/index.php(26): Flarum\Http\Server->listen()
#45 {main}  
[2020-03-20 14:43:08] production.ERROR: InvalidArgumentException: File not found at path: /var/www/flarum/js/dist/forum.js in /var/www/flarum/vendor/flarum/core/src/Frontend/Compiler/Source/FileSource.php:27
Stack trace:
#0 /var/www/flarum/vendor/flarum/core/src/Frontend/Compiler/Source/SourceCollector.php(25): Flarum\Frontend\Compiler\Source\FileSource->__construct('/var/www/flarum...')
#1 /var/www/flarum/vendor/flarum/core/src/Extend/Frontend.php(93): Flarum\Frontend\Compiler\Source\SourceCollector->addFile('/var/www/flarum...')
#2 /var/www/flarum/vendor/flarum/core/src/Frontend/Assets.php(98): Flarum\Extend\Frontend->Flarum\Extend\{closure}(Object(Flarum\Frontend\Compiler\Source\SourceCollector), NULL)
#3 /var/www/flarum/vendor/flarum/core/src/Frontend/Compiler/RevisionCompiler.php(111): Flarum\Frontend\Assets->Flarum\Frontend\{closure}(Object(Flarum\Frontend\Compiler\Source\SourceCollector))
#4 /var/www/flarum/vendor/flarum/core/src/Frontend/Compiler/RevisionCompiler.php(69): Flarum\Frontend\Compiler\RevisionCompiler->getSources()
#5 /var/www/flarum/vendor/flarum/core/src/Frontend/Content/Assets.php(58): Flarum\Frontend\Compiler\RevisionCompiler->commit()
#6 /var/www/flarum/vendor/flarum/core/src/Frontend/Content/Assets.php(48): Flarum\Frontend\Content\Assets->commit(Array)
#7 /var/www/flarum/vendor/flarum/core/src/Frontend/Frontend.php(63): Flarum\Frontend\Content\Assets->__invoke(Object(Flarum\Frontend\Document), Object(Laminas\Diactoros\ServerRequest))
#8 /var/www/flarum/vendor/flarum/core/src/Frontend/Frontend.php(55): Flarum\Frontend\Frontend->populate(Object(Flarum\Frontend\Document), Object(Laminas\Diactoros\ServerRequest))
#9 /var/www/flarum/vendor/flarum/core/src/Frontend/Controller.php(32): Flarum\Frontend\Frontend->document(Object(Laminas\Diactoros\ServerRequest))
#10 /var/www/flarum/vendor/flarum/core/src/Http/RouteHandlerFactory.php(38): Flarum\Frontend\Controller->handle(Object(Laminas\Diactoros\ServerRequest))
#11 /var/www/flarum/vendor/flarum/core/src/Http/Middleware/DispatchRoute.php(65): Flarum\Http\RouteHandlerFactory->Flarum\Http\{closure}(Object(Laminas\Diactoros\ServerRequest), Array)
#12 /var/www/flarum/vendor/laminas/laminas-stratigility/src/Next.php(61): Flarum\Http\Middleware\DispatchRoute->process(Object(Laminas\Diactoros\ServerRequest), Object(Closure))
#13 /var/www/flarum/vendor/flarum/core/src/Http/Middleware/ShareErrorsFromSession.php(56): Laminas\Stratigility\Next->handle(Object(Laminas\Diactoros\ServerRequest))
#14 /var/www/flarum/vendor/laminas/laminas-stratigility/src/Next.php(61): Flarum\Http\Middleware\ShareErrorsFromSession->process(Object(Laminas\Diactoros\ServerRequest), Object(Laminas\Stratigility\Next))
#15 /var/www/flarum/vendor/flarum/core/src/Http/Middleware/SetLocale.php(50): Laminas\Stratigility\Next->handle(Object(Laminas\Diactoros\ServerRequest))
#16 /var/www/flarum/vendor/laminas/laminas-stratigility/src/Next.php(61): Flarum\Http\Middleware\SetLocale->process(Object(Laminas\Diactoros\ServerRequest), Object(Laminas\Stratigility\Next))
#17 /var/www/flarum/vendor/flarum/core/src/Http/Middleware/CheckCsrfToken.php(23): Laminas\Stratigility\Next->handle(Object(Laminas\Diactoros\ServerRequest))
#18 /var/www/flarum/vendor/laminas/laminas-stratigility/src/Next.php(61): Flarum\Http\Middleware\CheckCsrfToken->process(Object(Laminas\Diactoros\ServerRequest), Object(Laminas\Stratigility\Next))
#19 /var/www/flarum/vendor/flarum/core/src/Http/Middleware/AuthenticateWithSession.php(32): Laminas\Stratigility\Next->handle(Object(Laminas\Diactoros\ServerRequest))
#20 /var/www/flarum/vendor/laminas/laminas-stratigility/src/Next.php(61): Flarum\Http\Middleware\AuthenticateWithSession->process(Object(Laminas\Diactoros\ServerRequest), Object(Laminas\Stratigility\Next))
#21 /var/www/flarum/vendor/flarum/core/src/Http/Middleware/RememberFromCookie.php(51): Laminas\Stratigility\Next->handle(Object(Laminas\Diactoros\ServerRequest))
#22 /var/www/flarum/vendor/laminas/laminas-stratigility/src/Next.php(61): Flarum\Http\Middleware\RememberFromCookie->process(Object(Laminas\Diactoros\ServerRequest), Object(Laminas\Stratigility\Next))
#23 /var/www/flarum/vendor/flarum/core/src/Http/Middleware/StartSession.php(61): Laminas\Stratigility\Next->handle(Object(Laminas\Diactoros\ServerRequest))
#24 /var/www/flarum/vendor/laminas/laminas-stratigility/src/Next.php(61): Flarum\Http\Middleware\StartSession->process(Object(Laminas\Diactoros\ServerRequest), Object(Laminas\Stratigility\Next))
#25 /var/www/flarum/vendor/flarum/core/src/Http/Middleware/CollectGarbage.php(46): Laminas\Stratigility\Next->handle(Object(Laminas\Diactoros\ServerRequest))
#26 /var/www/flarum/vendor/laminas/laminas-stratigility/src/Next.php(61): Flarum\Http\Middleware\CollectGarbage->process(Object(Laminas\Diactoros\ServerRequest), Object(Laminas\Stratigility\Next))
#27 /var/www/flarum/vendor/flarum/core/src/Http/Middleware/ParseJsonBody.php(28): Laminas\Stratigility\Next->handle(Object(Laminas\Diactoros\ServerRequest))
#28 /var/www/flarum/vendor/laminas/laminas-stratigility/src/Next.php(61): Flarum\Http\Middleware\ParseJsonBody->process(Object(Laminas\Diactoros\ServerRequest), Object(Laminas\Stratigility\Next))
#29 /var/www/flarum/vendor/flarum/core/src/Http/Middleware/HandleErrors.php(57): Laminas\Stratigility\Next->handle(Object(Laminas\Diactoros\ServerRequest))
#30 /var/www/flarum/vendor/laminas/laminas-stratigility/src/Next.php(61): Flarum\Http\Middleware\HandleErrors->process(Object(Laminas\Diactoros\ServerRequest), Object(Laminas\Stratigility\Next))
#31 /var/www/flarum/vendor/laminas/laminas-stratigility/src/MiddlewarePipe.php(84): Laminas\Stratigility\Next->handle(Object(Laminas\Diactoros\ServerRequest))
#32 /var/www/flarum/vendor/middlewares/request-handler/src/RequestHandler.php(84): Laminas\Stratigility\MiddlewarePipe->process(Object(Laminas\Diactoros\ServerRequest), Object(Laminas\Stratigility\Next))
#33 /var/www/flarum/vendor/laminas/laminas-stratigility/src/Next.php(61): Middlewares\RequestHandler->process(Object(Laminas\Diactoros\ServerRequest), Object(Laminas\Stratigility\Next))
#34 /var/www/flarum/vendor/middlewares/base-path-router/src/BasePathRouter.php(97): Laminas\Stratigility\Next->handle(Object(Laminas\Diactoros\ServerRequest))
#35 /var/www/flarum/vendor/laminas/laminas-stratigility/src/Next.php(61): Middlewares\BasePathRouter->process(Object(Laminas\Diactoros\ServerRequest), Object(Laminas\Stratigility\Next))
#36 /var/www/flarum/vendor/laminas/laminas-stratigility/src/Middleware/OriginalMessages.php(42): Laminas\Stratigility\Next->handle(Object(Laminas\Diactoros\ServerRequest))
#37 /var/www/flarum/vendor/laminas/laminas-stratigility/src/Next.php(61): Laminas\Stratigility\Middleware\OriginalMessages->process(Object(Laminas\Diactoros\ServerRequest), Object(Laminas\Stratigility\Next))
#38 /var/www/flarum/vendor/middlewares/base-path/src/BasePath.php(53): Laminas\Stratigility\Next->handle(Object(Laminas\Diactoros\ServerRequest))
#39 /var/www/flarum/vendor/laminas/laminas-stratigility/src/Next.php(61): Middlewares\BasePath->process(Object(Laminas\Diactoros\ServerRequest), Object(Laminas\Stratigility\Next))
#40 /var/www/flarum/vendor/laminas/laminas-stratigility/src/MiddlewarePipe.php(84): Laminas\Stratigility\Next->handle(Object(Laminas\Diactoros\ServerRequest))
#41 /var/www/flarum/vendor/laminas/laminas-stratigility/src/MiddlewarePipe.php(73): Laminas\Stratigility\MiddlewarePipe->process(Object(Laminas\Diactoros\ServerRequest), Object(Laminas\Stratigility\EmptyPipelineHandler))
#42 /var/www/flarum/vendor/laminas/laminas-httphandlerrunner/src/RequestHandlerRunner.php(96): Laminas\Stratigility\MiddlewarePipe->handle(Object(Laminas\Diactoros\ServerRequest))
#43 /var/www/flarum/vendor/flarum/core/src/Http/Server.php(42): Laminas\HttpHandlerRunner\RequestHandlerRunner->run()
#44 /var/www/flarum/public/index.php(26): Flarum\Http\Server->listen()
#45 {main}  
