[2020-04-02 09:24:35] production.ERROR: Swift_TransportException: Connection could not be established with host localhost :stream_socket_client(): unable to connect to ssl://localhost:465 (Network is unreachable) in /home/forum/www/vendor/swiftmailer/swiftmailer/lib/classes/Swift/Transport/StreamBuffer.php:269
Stack trace:
#0 [internal function]: Swift_Transport_StreamBuffer->{closure}(2, 'stream_socket_c...', '/home/forum/www...', 272, Array)
#1 /home/forum/www/vendor/swiftmailer/swiftmailer/lib/classes/Swift/Transport/StreamBuffer.php(272): stream_socket_client('ssl://localhost...', 101, 'Network is unre...', 30, 4, Resource id #174)
#2 /home/forum/www/vendor/swiftmailer/swiftmailer/lib/classes/Swift/Transport/StreamBuffer.php(58): Swift_Transport_StreamBuffer->establishSocketConnection()
#3 /home/forum/www/vendor/swiftmailer/swiftmailer/lib/classes/Swift/Transport/AbstractSmtpTransport.php(143): Swift_Transport_StreamBuffer->initialize(Array)
#4 /home/forum/www/vendor/swiftmailer/swiftmailer/lib/classes/Swift/Mailer.php(65): Swift_Transport_AbstractSmtpTransport->start()
#5 /home/forum/www/vendor/illuminate/mail/Mailer.php(483): Swift_Mailer->send(Object(Swift_Message), Array)
#6 /home/forum/www/vendor/illuminate/mail/Mailer.php(259): Illuminate\Mail\Mailer->sendSwiftMessage(Object(Swift_Message))
#7 /home/forum/www/vendor/illuminate/mail/Mailer.php(183): Illuminate\Mail\Mailer->send(NULL, Array, Object(Closure))
#8 /home/forum/www/vendor/flarum/core/src/User/EmailConfirmationMailer.php(59): Illuminate\Mail\Mailer->raw('Hey giorgiomann...', Object(Closure))
#9 [internal function]: Flarum\User\EmailConfirmationMailer->handle(Object(Flarum\User\Event\EmailChangeRequested))
#10 /home/forum/www/vendor/illuminate/events/Dispatcher.php(379): call_user_func_array(Array, Array)
#11 /home/forum/www/vendor/illuminate/events/Dispatcher.php(209): Illuminate\Events\Dispatcher->Illuminate\Events\{closure}('Flarum\\User\\Eve...', Array)
#12 /home/forum/www/vendor/flarum/core/src/Foundation/DispatchEventsTrait.php(33): Illuminate\Events\Dispatcher->dispatch('Flarum\\User\\Eve...')
#13 /home/forum/www/vendor/flarum/core/src/User/Command/EditUserHandler.php(140): Flarum\User\Command\EditUserHandler->dispatchEventsFor(Object(Flarum\User\User), Object(Flarum\User\User))
#14 /home/forum/www/vendor/illuminate/bus/Dispatcher.php(90): Flarum\User\Command\EditUserHandler->handle(Object(Flarum\User\Command\EditUser))
#15 /home/forum/www/vendor/illuminate/pipeline/Pipeline.php(128): Illuminate\Bus\Dispatcher->Illuminate\Bus\{closure}(Object(Flarum\User\Command\EditUser))
#16 /home/forum/www/vendor/illuminate/pipeline/Pipeline.php(104): Illuminate\Pipeline\Pipeline->Illuminate\Pipeline\{closure}(Object(Flarum\User\Command\EditUser))
#17 /home/forum/www/vendor/illuminate/bus/Dispatcher.php(98): Illuminate\Pipeline\Pipeline->then(Object(Closure))
#18 /home/forum/www/vendor/illuminate/bus/Dispatcher.php(76): Illuminate\Bus\Dispatcher->dispatchNow(Object(Flarum\User\Command\EditUser))
#19 /home/forum/www/vendor/flarum/core/src/Api/Controller/UpdateUserController.php(70): Illuminate\Bus\Dispatcher->dispatch(Object(Flarum\User\Command\EditUser))
#20 /home/forum/www/vendor/flarum/core/src/Api/Controller/AbstractSerializeController.php(96): Flarum\Api\Controller\UpdateUserController->data(Object(Laminas\Diactoros\ServerRequest), Object(Tobscure\JsonApi\Document))
#21 /home/forum/www/vendor/flarum/core/src/Http/RouteHandlerFactory.php(38): Flarum\Api\Controller\AbstractSerializeController->handle(Object(Laminas\Diactoros\ServerRequest))
#22 /home/forum/www/vendor/flarum/core/src/Http/Middleware/DispatchRoute.php(65): Flarum\Http\RouteHandlerFactory->Flarum\Http\{closure}(Object(Laminas\Diactoros\ServerRequest), Array)
#23 /home/forum/www/vendor/laminas/laminas-stratigility/src/Next.php(61): Flarum\Http\Middleware\DispatchRoute->process(Object(Laminas\Diactoros\ServerRequest), Object(Closure))
#24 /home/forum/www/vendor/flarum/core/src/Http/Middleware/SetLocale.php(50): Laminas\Stratigility\Next->handle(Object(Laminas\Diactoros\ServerRequest))
#25 /home/forum/www/vendor/laminas/laminas-stratigility/src/Next.php(61): Flarum\Http\Middleware\SetLocale->process(Object(Laminas\Diactoros\ServerRequest), Object(Laminas\Stratigility\Next))
#26 /home/forum/www/vendor/flarum/core/src/Http/Middleware/CheckCsrfToken.php(31): Laminas\Stratigility\Next->handle(Object(Laminas\Diactoros\ServerRequest))
#27 /home/forum/www/vendor/laminas/laminas-stratigility/src/Next.php(61): Flarum\Http\Middleware\CheckCsrfToken->process(Object(Laminas\Diactoros\ServerRequest), Object(Laminas\Stratigility\Next))
#28 /home/forum/www/vendor/flarum/core/src/Http/Middleware/AuthenticateWithHeader.php(55): Laminas\Stratigility\Next->handle(Object(Laminas\Diactoros\ServerRequest))
#29 /home/forum/www/vendor/laminas/laminas-stratigility/src/Next.php(61): Flarum\Http\Middleware\AuthenticateWithHeader->process(Object(Laminas\Diactoros\ServerRequest), Object(Laminas\Stratigility\Next))
#30 /home/forum/www/vendor/flarum/core/src/Http/Middleware/AuthenticateWithSession.php(32): Laminas\Stratigility\Next->handle(Object(Laminas\Diactoros\ServerRequest))
#31 /home/forum/www/vendor/laminas/laminas-stratigility/src/Next.php(61): Flarum\Http\Middleware\AuthenticateWithSession->process(Object(Laminas\Diactoros\ServerRequest), Object(Laminas\Stratigility\Next))
#32 /home/forum/www/vendor/flarum/core/src/Http/Middleware/RememberFromCookie.php(51): Laminas\Stratigility\Next->handle(Object(Laminas\Diactoros\ServerRequest))
#33 /home/forum/www/vendor/laminas/laminas-stratigility/src/Next.php(61): Flarum\Http\Middleware\RememberFromCookie->process(Object(Laminas\Diactoros\ServerRequest), Object(Laminas\Stratigility\Next))
#34 /home/forum/www/vendor/flarum/core/src/Http/Middleware/StartSession.php(61): Laminas\Stratigility\Next->handle(Object(Laminas\Diactoros\ServerRequest))
#35 /home/forum/www/vendor/laminas/laminas-stratigility/src/Next.php(61): Flarum\Http\Middleware\StartSession->process(Object(Laminas\Diactoros\ServerRequest), Object(Laminas\Stratigility\Next))
#36 /home/forum/www/vendor/flarum/core/src/Api/Middleware/FakeHttpMethods.php(29): Laminas\Stratigility\Next->handle(Object(Laminas\Diactoros\ServerRequest))
#37 /home/forum/www/vendor/laminas/laminas-stratigility/src/Next.php(61): Flarum\Api\Middleware\FakeHttpMethods->process(Object(Laminas\Diactoros\ServerRequest), Object(Laminas\Stratigility\Next))
#38 /home/forum/www/vendor/flarum/core/src/Http/Middleware/ParseJsonBody.php(28): Laminas\Stratigility\Next->handle(Object(Laminas\Diactoros\ServerRequest))
#39 /home/forum/www/vendor/laminas/laminas-stratigility/src/Next.php(61): Flarum\Http\Middleware\ParseJsonBody->process(Object(Laminas\Diactoros\ServerRequest), Object(Laminas\Stratigility\Next))
#40 /home/forum/www/vendor/flarum/core/src/Http/Middleware/HandleErrors.php(57): Laminas\Stratigility\Next->handle(Object(Laminas\Diactoros\ServerRequest))
#41 /home/forum/www/vendor/laminas/laminas-stratigility/src/Next.php(61): Flarum\Http\Middleware\HandleErrors->process(Object(Laminas\Diactoros\ServerRequest), Object(Laminas\Stratigility\Next))
#42 /home/forum/www/vendor/laminas/laminas-stratigility/src/MiddlewarePipe.php(84): Laminas\Stratigility\Next->handle(Object(Laminas\Diactoros\ServerRequest))
#43 /home/forum/www/vendor/middlewares/request-handler/src/RequestHandler.php(84): Laminas\Stratigility\MiddlewarePipe->process(Object(Laminas\Diactoros\ServerRequest), Object(Laminas\Stratigility\Next))
#44 /home/forum/www/vendor/laminas/laminas-stratigility/src/Next.php(61): Middlewares\RequestHandler->process(Object(Laminas\Diactoros\ServerRequest), Object(Laminas\Stratigility\Next))
#45 /home/forum/www/vendor/middlewares/base-path-router/src/BasePathRouter.php(97): Laminas\Stratigility\Next->handle(Object(Laminas\Diactoros\ServerRequest))
#46 /home/forum/www/vendor/laminas/laminas-stratigility/src/Next.php(61): Middlewares\BasePathRouter->process(Object(Laminas\Diactoros\ServerRequest), Object(Laminas\Stratigility\Next))
#47 /home/forum/www/vendor/laminas/laminas-stratigility/src/Middleware/OriginalMessages.php(42): Laminas\Stratigility\Next->handle(Object(Laminas\Diactoros\ServerRequest))
#48 /home/forum/www/vendor/laminas/laminas-stratigility/src/Next.php(61): Laminas\Stratigility\Middleware\OriginalMessages->process(Object(Laminas\Diactoros\ServerRequest), Object(Laminas\Stratigility\Next))
#49 /home/forum/www/vendor/middlewares/base-path/src/BasePath.php(53): Laminas\Stratigility\Next->handle(Object(Laminas\Diactoros\ServerRequest))
#50 /home/forum/www/vendor/laminas/laminas-stratigility/src/Next.php(61): Middlewares\BasePath->process(Object(Laminas\Diactoros\ServerRequest), Object(Laminas\Stratigility\Next))
#51 /home/forum/www/vendor/laminas/laminas-stratigility/src/MiddlewarePipe.php(84): Laminas\Stratigility\Next->handle(Object(Laminas\Diactoros\ServerRequest))
#52 /home/forum/www/vendor/laminas/laminas-stratigility/src/MiddlewarePipe.php(73): Laminas\Stratigility\MiddlewarePipe->process(Object(Laminas\Diactoros\ServerRequest), Object(Laminas\Stratigility\EmptyPipelineHandler))
#53 /home/forum/www/vendor/laminas/laminas-httphandlerrunner/src/RequestHandlerRunner.php(96): Laminas\Stratigility\MiddlewarePipe->handle(Object(Laminas\Diactoros\ServerRequest))
#54 /home/forum/www/vendor/flarum/core/src/Http/Server.php(42): Laminas\HttpHandlerRunner\RequestHandlerRunner->run()
#55 /home/forum/www/public/index.php(26): Flarum\Http\Server->listen()
#56 {main}  
[2020-04-02 09:24:39] production.ERROR: Swift_TransportException: Connection could not be established with host localhost :stream_socket_client(): unable to connect to ssl://localhost:465 (Network is unreachable) in /home/forum/www/vendor/swiftmailer/swiftmailer/lib/classes/Swift/Transport/StreamBuffer.php:269
Stack trace:
#0 [internal function]: Swift_Transport_StreamBuffer->{closure}(2, 'stream_socket_c...', '/home/forum/www...', 272, Array)
#1 /home/forum/www/vendor/swiftmailer/swiftmailer/lib/classes/Swift/Transport/StreamBuffer.php(272): stream_socket_client('ssl://localhost...', 101, 'Network is unre...', 30, 4, Resource id #174)
#2 /home/forum/www/vendor/swiftmailer/swiftmailer/lib/classes/Swift/Transport/StreamBuffer.php(58): Swift_Transport_StreamBuffer->establishSocketConnection()
#3 /home/forum/www/vendor/swiftmailer/swiftmailer/lib/classes/Swift/Transport/AbstractSmtpTransport.php(143): Swift_Transport_StreamBuffer->initialize(Array)
#4 /home/forum/www/vendor/swiftmailer/swiftmailer/lib/classes/Swift/Mailer.php(65): Swift_Transport_AbstractSmtpTransport->start()
#5 /home/forum/www/vendor/illuminate/mail/Mailer.php(483): Swift_Mailer->send(Object(Swift_Message), Array)
#6 /home/forum/www/vendor/illuminate/mail/Mailer.php(259): Illuminate\Mail\Mailer->sendSwiftMessage(Object(Swift_Message))
#7 /home/forum/www/vendor/illuminate/mail/Mailer.php(183): Illuminate\Mail\Mailer->send(NULL, Array, Object(Closure))
#8 /home/forum/www/vendor/flarum/core/src/User/EmailConfirmationMailer.php(59): Illuminate\Mail\Mailer->raw('Hey giorgiomann...', Object(Closure))
#9 [internal function]: Flarum\User\EmailConfirmationMailer->handle(Object(Flarum\User\Event\EmailChangeRequested))
#10 /home/forum/www/vendor/illuminate/events/Dispatcher.php(379): call_user_func_array(Array, Array)
#11 /home/forum/www/vendor/illuminate/events/Dispatcher.php(209): Illuminate\Events\Dispatcher->Illuminate\Events\{closure}('Flarum\\User\\Eve...', Array)
#12 /home/forum/www/vendor/flarum/core/src/Foundation/DispatchEventsTrait.php(33): Illuminate\Events\Dispatcher->dispatch('Flarum\\User\\Eve...')
#13 /home/forum/www/vendor/flarum/core/src/User/Command/EditUserHandler.php(140): Flarum\User\Command\EditUserHandler->dispatchEventsFor(Object(Flarum\User\User), Object(Flarum\User\User))
#14 /home/forum/www/vendor/illuminate/bus/Dispatcher.php(90): Flarum\User\Command\EditUserHandler->handle(Object(Flarum\User\Command\EditUser))
#15 /home/forum/www/vendor/illuminate/pipeline/Pipeline.php(128): Illuminate\Bus\Dispatcher->Illuminate\Bus\{closure}(Object(Flarum\User\Command\EditUser))
#16 /home/forum/www/vendor/illuminate/pipeline/Pipeline.php(104): Illuminate\Pipeline\Pipeline->Illuminate\Pipeline\{closure}(Object(Flarum\User\Command\EditUser))
#17 /home/forum/www/vendor/illuminate/bus/Dispatcher.php(98): Illuminate\Pipeline\Pipeline->then(Object(Closure))
#18 /home/forum/www/vendor/illuminate/bus/Dispatcher.php(76): Illuminate\Bus\Dispatcher->dispatchNow(Object(Flarum\User\Command\EditUser))
#19 /home/forum/www/vendor/flarum/core/src/Api/Controller/UpdateUserController.php(70): Illuminate\Bus\Dispatcher->dispatch(Object(Flarum\User\Command\EditUser))
#20 /home/forum/www/vendor/flarum/core/src/Api/Controller/AbstractSerializeController.php(96): Flarum\Api\Controller\UpdateUserController->data(Object(Laminas\Diactoros\ServerRequest), Object(Tobscure\JsonApi\Document))
#21 /home/forum/www/vendor/flarum/core/src/Http/RouteHandlerFactory.php(38): Flarum\Api\Controller\AbstractSerializeController->handle(Object(Laminas\Diactoros\ServerRequest))
#22 /home/forum/www/vendor/flarum/core/src/Http/Middleware/DispatchRoute.php(65): Flarum\Http\RouteHandlerFactory->Flarum\Http\{closure}(Object(Laminas\Diactoros\ServerRequest), Array)
#23 /home/forum/www/vendor/laminas/laminas-stratigility/src/Next.php(61): Flarum\Http\Middleware\DispatchRoute->process(Object(Laminas\Diactoros\ServerRequest), Object(Closure))
#24 /home/forum/www/vendor/flarum/core/src/Http/Middleware/SetLocale.php(50): Laminas\Stratigility\Next->handle(Object(Laminas\Diactoros\ServerRequest))
#25 /home/forum/www/vendor/laminas/laminas-stratigility/src/Next.php(61): Flarum\Http\Middleware\SetLocale->process(Object(Laminas\Diactoros\ServerRequest), Object(Laminas\Stratigility\Next))
#26 /home/forum/www/vendor/flarum/core/src/Http/Middleware/CheckCsrfToken.php(31): Laminas\Stratigility\Next->handle(Object(Laminas\Diactoros\ServerRequest))
#27 /home/forum/www/vendor/laminas/laminas-stratigility/src/Next.php(61): Flarum\Http\Middleware\CheckCsrfToken->process(Object(Laminas\Diactoros\ServerRequest), Object(Laminas\Stratigility\Next))
#28 /home/forum/www/vendor/flarum/core/src/Http/Middleware/AuthenticateWithHeader.php(55): Laminas\Stratigility\Next->handle(Object(Laminas\Diactoros\ServerRequest))
#29 /home/forum/www/vendor/laminas/laminas-stratigility/src/Next.php(61): Flarum\Http\Middleware\AuthenticateWithHeader->process(Object(Laminas\Diactoros\ServerRequest), Object(Laminas\Stratigility\Next))
#30 /home/forum/www/vendor/flarum/core/src/Http/Middleware/AuthenticateWithSession.php(32): Laminas\Stratigility\Next->handle(Object(Laminas\Diactoros\ServerRequest))
#31 /home/forum/www/vendor/laminas/laminas-stratigility/src/Next.php(61): Flarum\Http\Middleware\AuthenticateWithSession->process(Object(Laminas\Diactoros\ServerRequest), Object(Laminas\Stratigility\Next))
#32 /home/forum/www/vendor/flarum/core/src/Http/Middleware/RememberFromCookie.php(51): Laminas\Stratigility\Next->handle(Object(Laminas\Diactoros\ServerRequest))
#33 /home/forum/www/vendor/laminas/laminas-stratigility/src/Next.php(61): Flarum\Http\Middleware\RememberFromCookie->process(Object(Laminas\Diactoros\ServerRequest), Object(Laminas\Stratigility\Next))
#34 /home/forum/www/vendor/flarum/core/src/Http/Middleware/StartSession.php(61): Laminas\Stratigility\Next->handle(Object(Laminas\Diactoros\ServerRequest))
#35 /home/forum/www/vendor/laminas/laminas-stratigility/src/Next.php(61): Flarum\Http\Middleware\StartSession->process(Object(Laminas\Diactoros\ServerRequest), Object(Laminas\Stratigility\Next))
#36 /home/forum/www/vendor/flarum/core/src/Api/Middleware/FakeHttpMethods.php(29): Laminas\Stratigility\Next->handle(Object(Laminas\Diactoros\ServerRequest))
#37 /home/forum/www/vendor/laminas/laminas-stratigility/src/Next.php(61): Flarum\Api\Middleware\FakeHttpMethods->process(Object(Laminas\Diactoros\ServerRequest), Object(Laminas\Stratigility\Next))
#38 /home/forum/www/vendor/flarum/core/src/Http/Middleware/ParseJsonBody.php(28): Laminas\Stratigility\Next->handle(Object(Laminas\Diactoros\ServerRequest))
#39 /home/forum/www/vendor/laminas/laminas-stratigility/src/Next.php(61): Flarum\Http\Middleware\ParseJsonBody->process(Object(Laminas\Diactoros\ServerRequest), Object(Laminas\Stratigility\Next))
#40 /home/forum/www/vendor/flarum/core/src/Http/Middleware/HandleErrors.php(57): Laminas\Stratigility\Next->handle(Object(Laminas\Diactoros\ServerRequest))
#41 /home/forum/www/vendor/laminas/laminas-stratigility/src/Next.php(61): Flarum\Http\Middleware\HandleErrors->process(Object(Laminas\Diactoros\ServerRequest), Object(Laminas\Stratigility\Next))
#42 /home/forum/www/vendor/laminas/laminas-stratigility/src/MiddlewarePipe.php(84): Laminas\Stratigility\Next->handle(Object(Laminas\Diactoros\ServerRequest))
#43 /home/forum/www/vendor/middlewares/request-handler/src/RequestHandler.php(84): Laminas\Stratigility\MiddlewarePipe->process(Object(Laminas\Diactoros\ServerRequest), Object(Laminas\Stratigility\Next))
#44 /home/forum/www/vendor/laminas/laminas-stratigility/src/Next.php(61): Middlewares\RequestHandler->process(Object(Laminas\Diactoros\ServerRequest), Object(Laminas\Stratigility\Next))
#45 /home/forum/www/vendor/middlewares/base-path-router/src/BasePathRouter.php(97): Laminas\Stratigility\Next->handle(Object(Laminas\Diactoros\ServerRequest))
#46 /home/forum/www/vendor/laminas/laminas-stratigility/src/Next.php(61): Middlewares\BasePathRouter->process(Object(Laminas\Diactoros\ServerRequest), Object(Laminas\Stratigility\Next))
#47 /home/forum/www/vendor/laminas/laminas-stratigility/src/Middleware/OriginalMessages.php(42): Laminas\Stratigility\Next->handle(Object(Laminas\Diactoros\ServerRequest))
#48 /home/forum/www/vendor/laminas/laminas-stratigility/src/Next.php(61): Laminas\Stratigility\Middleware\OriginalMessages->process(Object(Laminas\Diactoros\ServerRequest), Object(Laminas\Stratigility\Next))
#49 /home/forum/www/vendor/middlewares/base-path/src/BasePath.php(53): Laminas\Stratigility\Next->handle(Object(Laminas\Diactoros\ServerRequest))
#50 /home/forum/www/vendor/laminas/laminas-stratigility/src/Next.php(61): Middlewares\BasePath->process(Object(Laminas\Diactoros\ServerRequest), Object(Laminas\Stratigility\Next))
#51 /home/forum/www/vendor/laminas/laminas-stratigility/src/MiddlewarePipe.php(84): Laminas\Stratigility\Next->handle(Object(Laminas\Diactoros\ServerRequest))
#52 /home/forum/www/vendor/laminas/laminas-stratigility/src/MiddlewarePipe.php(73): Laminas\Stratigility\MiddlewarePipe->process(Object(Laminas\Diactoros\ServerRequest), Object(Laminas\Stratigility\EmptyPipelineHandler))
#53 /home/forum/www/vendor/laminas/laminas-httphandlerrunner/src/RequestHandlerRunner.php(96): Laminas\Stratigility\MiddlewarePipe->handle(Object(Laminas\Diactoros\ServerRequest))
#54 /home/forum/www/vendor/flarum/core/src/Http/Server.php(42): Laminas\HttpHandlerRunner\RequestHandlerRunner->run()
#55 /home/forum/www/public/index.php(26): Flarum\Http\Server->listen()
#56 {main}  
[2020-04-02 09:24:51] production.ERROR: Swift_TransportException: Connection could not be established with host localhost :stream_socket_client(): unable to connect to ssl://localhost:465 (Network is unreachable) in /home/forum/www/vendor/swiftmailer/swiftmailer/lib/classes/Swift/Transport/StreamBuffer.php:269
Stack trace:
#0 [internal function]: Swift_Transport_StreamBuffer->{closure}(2, 'stream_socket_c...', '/home/forum/www...', 272, Array)
#1 /home/forum/www/vendor/swiftmailer/swiftmailer/lib/classes/Swift/Transport/StreamBuffer.php(272): stream_socket_client('ssl://localhost...', 101, 'Network is unre...', 30, 4, Resource id #174)
#2 /home/forum/www/vendor/swiftmailer/swiftmailer/lib/classes/Swift/Transport/StreamBuffer.php(58): Swift_Transport_StreamBuffer->establishSocketConnection()
#3 /home/forum/www/vendor/swiftmailer/swiftmailer/lib/classes/Swift/Transport/AbstractSmtpTransport.php(143): Swift_Transport_StreamBuffer->initialize(Array)
#4 /home/forum/www/vendor/swiftmailer/swiftmailer/lib/classes/Swift/Mailer.php(65): Swift_Transport_AbstractSmtpTransport->start()
#5 /home/forum/www/vendor/illuminate/mail/Mailer.php(483): Swift_Mailer->send(Object(Swift_Message), Array)
#6 /home/forum/www/vendor/illuminate/mail/Mailer.php(259): Illuminate\Mail\Mailer->sendSwiftMessage(Object(Swift_Message))
#7 /home/forum/www/vendor/illuminate/mail/Mailer.php(183): Illuminate\Mail\Mailer->send(NULL, Array, Object(Closure))
#8 /home/forum/www/vendor/flarum/core/src/User/EmailConfirmationMailer.php(59): Illuminate\Mail\Mailer->raw('Hey giorgiomann...', Object(Closure))
#9 [internal function]: Flarum\User\EmailConfirmationMailer->handle(Object(Flarum\User\Event\EmailChangeRequested))
#10 /home/forum/www/vendor/illuminate/events/Dispatcher.php(379): call_user_func_array(Array, Array)
#11 /home/forum/www/vendor/illuminate/events/Dispatcher.php(209): Illuminate\Events\Dispatcher->Illuminate\Events\{closure}('Flarum\\User\\Eve...', Array)
#12 /home/forum/www/vendor/flarum/core/src/Foundation/DispatchEventsTrait.php(33): Illuminate\Events\Dispatcher->dispatch('Flarum\\User\\Eve...')
#13 /home/forum/www/vendor/flarum/core/src/User/Command/EditUserHandler.php(140): Flarum\User\Command\EditUserHandler->dispatchEventsFor(Object(Flarum\User\User), Object(Flarum\User\User))
#14 /home/forum/www/vendor/illuminate/bus/Dispatcher.php(90): Flarum\User\Command\EditUserHandler->handle(Object(Flarum\User\Command\EditUser))
#15 /home/forum/www/vendor/illuminate/pipeline/Pipeline.php(128): Illuminate\Bus\Dispatcher->Illuminate\Bus\{closure}(Object(Flarum\User\Command\EditUser))
#16 /home/forum/www/vendor/illuminate/pipeline/Pipeline.php(104): Illuminate\Pipeline\Pipeline->Illuminate\Pipeline\{closure}(Object(Flarum\User\Command\EditUser))
#17 /home/forum/www/vendor/illuminate/bus/Dispatcher.php(98): Illuminate\Pipeline\Pipeline->then(Object(Closure))
#18 /home/forum/www/vendor/illuminate/bus/Dispatcher.php(76): Illuminate\Bus\Dispatcher->dispatchNow(Object(Flarum\User\Command\EditUser))
#19 /home/forum/www/vendor/flarum/core/src/Api/Controller/UpdateUserController.php(70): Illuminate\Bus\Dispatcher->dispatch(Object(Flarum\User\Command\EditUser))
#20 /home/forum/www/vendor/flarum/core/src/Api/Controller/AbstractSerializeController.php(96): Flarum\Api\Controller\UpdateUserController->data(Object(Laminas\Diactoros\ServerRequest), Object(Tobscure\JsonApi\Document))
#21 /home/forum/www/vendor/flarum/core/src/Http/RouteHandlerFactory.php(38): Flarum\Api\Controller\AbstractSerializeController->handle(Object(Laminas\Diactoros\ServerRequest))
#22 /home/forum/www/vendor/flarum/core/src/Http/Middleware/DispatchRoute.php(65): Flarum\Http\RouteHandlerFactory->Flarum\Http\{closure}(Object(Laminas\Diactoros\ServerRequest), Array)
#23 /home/forum/www/vendor/laminas/laminas-stratigility/src/Next.php(61): Flarum\Http\Middleware\DispatchRoute->process(Object(Laminas\Diactoros\ServerRequest), Object(Closure))
#24 /home/forum/www/vendor/flarum/core/src/Http/Middleware/SetLocale.php(50): Laminas\Stratigility\Next->handle(Object(Laminas\Diactoros\ServerRequest))
#25 /home/forum/www/vendor/laminas/laminas-stratigility/src/Next.php(61): Flarum\Http\Middleware\SetLocale->process(Object(Laminas\Diactoros\ServerRequest), Object(Laminas\Stratigility\Next))
#26 /home/forum/www/vendor/flarum/core/src/Http/Middleware/CheckCsrfToken.php(31): Laminas\Stratigility\Next->handle(Object(Laminas\Diactoros\ServerRequest))
#27 /home/forum/www/vendor/laminas/laminas-stratigility/src/Next.php(61): Flarum\Http\Middleware\CheckCsrfToken->process(Object(Laminas\Diactoros\ServerRequest), Object(Laminas\Stratigility\Next))
#28 /home/forum/www/vendor/flarum/core/src/Http/Middleware/AuthenticateWithHeader.php(55): Laminas\Stratigility\Next->handle(Object(Laminas\Diactoros\ServerRequest))
#29 /home/forum/www/vendor/laminas/laminas-stratigility/src/Next.php(61): Flarum\Http\Middleware\AuthenticateWithHeader->process(Object(Laminas\Diactoros\ServerRequest), Object(Laminas\Stratigility\Next))
#30 /home/forum/www/vendor/flarum/core/src/Http/Middleware/AuthenticateWithSession.php(32): Laminas\Stratigility\Next->handle(Object(Laminas\Diactoros\ServerRequest))
#31 /home/forum/www/vendor/laminas/laminas-stratigility/src/Next.php(61): Flarum\Http\Middleware\AuthenticateWithSession->process(Object(Laminas\Diactoros\ServerRequest), Object(Laminas\Stratigility\Next))
#32 /home/forum/www/vendor/flarum/core/src/Http/Middleware/RememberFromCookie.php(51): Laminas\Stratigility\Next->handle(Object(Laminas\Diactoros\ServerRequest))
#33 /home/forum/www/vendor/laminas/laminas-stratigility/src/Next.php(61): Flarum\Http\Middleware\RememberFromCookie->process(Object(Laminas\Diactoros\ServerRequest), Object(Laminas\Stratigility\Next))
#34 /home/forum/www/vendor/flarum/core/src/Http/Middleware/StartSession.php(61): Laminas\Stratigility\Next->handle(Object(Laminas\Diactoros\ServerRequest))
#35 /home/forum/www/vendor/laminas/laminas-stratigility/src/Next.php(61): Flarum\Http\Middleware\StartSession->process(Object(Laminas\Diactoros\ServerRequest), Object(Laminas\Stratigility\Next))
#36 /home/forum/www/vendor/flarum/core/src/Api/Middleware/FakeHttpMethods.php(29): Laminas\Stratigility\Next->handle(Object(Laminas\Diactoros\ServerRequest))
#37 /home/forum/www/vendor/laminas/laminas-stratigility/src/Next.php(61): Flarum\Api\Middleware\FakeHttpMethods->process(Object(Laminas\Diactoros\ServerRequest), Object(Laminas\Stratigility\Next))
#38 /home/forum/www/vendor/flarum/core/src/Http/Middleware/ParseJsonBody.php(28): Laminas\Stratigility\Next->handle(Object(Laminas\Diactoros\ServerRequest))
#39 /home/forum/www/vendor/laminas/laminas-stratigility/src/Next.php(61): Flarum\Http\Middleware\ParseJsonBody->process(Object(Laminas\Diactoros\ServerRequest), Object(Laminas\Stratigility\Next))
#40 /home/forum/www/vendor/flarum/core/src/Http/Middleware/HandleErrors.php(57): Laminas\Stratigility\Next->handle(Object(Laminas\Diactoros\ServerRequest))
#41 /home/forum/www/vendor/laminas/laminas-stratigility/src/Next.php(61): Flarum\Http\Middleware\HandleErrors->process(Object(Laminas\Diactoros\ServerRequest), Object(Laminas\Stratigility\Next))
#42 /home/forum/www/vendor/laminas/laminas-stratigility/src/MiddlewarePipe.php(84): Laminas\Stratigility\Next->handle(Object(Laminas\Diactoros\ServerRequest))
#43 /home/forum/www/vendor/middlewares/request-handler/src/RequestHandler.php(84): Laminas\Stratigility\MiddlewarePipe->process(Object(Laminas\Diactoros\ServerRequest), Object(Laminas\Stratigility\Next))
#44 /home/forum/www/vendor/laminas/laminas-stratigility/src/Next.php(61): Middlewares\RequestHandler->process(Object(Laminas\Diactoros\ServerRequest), Object(Laminas\Stratigility\Next))
#45 /home/forum/www/vendor/middlewares/base-path-router/src/BasePathRouter.php(97): Laminas\Stratigility\Next->handle(Object(Laminas\Diactoros\ServerRequest))
#46 /home/forum/www/vendor/laminas/laminas-stratigility/src/Next.php(61): Middlewares\BasePathRouter->process(Object(Laminas\Diactoros\ServerRequest), Object(Laminas\Stratigility\Next))
#47 /home/forum/www/vendor/laminas/laminas-stratigility/src/Middleware/OriginalMessages.php(42): Laminas\Stratigility\Next->handle(Object(Laminas\Diactoros\ServerRequest))
#48 /home/forum/www/vendor/laminas/laminas-stratigility/src/Next.php(61): Laminas\Stratigility\Middleware\OriginalMessages->process(Object(Laminas\Diactoros\ServerRequest), Object(Laminas\Stratigility\Next))
#49 /home/forum/www/vendor/middlewares/base-path/src/BasePath.php(53): Laminas\Stratigility\Next->handle(Object(Laminas\Diactoros\ServerRequest))
#50 /home/forum/www/vendor/laminas/laminas-stratigility/src/Next.php(61): Middlewares\BasePath->process(Object(Laminas\Diactoros\ServerRequest), Object(Laminas\Stratigility\Next))
#51 /home/forum/www/vendor/laminas/laminas-stratigility/src/MiddlewarePipe.php(84): Laminas\Stratigility\Next->handle(Object(Laminas\Diactoros\ServerRequest))
#52 /home/forum/www/vendor/laminas/laminas-stratigility/src/MiddlewarePipe.php(73): Laminas\Stratigility\MiddlewarePipe->process(Object(Laminas\Diactoros\ServerRequest), Object(Laminas\Stratigility\EmptyPipelineHandler))
#53 /home/forum/www/vendor/laminas/laminas-httphandlerrunner/src/RequestHandlerRunner.php(96): Laminas\Stratigility\MiddlewarePipe->handle(Object(Laminas\Diactoros\ServerRequest))
#54 /home/forum/www/vendor/flarum/core/src/Http/Server.php(42): Laminas\HttpHandlerRunner\RequestHandlerRunner->run()
#55 /home/forum/www/public/index.php(26): Flarum\Http\Server->listen()
#56 {main}  
[2020-04-02 09:26:28] production.ERROR: Swift_TransportException: Connection could not be established with host localhost :stream_socket_client(): unable to connect to ssl://localhost:465 (Network is unreachable) in /home/forum/www/vendor/swiftmailer/swiftmailer/lib/classes/Swift/Transport/StreamBuffer.php:269
Stack trace:
#0 [internal function]: Swift_Transport_StreamBuffer->{closure}(2, 'stream_socket_c...', '/home/forum/www...', 272, Array)
#1 /home/forum/www/vendor/swiftmailer/swiftmailer/lib/classes/Swift/Transport/StreamBuffer.php(272): stream_socket_client('ssl://localhost...', 101, 'Network is unre...', 30, 4, Resource id #148)
#2 /home/forum/www/vendor/swiftmailer/swiftmailer/lib/classes/Swift/Transport/StreamBuffer.php(58): Swift_Transport_StreamBuffer->establishSocketConnection()
#3 /home/forum/www/vendor/swiftmailer/swiftmailer/lib/classes/Swift/Transport/AbstractSmtpTransport.php(143): Swift_Transport_StreamBuffer->initialize(Array)
#4 /home/forum/www/vendor/swiftmailer/swiftmailer/lib/classes/Swift/Mailer.php(65): Swift_Transport_AbstractSmtpTransport->start()
#5 /home/forum/www/vendor/illuminate/mail/Mailer.php(483): Swift_Mailer->send(Object(Swift_Message), Array)
#6 /home/forum/www/vendor/illuminate/mail/Mailer.php(259): Illuminate\Mail\Mailer->sendSwiftMessage(Object(Swift_Message))
#7 /home/forum/www/vendor/illuminate/mail/Mailer.php(183): Illuminate\Mail\Mailer->send(NULL, Array, Object(Closure))
#8 /home/forum/www/vendor/flarum/core/src/User/Command/RequestPasswordResetHandler.php(117): Illuminate\Mail\Mailer->raw('Hey matteocappe...', Object(Closure))
#9 /home/forum/www/vendor/illuminate/bus/Dispatcher.php(90): Flarum\User\Command\RequestPasswordResetHandler->handle(Object(Flarum\User\Command\RequestPasswordReset))
#10 /home/forum/www/vendor/illuminate/pipeline/Pipeline.php(128): Illuminate\Bus\Dispatcher->Illuminate\Bus\{closure}(Object(Flarum\User\Command\RequestPasswordReset))
#11 /home/forum/www/vendor/illuminate/pipeline/Pipeline.php(104): Illuminate\Pipeline\Pipeline->Illuminate\Pipeline\{closure}(Object(Flarum\User\Command\RequestPasswordReset))
#12 /home/forum/www/vendor/illuminate/bus/Dispatcher.php(98): Illuminate\Pipeline\Pipeline->then(Object(Closure))
#13 /home/forum/www/vendor/illuminate/bus/Dispatcher.php(76): Illuminate\Bus\Dispatcher->dispatchNow(Object(Flarum\User\Command\RequestPasswordReset))
#14 /home/forum/www/vendor/flarum/core/src/Api/Controller/ForgotPasswordController.php(51): Illuminate\Bus\Dispatcher->dispatch(Object(Flarum\User\Command\RequestPasswordReset))
#15 /home/forum/www/vendor/flarum/core/src/Http/RouteHandlerFactory.php(38): Flarum\Api\Controller\ForgotPasswordController->handle(Object(Laminas\Diactoros\ServerRequest))
#16 /home/forum/www/vendor/flarum/core/src/Http/Middleware/DispatchRoute.php(65): Flarum\Http\RouteHandlerFactory->Flarum\Http\{closure}(Object(Laminas\Diactoros\ServerRequest), Array)
#17 /home/forum/www/vendor/laminas/laminas-stratigility/src/Next.php(61): Flarum\Http\Middleware\DispatchRoute->process(Object(Laminas\Diactoros\ServerRequest), Object(Closure))
#18 /home/forum/www/vendor/flarum/core/src/Http/Middleware/SetLocale.php(50): Laminas\Stratigility\Next->handle(Object(Laminas\Diactoros\ServerRequest))
#19 /home/forum/www/vendor/laminas/laminas-stratigility/src/Next.php(61): Flarum\Http\Middleware\SetLocale->process(Object(Laminas\Diactoros\ServerRequest), Object(Laminas\Stratigility\Next))
#20 /home/forum/www/vendor/flarum/core/src/Http/Middleware/CheckCsrfToken.php(31): Laminas\Stratigility\Next->handle(Object(Laminas\Diactoros\ServerRequest))
#21 /home/forum/www/vendor/laminas/laminas-stratigility/src/Next.php(61): Flarum\Http\Middleware\CheckCsrfToken->process(Object(Laminas\Diactoros\ServerRequest), Object(Laminas\Stratigility\Next))
#22 /home/forum/www/vendor/flarum/core/src/Http/Middleware/AuthenticateWithHeader.php(55): Laminas\Stratigility\Next->handle(Object(Laminas\Diactoros\ServerRequest))
#23 /home/forum/www/vendor/laminas/laminas-stratigility/src/Next.php(61): Flarum\Http\Middleware\AuthenticateWithHeader->process(Object(Laminas\Diactoros\ServerRequest), Object(Laminas\Stratigility\Next))
#24 /home/forum/www/vendor/flarum/core/src/Http/Middleware/AuthenticateWithSession.php(32): Laminas\Stratigility\Next->handle(Object(Laminas\Diactoros\ServerRequest))
#25 /home/forum/www/vendor/laminas/laminas-stratigility/src/Next.php(61): Flarum\Http\Middleware\AuthenticateWithSession->process(Object(Laminas\Diactoros\ServerRequest), Object(Laminas\Stratigility\Next))
#26 /home/forum/www/vendor/flarum/core/src/Http/Middleware/RememberFromCookie.php(51): Laminas\Stratigility\Next->handle(Object(Laminas\Diactoros\ServerRequest))
#27 /home/forum/www/vendor/laminas/laminas-stratigility/src/Next.php(61): Flarum\Http\Middleware\RememberFromCookie->process(Object(Laminas\Diactoros\ServerRequest), Object(Laminas\Stratigility\Next))
#28 /home/forum/www/vendor/flarum/core/src/Http/Middleware/StartSession.php(61): Laminas\Stratigility\Next->handle(Object(Laminas\Diactoros\ServerRequest))
#29 /home/forum/www/vendor/laminas/laminas-stratigility/src/Next.php(61): Flarum\Http\Middleware\StartSession->process(Object(Laminas\Diactoros\ServerRequest), Object(Laminas\Stratigility\Next))
#30 /home/forum/www/vendor/flarum/core/src/Api/Middleware/FakeHttpMethods.php(29): Laminas\Stratigility\Next->handle(Object(Laminas\Diactoros\ServerRequest))
#31 /home/forum/www/vendor/laminas/laminas-stratigility/src/Next.php(61): Flarum\Api\Middleware\FakeHttpMethods->process(Object(Laminas\Diactoros\ServerRequest), Object(Laminas\Stratigility\Next))
#32 /home/forum/www/vendor/flarum/core/src/Http/Middleware/ParseJsonBody.php(28): Laminas\Stratigility\Next->handle(Object(Laminas\Diactoros\ServerRequest))
#33 /home/forum/www/vendor/laminas/laminas-stratigility/src/Next.php(61): Flarum\Http\Middleware\ParseJsonBody->process(Object(Laminas\Diactoros\ServerRequest), Object(Laminas\Stratigility\Next))
#34 /home/forum/www/vendor/flarum/core/src/Http/Middleware/HandleErrors.php(57): Laminas\Stratigility\Next->handle(Object(Laminas\Diactoros\ServerRequest))
#35 /home/forum/www/vendor/laminas/laminas-stratigility/src/Next.php(61): Flarum\Http\Middleware\HandleErrors->process(Object(Laminas\Diactoros\ServerRequest), Object(Laminas\Stratigility\Next))
#36 /home/forum/www/vendor/laminas/laminas-stratigility/src/MiddlewarePipe.php(84): Laminas\Stratigility\Next->handle(Object(Laminas\Diactoros\ServerRequest))
#37 /home/forum/www/vendor/middlewares/request-handler/src/RequestHandler.php(84): Laminas\Stratigility\MiddlewarePipe->process(Object(Laminas\Diactoros\ServerRequest), Object(Laminas\Stratigility\Next))
#38 /home/forum/www/vendor/laminas/laminas-stratigility/src/Next.php(61): Middlewares\RequestHandler->process(Object(Laminas\Diactoros\ServerRequest), Object(Laminas\Stratigility\Next))
#39 /home/forum/www/vendor/middlewares/base-path-router/src/BasePathRouter.php(97): Laminas\Stratigility\Next->handle(Object(Laminas\Diactoros\ServerRequest))
#40 /home/forum/www/vendor/laminas/laminas-stratigility/src/Next.php(61): Middlewares\BasePathRouter->process(Object(Laminas\Diactoros\ServerRequest), Object(Laminas\Stratigility\Next))
#41 /home/forum/www/vendor/laminas/laminas-stratigility/src/Middleware/OriginalMessages.php(42): Laminas\Stratigility\Next->handle(Object(Laminas\Diactoros\ServerRequest))
#42 /home/forum/www/vendor/laminas/laminas-stratigility/src/Next.php(61): Laminas\Stratigility\Middleware\OriginalMessages->process(Object(Laminas\Diactoros\ServerRequest), Object(Laminas\Stratigility\Next))
#43 /home/forum/www/vendor/middlewares/base-path/src/BasePath.php(53): Laminas\Stratigility\Next->handle(Object(Laminas\Diactoros\ServerRequest))
#44 /home/forum/www/vendor/laminas/laminas-stratigility/src/Next.php(61): Middlewares\BasePath->process(Object(Laminas\Diactoros\ServerRequest), Object(Laminas\Stratigility\Next))
#45 /home/forum/www/vendor/laminas/laminas-stratigility/src/MiddlewarePipe.php(84): Laminas\Stratigility\Next->handle(Object(Laminas\Diactoros\ServerRequest))
#46 /home/forum/www/vendor/laminas/laminas-stratigility/src/MiddlewarePipe.php(73): Laminas\Stratigility\MiddlewarePipe->process(Object(Laminas\Diactoros\ServerRequest), Object(Laminas\Stratigility\EmptyPipelineHandler))
#47 /home/forum/www/vendor/laminas/laminas-httphandlerrunner/src/RequestHandlerRunner.php(96): Laminas\Stratigility\MiddlewarePipe->handle(Object(Laminas\Diactoros\ServerRequest))
#48 /home/forum/www/vendor/flarum/core/src/Http/Server.php(42): Laminas\HttpHandlerRunner\RequestHandlerRunner->run()
#49 /home/forum/www/public/index.php(26): Flarum\Http\Server->listen()
#50 {main}  
